 *******************************************************************************
 *                                                                             *
 *                                 SCALE 6.2.1                                 *
 *                                -------------                                *
 *                                January 2017                                 *
 *                                                                             *
 *           SCALE:  A Comprehensive Modeling and Simulation Suite             *
 *                   for Nuclear Safety Analysis and Design                    *
 *                                                                             *
 *                      Reactor and Nuclear Systems Division                   *
 *                        Oak Ridge National Laboratory                        *
 *                                                                             *
 *                           http://scale.ornl.gov                             *
 *                            scalehelp@ornl.gov                               *
 *                                                                             *
 *******************************************************************************
 *******************************************************************************
      
                  Job Information
                  ---------------
      Job started on lindsayad-Inspiron-5437 on Tue 03/01/2017 16:49:32
      Working directory: /tmp/scale.lindsayad.8342
      Input file name  : /home/lindsayad/scale/C834MNYCP02/SCALE-6.2.1/lindsayad/input/newt1.inp
      Output file name : /home/lindsayad/scale/C834MNYCP02/SCALE-6.2.1/lindsayad/input/newt1.out
      SCALE executable : /home/lindsayad/scale/C834MNYCP02/SCALE-6.2.1/bin/scale
      
 *******************************************************************************
The following data cards precede an = card
      '#TestGrep# "k-eff [=]" ${OUTPUTFILENAME}
      '#TestGrep# -i "erro[r]" ${OUTPUTFILENAME} | ${GREP} -v "[W]arnings and [E]rrors"
      '#TestGrep# "SCALE is finishe[d]" ${OUTPUTFILENAME} | ${AWK} "{print $1,$2,$3}"
      '#TestGrep# "is finishe[d]\." ${OUTPUTFILENAME} | ${AWK} "{print $1,$2,$3,$4,$5,$6,$7}"


    module t-newt will be called on Tue Jan  3 16:49:34 2017.
    sequence specification record:=t-newt 
Input Data:

      2-D 1/4 pin-cell model with MOX fuel 
      v7-238
      read comp
      ' Fuel
      li-7 1 DEN=3.327 .0781 900 end
      f-19 1 DEN=3.327 .4519 900 end
      be-9 1 DEN=3.327 .0224 900 end
      th-232 1 DEN=3.327 .4331 900 end
      u-233 1 DEN=3.327.0145 900 end
      ' Moderator
      c-12 2 DEN=1.843 1 900 end
      end comp
      read model
      read parm
      height=396
      end parm
      read materials
        mix=2  pn=1  end
        mix=1  pn=1  end
      end materials
      read collapse 148r1 90r2 end collapse
      read geom
      global unit 10
      cylinder 11 2.08
      cuboid 12 5.73 -5.73 5.73 -5.73
      media 1 1 11
      media 2 1 12 -11
      boundary 12 5 5 
      end geom
      read bounds 
      all=refl
      end bounds
      end model
end




************************************************************************************************************************************
************************************************************************************************************************************
************************************************************************************************************************************
*****                                                                                                                          *****
*****                                             program verification information                                             *****
*****                                                                                                                          *****
*****                                            code system: SCALE   version: 6.2                                             *****
*****                                                                                                                          *****
************************************************************************************************************************************
************************************************************************************************************************************
*****                                                                                                                          *****
*****                                                                                                                          *****
*****                      program:  t-newt                                                                                    *****
*****                                                                                                                          *****
*****                      version:  6.2.1 (602001)                                                                            *****
*****                                                                                                                          *****
*****                     username:  lindsayad                                                                                 *****
*****                                                                                                                          *****
*****                     hostname:  lindsayad-Inspiron-5437                                                                   *****
*****                                                                                                                          *****
*****                                                                                                                          *****
*****            date of execution:  2017-01-03                                                                                *****
*****                                                                                                                          *****
*****            time of execution:  16:49:34                                                                                  *****
*****                                                                                                                          *****
************************************************************************************************************************************
************************************************************************************************************************************
************************************************************************************************************************************



------------------------------------------------------------------------------------------------------------------------------------

                          NEWT calculation started at 16:49:36 on  1/03/2017                              

------------------------------------------------------------------------------------------------------------------------------------



1         ***********************
          ***********************
          **  Control Options  **
          ***********************
          ***********************

 Run problem to completion/test input only          run=           yes
 Weighted cross-section collapse/do not collapse    collapse=      yes
 Source acceleration on/off                         accel=         yes
 Restart from earlier case/begin new case           restart=        no
 CMFD acceleration (0/1/2/3 = no/rect/yes/part)     cmfd=          0
 Number of fine mesh base grid/coarse grid in X     xcmfd=           1
 Number of fine mesh base grid/coarse grid in Y     ycmfd=           1
 CMFD Multigroup solution only (no 2g)              cmfd2g=         no
 Create restart file upon completion                savrest=       yes
 Calculation type:                                  eigenvalue with specified height
 Critical Spectrum Method:                          B1
 Forward/adjoint solution                           forward=       yes

1         **********************
          **********************
          **  Output Options  **
          **********************
          **********************

 Print micro. cross-sections for problem nuclides   prtxsec=        no
 Print macro. cross-sections for mixtures           prtmxsec=       no
 Print balance table                                prtbalnc=       no
 Print mixing table                                 prtmxtab=       no
 Print postscript graphics file for fluxes          prtflux=        no
 Print postscript grid/mixture geometry graphics    drawit=         no
 Print broad-group fluxes                           prtbroad=       no
 Echo convergence tracking data to std. output      echo=           no

1         ***************************
          ***************************
          ** I/O Unit Assignments  **
          ***************************
          ***************************

 Unit no. for mixing table                          mixtab=         92
 Unit no. of working library                        xnlib=           4
 Unit no. for weighted broad-group library          wtdlib=         30
 Unit no. for homogenized macroscopic x-sect. lib.  hmoglib=        13

1         *************************
          *************************
          ** Convergence Control **
          *************************
          *************************

 Quadrature order                                   sn=              6
 Maximum no. of inner itrs./outer/energy group      inners=          5
 Maximum no. of outer energy groups                 outers=          250
 Performing thermal group subouter iterations       therm=         yes
 Maximum no. of thermal group subouter itrs./outer  suboutrs=        2
 Convergence criterion on inner iterations          epsinner= 1.00E-04
 Convergence criterion on subouter iterations       epsthrm=  1.00E-04
 Convergence criterion on outer iterations          epsouter= 1.00E-04
 Convergence criterion on eigenvalue                epseigen= 1.00E-04
 First guess for eigenvalue (k-eff)                 kguess=       1.000

1         *****************************
          *****************************
          ** Geometry Specifications **
          *****************************
          *****************************

 Left side x-coordinate                             xmin= -5.73000E+00
 Right side x-coordinate                            xmax=  5.73000E+00
 Bottom side y-coordinate                           ymin= -5.73000E+00
 Top side y-coordinate                              ymax=  5.73000E+00
 Number of subdivisions in x direction              nx=              5
 Number of subdivisions in y direction              ny=              5
 Axial (z) height (buckling correction)             dz=           3.960000E+02
 Buckling correction factor (for extrap. length)    bf=           1.420892E+00

 Boundary Conditions (0/1/2/3=vacuum/reflective/white/periodic):
 Left (West)          wbc=         1
 Right (East)         ebc=         1
 Bottom (South)       sbc=         1
 Top (North)          nbc=         1

  Body Characteristics.  Rotation angle in degrees counterclockwise.
  Size parameters. cyl: A=radius, B=no. of sides. cub: A=width, B=height. hex: A(B)=major(minor) radius.
  Body  Input  Zone    Subdiv      --Center--      Size Parameters   Rotation   Chord
  Type  Unit   Number  nx  ny      x        y        A        B      Angle      Information
  ----  -----  -----  --- ---   ------   ------    -----    ------   --------   -----------
 cub    10     1       5   5    0.000    0.000   11.460   11.460    0.000
 cyl    10     2       0   0    0.000    0.000    2.080   12.000    0.000

1         *****************************
          *****************************
          ** Material Specifications **
          *****************************
          *****************************

 Mat'l No.   SCALE ID   Pn order   External source ID   Description (if any)
    1          2           1               0           
    2          1           1               0           

1         ************************
          ************************
          ** Derived Parameters **
          ************************
          ************************

 Total number of energy groups                      numen=         238
 Number of broad groups in collapsed set            nbroad=          2
 Number of neutron groups                           igm=           238
 Number of gamma groups                             ipm=             0
 First thermal energy group                         iftg=          149
 Mixing table length                                nmix=             6
 Number of mixtures created                         nummat=          3
 Number of computational cells                      numcells=       33
 Number of computational surfaces (sides)           numlines=       88
 Combine small grid cells together                  combine=no
 Average number of sides/cell                       avnosides=     4.73
 Minimum number of sides/cell                       mnnosides=       3
 Maximum number of sides/cell                       mxnosides=       7
 Number of angles in quadrature set                 ndir=           24
 Maximum order of Legendre scattering               maxpn=           1
 Number of flux moments                             nmom             3

1         *****************************
          *****************************
          ** Energy Group Structures **
          *****************************
          *****************************

 Energy   Energy      Lethargy   Broad           Energy   Energy      Lethargy   Broad
 Group  Boundaries   Boundaries  Group           Group  Boundaries   Boundaries  Group
  No.      (eV)                   No.             No.      (eV)                   No. 
   1   2.00000E+07 -6.93147E-01    1              120   2.10000E+01  1.30736E+01     
   2   1.73330E+07 -5.50027E-01                   121   2.00000E+01  1.31224E+01     
   3   1.56830E+07 -4.49992E-01                   122   1.90000E+01  1.31737E+01     
   4   1.45500E+07 -3.75006E-01                   123   1.85000E+01  1.32003E+01     
   5   1.38400E+07 -3.24978E-01                   124   1.70000E+01  1.32849E+01     
   6   1.28400E+07 -2.49980E-01                   125   1.60000E+01  1.33455E+01     
   7   1.00000E+07  0.00000E+00                   126   1.50999E+01  1.34034E+01     
   8   8.18730E+06  2.00001E-01                   127   1.44000E+01  1.34509E+01     
   9   6.43400E+06  4.40989E-01                   128   1.37500E+01  1.34971E+01     
  10   4.80000E+06  7.33969E-01                   129   1.29000E+01  1.35609E+01     
  11   4.30400E+06  8.43040E-01                   130   1.19000E+01  1.36416E+01     
  12   3.00000E+06  1.20397E+00                   131   1.15000E+01  1.36757E+01     
  13   2.47900E+06  1.39473E+00                   132   1.00000E+01  1.38155E+01     
  14   2.35400E+06  1.44647E+00                   133   9.09999E+00  1.39098E+01     
  15   1.85000E+06  1.68740E+00                   134   8.09999E+00  1.40262E+01     
  16   1.50000E+06  1.89712E+00                   135   7.15000E+00  1.41510E+01     
  17   1.40000E+06  1.96611E+00                   136   7.00000E+00  1.41722E+01     
  18   1.35600E+06  1.99805E+00                   137   6.75000E+00  1.42086E+01     
  19   1.31700E+06  2.02723E+00                   138   6.50000E+00  1.42463E+01     
  20   1.25000E+06  2.07944E+00                   139   6.25000E+00  1.42855E+01     
  21   1.20000E+06  2.12026E+00                   140   6.00000E+00  1.43263E+01     
  22   1.10000E+06  2.20727E+00                   141   5.40000E+00  1.44317E+01     
  23   1.01000E+06  2.29263E+00                   142   5.00000E+00  1.45087E+01     
  24   9.20000E+05  2.38597E+00                   143   4.75000E+00  1.45600E+01     
  25   9.00000E+05  2.40795E+00                   144   4.00000E+00  1.47318E+01     
  26   8.75000E+05  2.43612E+00                   145   3.73000E+00  1.48017E+01     
  27   8.61100E+05  2.45213E+00                   146   3.50000E+00  1.48653E+01     
  28   8.20000E+05  2.50104E+00                   147   3.15000E+00  1.49707E+01     
  29   7.50000E+05  2.59027E+00                   148   3.04999E+00  1.50030E+01     
  30   6.79000E+05  2.68972E+00                   149   3.00000E+00  1.50195E+01    2
  31   6.70000E+05  2.70306E+00                   150   2.96999E+00  1.50295E+01     
  32   6.00000E+05  2.81341E+00                   151   2.87000E+00  1.50638E+01     
  33   5.73000E+05  2.85945E+00                   152   2.77000E+00  1.50992E+01     
  34   5.50000E+05  2.90042E+00                   153   2.66999E+00  1.51360E+01     
  35   4.99520E+05  2.99669E+00                   154   2.57000E+00  1.51742E+01     
  36   4.70000E+05  3.05761E+00                   155   2.46999E+00  1.52139E+01     
  37   4.40000E+05  3.12357E+00                   156   2.37999E+00  1.52510E+01     
  38   4.20000E+05  3.17009E+00                   157   2.29999E+00  1.52852E+01     
  39   4.00000E+05  3.21888E+00                   158   2.20999E+00  1.53251E+01     
  40   3.30000E+05  3.41125E+00                   159   2.12000E+00  1.53667E+01     
  41   2.70000E+05  3.61192E+00                   160   2.00000E+00  1.54249E+01     
  42   2.00000E+05  3.91202E+00                   161   1.94000E+00  1.54554E+01     
  43   1.50000E+05  4.19971E+00                   162   1.86000E+00  1.54975E+01     
  44   1.28300E+05  4.35597E+00                   163   1.77000E+00  1.55471E+01     
  45   1.00000E+05  4.60517E+00                   164   1.67999E+00  1.55993E+01     
  46   8.50000E+04  4.76769E+00                   165   1.58999E+00  1.56544E+01     
  47   8.20000E+04  4.80362E+00                   166   1.50000E+00  1.57126E+01     
  48   7.50000E+04  4.89285E+00                   167   1.45000E+00  1.57465E+01     
  49   7.30000E+04  4.91988E+00                   168   1.40000E+00  1.57816E+01     
  50   6.00000E+04  5.11600E+00                   169   1.34999E+00  1.58180E+01     
  51   5.20000E+04  5.25910E+00                   170   1.29999E+00  1.58557E+01     
  52   5.00000E+04  5.29832E+00                   171   1.25000E+00  1.58950E+01     
  53   4.50000E+04  5.40368E+00                   172   1.22499E+00  1.59152E+01     
  54   3.00000E+04  5.80914E+00                   173   1.20000E+00  1.59358E+01     
  55   2.50000E+04  5.99146E+00                   174   1.17499E+00  1.59568E+01     
  56   1.70000E+04  6.37713E+00                   175   1.15000E+00  1.59783E+01     
  57   1.30000E+04  6.64539E+00                   176   1.13999E+00  1.59871E+01     
  58   9.50000E+03  6.95905E+00                   177   1.12999E+00  1.59959E+01     
  59   8.03000E+03  7.12716E+00                   178   1.12000E+00  1.60048E+01     
  60   6.00000E+03  7.41858E+00                   179   1.11000E+00  1.60137E+01     
  61   3.90000E+03  7.84936E+00                   180   1.09999E+00  1.60228E+01     
  62   3.74000E+03  7.89125E+00                   181   1.08999E+00  1.60319E+01     
  63   3.00000E+03  8.11173E+00                   182   1.08000E+00  1.60411E+01     
  64   2.58000E+03  8.26255E+00                   183   1.07000E+00  1.60504E+01     
  65   2.29000E+03  8.38179E+00                   184   1.05999E+00  1.60598E+01     
  66   2.20000E+03  8.42188E+00                   185   1.04999E+00  1.60693E+01     
  67   1.80000E+03  8.62255E+00                   186   1.04000E+00  1.60789E+01     
  68   1.55000E+03  8.77209E+00                   187   1.03000E+00  1.60885E+01     
  69   1.50000E+03  8.80488E+00                   188   1.02000E+00  1.60983E+01     
  70   1.15000E+03  9.07058E+00                   189   1.00999E+00  1.61082E+01     
  71   9.50000E+02  9.26163E+00                   190   1.00000E+00  1.61181E+01     
  72   6.83000E+02  9.59160E+00                   191   9.75000E-01  1.61434E+01     
  73   6.70000E+02  9.61082E+00                   192   9.50000E-01  1.61694E+01     
  74   5.50000E+02  9.80818E+00                   193   9.25000E-01  1.61961E+01     
  75   3.05000E+02  1.03978E+01                   194   9.00000E-01  1.62235E+01     
  76   2.85000E+02  1.04656E+01                   195   8.50000E-01  1.62806E+01     
  77   2.40000E+02  1.06375E+01                   196   8.00000E-01  1.63412E+01     
  78   2.10000E+02  1.07710E+01                   197   7.50000E-01  1.64058E+01     
  79   2.07500E+02  1.07830E+01                   198   7.00000E-01  1.64748E+01     
  80   1.92500E+02  1.08580E+01                   199   6.50000E-01  1.65489E+01     
  81   1.86000E+02  1.08923E+01                   200   6.25000E-01  1.65881E+01     
  82   1.22000E+02  1.13141E+01                   201   6.00000E-01  1.66289E+01     
  83   1.19000E+02  1.13390E+01                   202   5.50000E-01  1.67159E+01     
  84   1.15000E+02  1.13732E+01                   203   5.00000E-01  1.68112E+01     
  85   1.08000E+02  1.14360E+01                   204   4.50000E-01  1.69166E+01     
  86   1.00000E+02  1.15129E+01                   205   4.00000E-01  1.70344E+01     
  87   9.00000E+01  1.16183E+01                   206   3.75000E-01  1.70989E+01     
  88   8.20000E+01  1.17114E+01                   207   3.50000E-01  1.71679E+01     
  89   8.00000E+01  1.17361E+01                   208   3.25000E-01  1.72420E+01     
  90   7.60000E+01  1.17874E+01                   209   3.00000E-01  1.73221E+01     
  91   7.20000E+01  1.18414E+01                   210   2.75000E-01  1.74091E+01     
  92   6.75000E+01  1.19060E+01                   211   2.50000E-01  1.75044E+01     
  93   6.50000E+01  1.19437E+01                   212   2.25000E-01  1.76098E+01     
  94   6.10000E+01  1.20072E+01                   213   2.00000E-01  1.77275E+01     
  95   5.90000E+01  1.20406E+01                   214   1.75000E-01  1.78611E+01     
  96   5.34000E+01  1.21403E+01                   215   1.50000E-01  1.80152E+01     
  97   5.20000E+01  1.21669E+01                   216   1.25000E-01  1.81975E+01     
  98   5.06000E+01  1.21941E+01                   217   1.00000E-01  1.84207E+01     
  99   4.92000E+01  1.22222E+01                   218   9.00000E-02  1.85260E+01     
 100   4.83000E+01  1.22407E+01                   219   8.00000E-02  1.86438E+01     
 101   4.70000E+01  1.22679E+01                   220   7.00000E-02  1.87774E+01     
 102   4.52000E+01  1.23070E+01                   221   6.00000E-02  1.89315E+01     
 103   4.40000E+01  1.23339E+01                   222   5.00000E-02  1.91138E+01     
 104   4.24000E+01  1.23709E+01                   223   4.00000E-02  1.93370E+01     
 105   4.10000E+01  1.24045E+01                   224   3.00000E-02  1.96247E+01     
 106   3.96000E+01  1.24393E+01                   225   2.53000E-02  1.97950E+01     
 107   3.91000E+01  1.24520E+01                   226   1.00000E-02  2.07233E+01     
 108   3.80000E+01  1.24805E+01                   227   7.50000E-03  2.10109E+01     
 109   3.70000E+01  1.25072E+01                   228   5.00000E-03  2.14164E+01     
 110   3.55000E+01  1.25486E+01                   229   4.00000E-03  2.16396E+01     
 111   3.46000E+01  1.25742E+01                   230   3.00000E-03  2.19272E+01     
 112   3.37500E+01  1.25991E+01                   231   2.50000E-03  2.21096E+01     
 113   3.32500E+01  1.26140E+01                   232   2.00000E-03  2.23327E+01     
 114   3.17500E+01  1.26602E+01                   233   1.50000E-03  2.26204E+01     
 115   3.12500E+01  1.26761E+01                   234   1.20000E-03  2.28435E+01     
 116   3.00000E+01  1.27169E+01                   235   1.00000E-03  2.30259E+01     
 117   2.75000E+01  1.28039E+01                   236   7.50000E-04  2.33135E+01     
 118   2.50000E+01  1.28992E+01                   237   5.00000E-04  2.37190E+01     
 119   2.25000E+01  1.30046E+01                   238   1.00000E-04  2.53284E+01     
                                                  239   1.00000E-05  2.76310E+01    3

1         ***************************
          ***************************
          ** Quadrature Parameters **
          ***************************
          ***************************

 Quadrature angles and weights for first quadrant:
 (  6 angles/quadrant for S- 6 quadrature.)

 Angle No.    Mu                  Eta                Weight       Angle in x-y   Elevation
                                                                 plane (degrees) (degrees)
    1    2.30091940D-01      2.30091940D-01      4.23616400D-02       45.00        71.01
    2    6.88134320D-01      2.30091940D-01      4.09716925D-02       18.49        43.48
    3    9.45576760D-01      2.30091940D-01      4.23616400D-02       13.68        13.30
    4    2.30091940D-01      6.88134320D-01      4.09716925D-02       71.51        43.48
    5    6.88134320D-01      6.88134320D-01      4.09716925D-02       45.00        13.30
    6    2.30091940D-01      9.45576760D-01      4.23616400D-02       76.32        13.30


1         **********************************
          **********************************
          ** Quadrature Reflection Angles **
          **********************************
          **********************************
                (Angles are in degrees)

       12 primary   (incoming) angles on each side.
       12 reflected (outgoing) angles on each side.

  Side No. (slope)   Direction No. Primary angle (slope/elevation) Reflecting Angle (slope/elevation)

      1  (   0.00)       1             1  (  45.00/  71.01)           19  ( -45.00/  71.01)
                         2             2  (  18.49/  43.48)           20  ( -18.49/  43.48)
                         3             3  (  13.68/  13.30)           21  ( -13.68/  13.30)
                         4             4  (  71.51/  43.48)           22  ( -71.51/  43.48)
                         5             5  (  45.00/  13.30)           23  ( -45.00/  13.30)
                         6             6  (  76.32/  13.30)           24  ( -76.32/  13.30)
                         7             7  ( 135.00/  71.01)           13  (-135.00/  71.01)
                         8             8  ( 161.51/  43.48)           14  (-161.51/  43.48)
                         9             9  ( 166.32/  13.30)           15  (-166.32/  13.30)
                        10            10  ( 108.49/  43.48)           16  (-108.49/  43.48)
                        11            11  ( 135.00/  13.30)           17  (-135.00/  13.30)
                        12            12  ( 103.68/  13.30)           18  (-103.68/  13.30)

      2  ( -90.00)       1             1  (  45.00/  71.01)            7  ( 135.00/  71.01)
                         2             2  (  18.49/  43.48)            8  ( 161.51/  43.48)
                         3             3  (  13.68/  13.30)            9  ( 166.32/  13.30)
                         4             4  (  71.51/  43.48)           10  ( 108.49/  43.48)
                         5             5  (  45.00/  13.30)           11  ( 135.00/  13.30)
                         6             6  (  76.32/  13.30)           12  ( 103.68/  13.30)
                         7            19  ( -45.00/  71.01)           13  (-135.00/  71.01)
                         8            20  ( -18.49/  43.48)           14  (-161.51/  43.48)
                         9            21  ( -13.68/  13.30)           15  (-166.32/  13.30)
                        10            22  ( -71.51/  43.48)           16  (-108.49/  43.48)
                        11            23  ( -45.00/  13.30)           17  (-135.00/  13.30)
                        12            24  ( -76.32/  13.30)           18  (-103.68/  13.30)

      3  (  90.00)       1             7  ( 135.00/  71.01)            1  (  45.00/  71.01)
                         2             8  ( 161.51/  43.48)            2  (  18.49/  43.48)
                         3             9  ( 166.32/  13.30)            3  (  13.68/  13.30)
                         4            10  ( 108.49/  43.48)            4  (  71.51/  43.48)
                         5            11  ( 135.00/  13.30)            5  (  45.00/  13.30)
                         6            12  ( 103.68/  13.30)            6  (  76.32/  13.30)
                         7            13  (-135.00/  71.01)           19  ( -45.00/  71.01)
                         8            14  (-161.51/  43.48)           20  ( -18.49/  43.48)
                         9            15  (-166.32/  13.30)           21  ( -13.68/  13.30)
                        10            16  (-108.49/  43.48)           22  ( -71.51/  43.48)
                        11            17  (-135.00/  13.30)           23  ( -45.00/  13.30)
                        12            18  (-103.68/  13.30)           24  ( -76.32/  13.30)

      4  ( 180.00)       1            13  (-135.00/  71.01)            7  ( 135.00/  71.01)
                         2            14  (-161.51/  43.48)            8  ( 161.51/  43.48)
                         3            15  (-166.32/  13.30)            9  ( 166.32/  13.30)
                         4            16  (-108.49/  43.48)           10  ( 108.49/  43.48)
                         5            17  (-135.00/  13.30)           11  ( 135.00/  13.30)
                         6            18  (-103.68/  13.30)           12  ( 103.68/  13.30)
                         7            19  ( -45.00/  71.01)            1  (  45.00/  71.01)
                         8            20  ( -18.49/  43.48)            2  (  18.49/  43.48)
                         9            21  ( -13.68/  13.30)            3  (  13.68/  13.30)
                        10            22  ( -71.51/  43.48)            4  (  71.51/  43.48)
                        11            23  ( -45.00/  13.30)            5  (  45.00/  13.30)
                        12            24  ( -76.32/  13.30)            6  (  76.32/  13.30)





 Scattering constants for first quadrant
 ( 3 moments for p-1 scattering)
 Angle       ------- Moment No. -------
  No.       0             1             2
    1    1.00000E+00  3.98531E-01 -2.81804E-01
    2    1.00000E+00  1.19188E+00 -2.81804E-01
    3    1.00000E+00  1.63779E+00 -2.81804E-01
    4    1.00000E+00  3.98531E-01 -8.42789E-01
    5    1.00000E+00  1.19188E+00 -8.42789E-01
    6    1.00000E+00  3.98531E-01 -1.15809E+00


1         **************************
          **************************
          **** Mixture Volumes *****
          **************************
          **************************


  Mixture       Volume        Volume
    ID     (cc/unit length)  Fraction
     0       0.00000E+00      0.00000E+00
     2       1.17740E+02      8.96508E-01
     1       1.35918E+01      1.03492E-01
 Total       1.31332E+02      1.00000E+00


  Memory size of attenuation factors(MB)=      4.91



 =====================================================================================
   Outer iteration sweep begins.

 Outer  Eigen-  Eigenvalue Max Flux  Max Flux     Max Fuel  Max Fuel     Inners 
 It. #   value     Delta    Delta   Location(r,g)  Delta   Location(r,g) Cnvrged
 - - - - - - - - - - - - - - - - - - - - - - - - - - - - - - - - - - - - - - - - 
    1 1.00000   0.000E+00 8.938E+03 (   20,238)   1.000E+00 (   19,  0)    F
    2 0.64523   5.498E-01 4.407E+01 (    2,  1)   6.113E-01 (   20,  0)    F
    3 0.73923   1.272E-01 4.644E+01 (    4,  1)   7.475E-02 (   20,  0)    F
    4 0.87123   1.515E-01 1.039E+02 (    1,  1)   8.472E-02 (   20,  0)    F
    5 0.95955   9.204E-02 8.897E+00 (   17,  1)   4.916E-02 (   20,  0)    F
    6 1.01336   5.310E-02 9.071E+00 (   16,  1)   2.755E-02 (   20,  0)    F
    7 1.05204   3.677E-02 1.861E+02 (    1,  1)   1.873E-02 (   28,  0)    F
    8 1.08629   3.153E-02 8.896E+00 (    7,  1)   1.616E-02 (   26,  0)    F
    9 1.11911   2.933E-02 9.071E+00 (    7,  1)   1.506E-02 (   30,  0)    F
   10 1.15043   2.723E-02 1.848E+02 (    3,  1)   1.398E-02 (   30,  0)    F
   11 1.17971   2.481E-02 8.896E+00 (   16,  1)   1.273E-02 (   28,  0)    F
   12 1.20668   2.235E-02 9.071E+00 (    7,  1)   1.145E-02 (   26,  0)    F
   13 1.23138   2.006E-02 1.847E+02 (    2,  1)   1.026E-02 (   30,  0)    F
   14 1.25396   1.801E-02 8.896E+00 (    8,  1)   9.202E-03 (   26,  0)    F
   15 1.27460   1.619E-02 9.071E+00 (   16,  1)   8.266E-03 (   30,  0)    F
   16 1.29347   1.459E-02 1.847E+02 (    2,  1)   7.437E-03 (   28,  0)    F
   17 1.31070   1.315E-02 8.896E+00 (    8,  1)   6.700E-03 (   30,  0)    F
   18 1.32645   1.187E-02 9.071E+00 (    8,  1)   6.042E-03 (   28,  0)    F
   19 1.34082   1.072E-02 8.868E+00 (   22,  1)   5.453E-03 (   26,  0)    F
   20 1.35394   9.689E-03 8.499E-03 (   20,224)   4.925E-03 (   30,  0)    F
   21 1.36591   8.762E-03 7.634E-03 (   20,224)   4.451E-03 (   33,  0)    F
   22 1.37683   7.928E-03 6.865E-03 (   20,224)   4.025E-03 (   30,  0)    F
   23 1.38678   7.177E-03 6.181E-03 (   20,224)   3.642E-03 (   26,  0)    F
   24 1.39585   6.500E-03 5.571E-03 (   20,224)   3.297E-03 (   30,  0)    F
   25 1.40412   5.889E-03 5.025E-03 (   20,224)   2.986E-03 (   28,  0)    F
   26 1.41166   5.338E-03 4.537E-03 (   20,224)   2.705E-03 (   30,  0)    F
   27 1.41852   4.840E-03 4.099E-03 (   20,224)   2.452E-03 (   26,  0)    F
   28 1.42478   4.389E-03 3.706E-03 (   20,224)   2.223E-03 (   30,  0)    F
   29 1.43047   3.982E-03 3.352E-03 (   20,224)   2.017E-03 (   30,  0)    F
   30 1.43566   3.613E-03 3.034E-03 (   20,224)   1.829E-03 (   26,  0)    F
   31 1.44038   3.279E-03 2.747E-03 (   20,224)   1.660E-03 (   33,  0)    F
   32 1.44469   2.977E-03 2.489E-03 (   20,224)   1.507E-03 (   26,  0)    F
   33 1.44860   2.703E-03 2.255E-03 (   20,224)   1.368E-03 (   26,  0)    F
   34 1.45217   2.455E-03 2.042E-03 (    4,224)   1.242E-03 (   30,  0)    F
   35 1.45541   2.230E-03 1.854E-03 (   20,224)   1.128E-03 (   30,  0)    F
   36 1.45836   2.025E-03 1.682E-03 (   20,224)   1.024E-03 (   30,  0)    F
   37 1.46105   1.839E-03 1.524E-03 (   20,224)   9.302E-04 (   33,  0)    F
   38 1.46350   1.671E-03 1.383E-03 (   20,224)   8.452E-04 (   28,  0)    F
   39 1.46572   1.518E-03 1.255E-03 (   20,224)   7.678E-04 (   30,  0)    F
   40 1.46775   1.378E-03 1.139E-03 (   20,224)   6.969E-04 (   33,  0)    F
   41 1.46959   1.252E-03 1.035E-03 (   20,224)   6.330E-04 (   28,  0)    F
   42 1.47126   1.138E-03 9.396E-04 (   20,224)   5.754E-04 (   30,  0)    F
   43 1.47279   1.035E-03 8.536E-04 (   20,224)   5.232E-04 (   28,  0)    F
   44 1.47417   9.406E-04 7.754E-04 (   20,224)   4.754E-04 (   26,  0)    F
   45 1.47542   8.442E-04 7.039E-04 (   20,224)   4.324E-04 (   30,  0)    F
   46 1.47652   7.495E-04 6.390E-04 (   20,226)   3.932E-04 (   28,  0)    F
   47 1.47751   6.676E-04 5.823E-04 (   20,224)   3.598E-04 (   30,  0)    F
   48 1.47840   5.978E-04 5.301E-04 (   20,224)   3.310E-04 (   26,  0)    F
   49 1.47919   5.367E-04 4.808E-04 (   20,224)   3.051E-04 (   26,  0)    F
   50 1.47990   4.817E-04 4.388E-04 (   20,224)   2.811E-04 (   30,  0)    F
   51 1.48054   4.343E-04 4.015E-04 (   20,224)   2.604E-04 (   33,  0)    F
   52 1.48113   3.925E-04 3.675E-04 (   20,224)   2.417E-04 (   30,  0)    F
   53 1.48165   3.544E-04 3.384E-04 (   20,224)   2.243E-04 (   28,  0)    F
   54 1.48213   3.201E-04 3.117E-04 (   20,224)   2.083E-04 (   30,  0)    F
   55 1.48256   2.918E-04 2.872E-04 (   20,224)   1.954E-04 (   28,  0)    F
   56 1.48295   2.654E-04 2.653E-04 (   20,224)   1.826E-04 (   30,  0)    F
   57 1.48331   2.430E-04 2.457E-04 (   20,224)   1.719E-04 (   30,  0)    F
   58 1.48364   2.235E-04 2.288E-04 (   20,224)   1.624E-04 (   33,  0)    F
   59 1.48395   2.034E-04 2.134E-04 (   20,224)   1.517E-04 (   30,  0)    F
   60 1.48422   1.876E-04 1.982E-04 (   20,223)   1.443E-04 (   26,  0)    F
   61 1.48448   1.736E-04 1.860E-04 (   20,224)   1.371E-04 (   30,  0)    F
   62 1.48472   1.605E-04 1.749E-04 (   20,224)   1.302E-04 (   30,  0)    F
   63 1.48494   1.478E-04 1.647E-04 (   20,226)   1.233E-04 (   26,  0)    F
   64 1.48514   1.352E-04 1.550E-04 (   20,226)   1.162E-04 (   30,  0)    F
   65 1.48532   1.176E-04 1.452E-04 (   20,226)   1.046E-04 (   33,  0)    F
   66 1.48548   1.081E-04 1.367E-04 (   20,224)   1.015E-04 (   30,  0)    F
   67 1.48563   1.016E-04 1.286E-04 (   20,224)   9.878E-05 (   26,  0)    F
   68 1.48577   9.358E-05 1.202E-04 (   20,224)   9.340E-05 (   33,  0)    F
   69 1.48590   8.708E-05 1.130E-04 (   20,224)   8.751E-05 (   30,  0)    F
 k-eff =       1.48589508                                                                                     



   Four-Factor Estimate of k-infinity.  Fast/Thermal boundary:   0.6250 eV
      Fiss. neutrons/thermal abs. (eta):          1.646814
      Thermal utilization (f):                    0.969237
      Resonance Escape probability (p):           0.748122
      Fast-fission factor (epsilon):              1.246173
                                            --------------
      Infinite neutron multiplication             1.488076


   Alternate 3-Group Formulation Terms. 
   Fast/Res. boundary:   0.8210 MeV.  Res./Therm. boundary:   0.6250eV
      Fiss. neutrons/thermal abs. (eta):          1.646814
      Thermal utilization (f):                    0.969237
      Resonance Escape probability (p):           0.752623
      Fast Escape probability (pf):               0.994020
      Fast-fission factor (epsilon):              1.246173




 Critical Spectra Calculated with the B1 Method
 Input height of  3.96000E+02 gives a corresponding k-eff of  1.45375E+00
 Equivalent buckling is  6.17276E-05 1/cm**2.
 However, cross-sections were weighted with the system-average flux spectrum.

  Group   Upper      Critical   Inf.Med.   Critical   Inf.Med.  
   No    Energy(eV)   Flux       Flux      Adj.Flux   Adj.Flux  

     1  2.0000E+07  0.000E+00  0.000E+00  9.490E-04  9.677E-04
     2  1.7333E+07  1.310E-07  1.294E-07  1.464E-03  1.492E-03
     3  1.5683E+07  9.304E-07  9.194E-07  1.957E-03  1.994E-03
     4  1.4550E+07  1.907E-06  1.885E-06  2.854E-03  2.908E-03
     5  1.3840E+07  3.650E-06  3.608E-06  1.872E-03  1.908E-03
     6  1.2840E+07  1.912E-05  1.891E-05  5.509E-04  5.612E-04
     7  1.0000E+07  7.469E-05  7.383E-05  6.816E-04  6.940E-04
     8  8.1873E+06  2.832E-04  2.803E-04  6.229E-04  6.341E-04
     9  6.4340E+06  7.262E-04  7.185E-04  5.304E-04  5.391E-04
    10  4.8000E+06  1.147E-03  1.134E-03  1.442E-03  1.464E-03
    11  4.3040E+06  1.565E-03  1.546E-03  4.389E-04  4.448E-04
    12  3.0000E+06  2.604E-03  2.573E-03  8.291E-04  8.394E-04
    13  2.4790E+06  3.264E-03  3.226E-03  3.055E-03  3.093E-03
    14  2.3540E+06  3.954E-03  3.909E-03  6.566E-04  6.642E-04
    15  1.8500E+06  4.562E-03  4.511E-03  7.552E-04  7.631E-04
    16  1.5000E+06  4.789E-03  4.736E-03  2.297E-03  2.320E-03
    17  1.4000E+06  4.752E-03  4.700E-03  4.965E-03  5.012E-03
    18  1.3560E+06  4.735E-03  4.683E-03  5.434E-03  5.485E-03
    19  1.3170E+06  4.687E-03  4.636E-03  3.038E-03  3.066E-03
    20  1.2500E+06  4.688E-03  4.637E-03  3.886E-03  3.921E-03
    21  1.2000E+06  4.819E-03  4.767E-03  1.824E-03  1.840E-03
    22  1.1000E+06  4.884E-03  4.831E-03  1.860E-03  1.875E-03
    23  1.0100E+06  4.830E-03  4.778E-03  1.701E-03  1.716E-03
    24  9.2000E+05  4.799E-03  4.748E-03  7.227E-03  7.285E-03
    25  9.0000E+05  4.840E-03  4.789E-03  5.639E-03  5.684E-03
    26  8.7500E+05  4.825E-03  4.774E-03  9.921E-03  1.000E-02
    27  8.6110E+05  4.845E-03  4.794E-03  3.249E-03  3.274E-03
    28  8.2000E+05  4.867E-03  4.815E-03  1.781E-03  1.795E-03
    29  7.5000E+05  4.864E-03  4.814E-03  1.599E-03  1.611E-03
    30  6.7900E+05  4.833E-03  4.782E-03  1.192E-02  1.201E-02
    31  6.7000E+05  4.700E-03  4.651E-03  1.441E-03  1.452E-03
    32  6.0000E+05  4.665E-03  4.617E-03  3.456E-03  3.480E-03
    33  5.7300E+05  4.679E-03  4.630E-03  3.884E-03  3.912E-03
    34  5.5000E+05  4.558E-03  4.512E-03  1.653E-03  1.665E-03
    35  4.9952E+05  4.530E-03  4.484E-03  2.614E-03  2.631E-03
    36  4.7000E+05  4.384E-03  4.339E-03  2.414E-03  2.430E-03
    37  4.4000E+05  4.165E-03  4.122E-03  3.424E-03  3.446E-03
    38  4.2000E+05  4.150E-03  4.108E-03  3.265E-03  3.286E-03
    39  4.0000E+05  3.978E-03  3.938E-03  8.282E-04  8.334E-04
    40  3.3000E+05  3.659E-03  3.623E-03  7.942E-04  7.991E-04
    41  2.7000E+05  3.656E-03  3.620E-03  5.312E-04  5.344E-04
    42  2.0000E+05  3.885E-03  3.848E-03  5.544E-04  5.576E-04
    43  1.5000E+05  3.944E-03  3.907E-03  1.021E-03  1.027E-03
    44  1.2830E+05  3.688E-03  3.653E-03  6.407E-04  6.440E-04
    45  1.0000E+05  3.730E-03  3.695E-03  9.828E-04  9.878E-04
    46  8.5000E+04  4.124E-03  4.086E-03  4.446E-03  4.468E-03
    47  8.2000E+04  4.105E-03  4.067E-03  1.791E-03  1.799E-03
    48  7.5000E+04  4.020E-03  3.984E-03  5.912E-03  5.941E-03
    49  7.3000E+04  3.986E-03  3.951E-03  8.151E-04  8.190E-04
    50  6.0000E+04  3.912E-03  3.878E-03  1.118E-03  1.123E-03
    51  5.2000E+04  3.669E-03  3.637E-03  4.079E-03  4.098E-03
    52  5.0000E+04  3.606E-03  3.575E-03  1.519E-03  1.526E-03
    53  4.5000E+04  3.868E-03  3.835E-03  3.948E-04  3.966E-04
    54  3.0000E+04  3.661E-03  3.630E-03  8.793E-04  8.829E-04
    55  2.5000E+04  3.834E-03  3.804E-03  4.161E-04  4.177E-04
    56  1.7000E+04  3.796E-03  3.766E-03  5.991E-04  6.013E-04
    57  1.3000E+04  3.775E-03  3.747E-03  5.131E-04  5.148E-04
    58  9.5000E+03  3.761E-03  3.733E-03  9.586E-04  9.616E-04
    59  8.0300E+03  3.750E-03  3.723E-03  5.536E-04  5.552E-04
    60  6.0000E+03  3.730E-03  3.704E-03  3.751E-04  3.762E-04
    61  3.9000E+03  3.720E-03  3.695E-03  3.866E-03  3.876E-03
    62  3.7400E+03  3.712E-03  3.687E-03  7.350E-04  7.368E-04
    63  3.0000E+03  3.701E-03  3.677E-03  1.076E-03  1.078E-03
    64  2.5800E+03  3.694E-03  3.671E-03  1.362E-03  1.365E-03
    65  2.2900E+03  3.691E-03  3.668E-03  4.052E-03  4.061E-03
    66  2.2000E+03  3.683E-03  3.660E-03  8.105E-04  8.122E-04
    67  1.8000E+03  3.676E-03  3.653E-03  1.089E-03  1.092E-03
    68  1.5500E+03  3.665E-03  3.643E-03  4.971E-03  4.980E-03
    69  1.5000E+03  3.664E-03  3.642E-03  6.143E-04  6.154E-04
    70  1.1500E+03  3.649E-03  3.629E-03  8.560E-04  8.573E-04
    71  9.5000E+02  3.635E-03  3.615E-03  4.967E-04  4.974E-04
    72  6.8300E+02  3.601E-03  3.581E-03  8.541E-03  8.552E-03
    73  6.7000E+02  3.620E-03  3.600E-03  8.330E-04  8.339E-04
    74  5.5000E+02  3.594E-03  3.577E-03  2.795E-04  2.798E-04
    75  3.0500E+02  3.553E-03  3.536E-03  2.444E-03  2.446E-03
    76  2.8500E+02  3.559E-03  3.543E-03  9.663E-04  9.669E-04
    77  2.4000E+02  3.546E-03  3.530E-03  1.248E-03  1.248E-03
    78  2.1000E+02  3.545E-03  3.529E-03  1.396E-02  1.396E-02
    79  2.0750E+02  3.512E-03  3.496E-03  2.215E-03  2.216E-03
    80  1.9250E+02  3.536E-03  3.521E-03  4.861E-03  4.863E-03
    81  1.8600E+02  3.516E-03  3.502E-03  3.971E-04  3.972E-04
    82  1.2200E+02  3.392E-03  3.378E-03  6.628E-03  6.628E-03
    83  1.1900E+02  3.493E-03  3.479E-03  4.942E-03  4.942E-03
    84  1.1500E+02  3.442E-03  3.428E-03  2.672E-03  2.672E-03
    85  1.0800E+02  3.478E-03  3.464E-03  2.201E-03  2.201E-03
    86  1.0000E+02  3.471E-03  3.457E-03  1.606E-03  1.606E-03
    87  9.0000E+01  3.470E-03  3.456E-03  1.819E-03  1.819E-03
    88  8.2000E+01  3.467E-03  3.454E-03  6.860E-03  6.858E-03
    89  8.0000E+01  3.466E-03  3.453E-03  3.306E-03  3.305E-03
    90  7.6000E+01  3.455E-03  3.442E-03  3.140E-03  3.139E-03
    91  7.2000E+01  3.382E-03  3.369E-03  2.592E-03  2.591E-03
    92  6.7500E+01  3.438E-03  3.426E-03  4.522E-03  4.520E-03
    93  6.5000E+01  3.433E-03  3.421E-03  2.691E-03  2.690E-03
    94  6.1000E+01  3.308E-03  3.296E-03  4.998E-03  4.996E-03
    95  5.9000E+01  3.406E-03  3.394E-03  1.720E-03  1.720E-03
    96  5.3400E+01  3.407E-03  3.395E-03  6.457E-03  6.454E-03
    97  5.2000E+01  3.406E-03  3.394E-03  6.285E-03  6.282E-03
    98  5.0600E+01  3.404E-03  3.392E-03  6.114E-03  6.111E-03
    99  4.9200E+01  3.395E-03  3.383E-03  9.293E-03  9.288E-03
   100  4.8300E+01  3.404E-03  3.393E-03  6.287E-03  6.284E-03
   101  4.7000E+01  3.404E-03  3.393E-03  4.392E-03  4.390E-03
   102  4.5200E+01  3.403E-03  3.392E-03  6.375E-03  6.371E-03
   103  4.4000E+01  3.400E-03  3.389E-03  4.631E-03  4.628E-03
   104  4.2400E+01  3.402E-03  3.391E-03  5.107E-03  5.104E-03
   105  4.1000E+01  3.399E-03  3.388E-03  4.937E-03  4.934E-03
   106  3.9600E+01  3.399E-03  3.388E-03  1.350E-02  1.349E-02
   107  3.9100E+01  3.401E-03  3.390E-03  6.008E-03  6.004E-03
   108  3.8000E+01  3.398E-03  3.387E-03  6.432E-03  6.427E-03
   109  3.7000E+01  3.394E-03  3.383E-03  4.147E-03  4.143E-03
   110  3.5500E+01  3.393E-03  3.382E-03  6.686E-03  6.681E-03
   111  3.4600E+01  3.387E-03  3.377E-03  6.901E-03  6.895E-03
   112  3.3750E+01  3.390E-03  3.380E-03  1.149E-02  1.148E-02
   113  3.3250E+01  3.387E-03  3.377E-03  3.712E-03  3.709E-03
   114  3.1750E+01  3.389E-03  3.379E-03  1.079E-02  1.078E-02
   115  3.1250E+01  3.386E-03  3.376E-03  4.192E-03  4.188E-03
   116  3.0000E+01  3.382E-03  3.372E-03  1.969E-03  1.967E-03
   117  2.7500E+01  3.376E-03  3.366E-03  1.807E-03  1.805E-03
   118  2.5000E+01  3.253E-03  3.244E-03  1.611E-03  1.609E-03
   119  2.2500E+01  3.139E-03  3.130E-03  2.464E-03  2.462E-03
   120  2.1000E+01  3.256E-03  3.247E-03  3.614E-03  3.610E-03
   121  2.0000E+01  3.248E-03  3.239E-03  3.440E-03  3.437E-03
   122  1.9000E+01  3.230E-03  3.221E-03  6.621E-03  6.613E-03
   123  1.8500E+01  3.239E-03  3.231E-03  2.086E-03  2.083E-03
   124  1.7000E+01  3.227E-03  3.218E-03  2.912E-03  2.908E-03
   125  1.6000E+01  3.221E-03  3.213E-03  3.046E-03  3.042E-03
   126  1.5100E+01  3.237E-03  3.229E-03  3.712E-03  3.708E-03
   127  1.4400E+01  3.230E-03  3.222E-03  3.816E-03  3.811E-03
   128  1.3750E+01  3.218E-03  3.211E-03  2.763E-03  2.759E-03
   129  1.2900E+01  3.207E-03  3.200E-03  2.185E-03  2.182E-03
   130  1.1900E+01  3.217E-03  3.210E-03  5.148E-03  5.142E-03
   131  1.1500E+01  3.193E-03  3.186E-03  1.260E-03  1.259E-03
   132  1.0000E+01  3.192E-03  3.185E-03  1.864E-03  1.862E-03
   133  9.1000E+00  3.192E-03  3.186E-03  1.509E-03  1.507E-03
   134  8.1000E+00  3.190E-03  3.184E-03  1.408E-03  1.406E-03
   135  7.1500E+00  3.174E-03  3.168E-03  8.285E-03  8.273E-03
   136  7.0000E+00  3.121E-03  3.115E-03  4.840E-03  4.832E-03
   137  6.7500E+00  3.139E-03  3.133E-03  4.660E-03  4.653E-03
   138  6.5000E+00  3.158E-03  3.152E-03  4.478E-03  4.471E-03
   139  6.2500E+00  3.156E-03  3.151E-03  4.300E-03  4.294E-03
   140  6.0000E+00  3.151E-03  3.146E-03  1.665E-03  1.662E-03
   141  5.4000E+00  3.147E-03  3.142E-03  2.278E-03  2.275E-03
   142  5.0000E+00  3.138E-03  3.133E-03  3.419E-03  3.413E-03
   143  4.7500E+00  3.136E-03  3.131E-03  1.019E-03  1.018E-03
   144  4.0000E+00  3.129E-03  3.124E-03  2.505E-03  2.500E-03
   145  3.7300E+00  3.109E-03  3.105E-03  2.751E-03  2.746E-03
   146  3.5000E+00  3.113E-03  3.109E-03  1.661E-03  1.658E-03
   147  3.1500E+00  3.113E-03  3.109E-03  5.419E-03  5.409E-03
   148  3.0500E+00  3.111E-03  3.107E-03  1.058E-02  1.056E-02
   149  3.0000E+00  3.769E-03  3.764E-03  1.739E-02  1.736E-02
   150  2.9700E+00  3.633E-03  3.629E-03  5.106E-03  5.096E-03
   151  2.8700E+00  3.600E-03  3.595E-03  4.930E-03  4.921E-03
   152  2.7700E+00  3.618E-03  3.614E-03  4.754E-03  4.745E-03
   153  2.6700E+00  3.634E-03  3.630E-03  4.580E-03  4.571E-03
   154  2.5700E+00  3.621E-03  3.618E-03  4.403E-03  4.395E-03
   155  2.4700E+00  3.556E-03  3.552E-03  4.705E-03  4.695E-03
   156  2.3800E+00  3.430E-03  3.427E-03  5.102E-03  5.091E-03
   157  2.3000E+00  3.298E-03  3.295E-03  4.379E-03  4.370E-03
   158  2.2100E+00  3.166E-03  3.163E-03  4.212E-03  4.204E-03
   159  2.1200E+00  3.181E-03  3.178E-03  3.006E-03  3.000E-03
   160  2.0000E+00  3.214E-03  3.211E-03  5.751E-03  5.740E-03
   161  1.9400E+00  3.213E-03  3.211E-03  4.162E-03  4.153E-03
   162  1.8600E+00  3.195E-03  3.193E-03  3.535E-03  3.527E-03
   163  1.7700E+00  3.195E-03  3.193E-03  3.352E-03  3.345E-03
   164  1.6800E+00  3.219E-03  3.217E-03  3.167E-03  3.161E-03
   165  1.5900E+00  3.237E-03  3.235E-03  2.986E-03  2.981E-03
   166  1.5000E+00  3.248E-03  3.246E-03  5.125E-03  5.116E-03
   167  1.4500E+00  3.258E-03  3.256E-03  4.946E-03  4.937E-03
   168  1.4000E+00  3.271E-03  3.269E-03  4.767E-03  4.758E-03
   169  1.3500E+00  3.285E-03  3.284E-03  4.590E-03  4.582E-03
   170  1.3000E+00  3.302E-03  3.301E-03  4.413E-03  4.406E-03
   171  1.2500E+00  3.315E-03  3.314E-03  8.558E-03  8.543E-03
   172  1.2250E+00  3.325E-03  3.324E-03  8.388E-03  8.373E-03
   173  1.2000E+00  3.336E-03  3.335E-03  8.205E-03  8.191E-03
   174  1.1750E+00  3.348E-03  3.346E-03  8.036E-03  8.022E-03
   175  1.1500E+00  3.356E-03  3.355E-03  1.976E-02  1.972E-02
   176  1.1400E+00  3.361E-03  3.360E-03  1.960E-02  1.957E-02
   177  1.1300E+00  3.366E-03  3.365E-03  1.944E-02  1.941E-02
   178  1.1200E+00  3.372E-03  3.371E-03  1.925E-02  1.922E-02
   179  1.1100E+00  3.377E-03  3.376E-03  1.906E-02  1.902E-02
   180  1.1000E+00  3.383E-03  3.382E-03  1.890E-02  1.887E-02
   181  1.0900E+00  3.389E-03  3.388E-03  1.874E-02  1.871E-02
   182  1.0800E+00  3.395E-03  3.394E-03  1.855E-02  1.852E-02
   183  1.0700E+00  3.402E-03  3.401E-03  1.836E-02  1.833E-02
   184  1.0600E+00  3.408E-03  3.407E-03  1.820E-02  1.817E-02
   185  1.0500E+00  3.415E-03  3.414E-03  1.804E-02  1.801E-02
   186  1.0400E+00  3.422E-03  3.422E-03  1.785E-02  1.782E-02
   187  1.0300E+00  3.430E-03  3.429E-03  1.768E-02  1.765E-02
   188  1.0200E+00  3.438E-03  3.437E-03  1.749E-02  1.746E-02
   189  1.0100E+00  3.446E-03  3.445E-03  1.735E-02  1.732E-02
   190  1.0000E+00  3.462E-03  3.461E-03  6.810E-03  6.798E-03
   191  9.7500E-01  3.486E-03  3.486E-03  6.636E-03  6.624E-03
   192  9.5000E-01  3.514E-03  3.514E-03  6.462E-03  6.450E-03
   193  9.2500E-01  3.545E-03  3.545E-03  6.288E-03  6.277E-03
   194  9.0000E-01  3.605E-03  3.605E-03  3.013E-03  3.008E-03
   195  8.5000E-01  3.704E-03  3.705E-03  2.840E-03  2.835E-03
   196  8.0000E-01  3.841E-03  3.844E-03  2.667E-03  2.662E-03
   197  7.5000E-01  4.035E-03  4.039E-03  2.494E-03  2.489E-03
   198  7.0000E-01  4.312E-03  4.319E-03  2.321E-03  2.317E-03
   199  6.5000E-01  4.588E-03  4.598E-03  4.385E-03  4.376E-03
   200  6.2500E-01  4.828E-03  4.841E-03  4.212E-03  4.204E-03
   201  6.0000E-01  5.296E-03  5.314E-03  1.976E-03  1.972E-03
   202  5.5000E-01  6.127E-03  6.155E-03  1.803E-03  1.800E-03
   203  5.0000E-01  7.299E-03  7.340E-03  1.631E-03  1.627E-03
   204  4.5000E-01  8.907E-03  8.969E-03  1.458E-03  1.455E-03
   205  4.0000E-01  1.041E-02  1.049E-02  2.660E-03  2.655E-03
   206  3.7500E-01  1.162E-02  1.172E-02  2.488E-03  2.483E-03
   207  3.5000E-01  1.297E-02  1.309E-02  2.316E-03  2.311E-03
   208  3.2500E-01  1.443E-02  1.457E-02  2.144E-03  2.139E-03
   209  3.0000E-01  1.597E-02  1.612E-02  1.972E-03  1.967E-03
   210  2.7500E-01  1.751E-02  1.768E-02  1.799E-03  1.795E-03
   211  2.5000E-01  1.896E-02  1.915E-02  1.627E-03  1.623E-03
   212  2.2500E-01  2.016E-02  2.038E-02  1.455E-03  1.452E-03
   213  2.0000E-01  2.094E-02  2.117E-02  1.283E-03  1.280E-03
   214  1.7500E-01  2.106E-02  2.130E-02  1.111E-03  1.108E-03
   215  1.5000E-01  2.027E-02  2.050E-02  9.391E-04  9.368E-04
   216  1.2500E-01  1.837E-02  1.859E-02  7.673E-04  7.653E-04
   217  1.0000E-01  1.635E-02  1.654E-02  1.625E-03  1.621E-03
   218  9.0000E-02  1.477E-02  1.494E-02  1.454E-03  1.450E-03
   219  8.0000E-02  1.298E-02  1.313E-02  1.282E-03  1.279E-03
   220  7.0000E-02  1.100E-02  1.113E-02  1.111E-03  1.108E-03
   221  6.0000E-02  8.888E-03  8.993E-03  9.392E-04  9.366E-04
   222  5.0000E-02  6.710E-03  6.790E-03  7.674E-04  7.652E-04
   223  4.0000E-02  4.571E-03  4.626E-03  5.953E-04  5.935E-04
   224  3.0000E-02  3.138E-03  3.175E-03  1.005E-03  1.002E-03
   225  2.5300E-02  1.343E-03  1.359E-03  1.845E-04  1.839E-04
   226  1.0000E-02  3.999E-04  4.047E-04  5.953E-04  5.934E-04
   227  7.5000E-03  2.085E-04  2.110E-04  4.223E-04  4.210E-04
   228  5.0000E-03  1.114E-04  1.127E-04  7.674E-04  7.649E-04
   229  4.0000E-03  6.794E-05  6.876E-05  5.952E-04  5.933E-04
   230  3.0000E-03  4.247E-05  4.298E-05  9.391E-04  9.361E-04
   231  2.5000E-03  2.855E-05  2.889E-05  7.673E-04  7.648E-04
   232  2.0000E-03  1.731E-05  1.752E-05  5.951E-04  5.932E-04
   233  1.5000E-03  1.037E-05  1.050E-05  7.672E-04  7.647E-04
   234  1.2000E-03  6.917E-06  6.999E-06  9.390E-04  9.359E-04
   235  1.0000E-03  4.368E-06  4.420E-06  5.951E-04  5.931E-04
   236  7.5000E-04  2.217E-06  2.243E-06  4.222E-04  4.208E-04
   237  5.0000E-04  4.285E-07  4.336E-07  1.064E-04  1.060E-04
   238  1.0000E-04  1.137E-08  1.151E-08  7.434E-05  7.409E-05

 NOTE: Flux values above are per unit-lethargy.




  Collapsing cross-sections to specified  2-group format
 ******************************************************

  Creating library entitled: Cell-weighted cross-sections                                                                        


  Broad Group Parameters

  Group      Upper        Upper         Mid         Mid     Inv. Velocity   Fission
   No.    Energy (eV)   Lethargy    Energy (eV)   Lethargy      (s/cm)      Spectrum
     1    2.0000E+07  -6.9315E-01   0.0000E+00   7.1632E+00   5.2542E-08   1.0000E+00
     2    3.0000E+00   1.5019E+01   0.0000E+00   2.1325E+01   2.0016E-06   0.0000E+00
     3    1.0000E-05   2.7631E+01


  Cell Averaged Fluxes

  Mixture  Group  1      Group  2

     0    0.00000E+00   0.00000E+00
     2    1.57976E+00   1.45277E+00
     1    1.73512E+00   1.27408E+00
  Total   1.59584E+00   1.43428E+00



  Flux Disadvantage Factors (material/total flux)

  Mixture  Group  1      Group  2

     0    0.00000E+00   0.00000E+00
     2    9.89925E-01   1.01289E+00
     1    1.08728E+00   8.88310E-01
  Total   1.00000E+00   1.00000E+00



  Zone data

      Zone   Mix    Relative     Relative         Zone
       No.   No.      Flux     Fission Power     Volume
     -----------------------------------------------------------------
         1     2   5.01931E-01   0.00000E+00   1.17740E+02
         2     1   4.98069E-01   1.00000E+00   1.35918E+01



module xsproc is finished. completion code 0.
Sequence T-Newt is finished. completion code 0.

    SCALE is finished on Tue Jan  3 16:49:44 2017.
-------------------------- Summary --------------------------
t-newt finished. used 9.65 seconds.
SCALE driver required a maximum of 777.9 MiB of RAM.
------------------------ End Summary ------------------------

