 *******************************************************************************
 *                                                                             *
 *                                 SCALE 6.2.1                                 *
 *                                -------------                                *
 *                                January 2017                                 *
 *                                                                             *
 *           SCALE:  A Comprehensive Modeling and Simulation Suite             *
 *                   for Nuclear Safety Analysis and Design                    *
 *                                                                             *
 *                      Reactor and Nuclear Systems Division                   *
 *                        Oak Ridge National Laboratory                        *
 *                                                                             *
 *                           http://scale.ornl.gov                             *
 *                            scalehelp@ornl.gov                               *
 *                                                                             *
 *******************************************************************************
 *******************************************************************************
      
                  Job Information
                  ---------------
      Job started on lindsayad-Inspiron-5437 on Fri 06/01/2017 11:45:58
      Working directory: /tmp/scale.lindsayad.26553
      Input file name  : /home/lindsayad/scale/C834MNYCP02/SCALE-6.2.1/lindsayad/io/cammi_nominal/calc_buckling.inp
      Output file name : /home/lindsayad/scale/C834MNYCP02/SCALE-6.2.1/lindsayad/io/cammi_nominal/calc_buckling.out
      SCALE executable : /home/lindsayad/scale/C834MNYCP02/SCALE-6.2.1/bin/scale
      
 *******************************************************************************
The following data cards precede an = card
      '#TestGrep# "k-eff [=]" ${OUTPUTFILENAME}
      '#TestGrep# -i "erro[r]" ${OUTPUTFILENAME} | ${GREP} -v "[W]arnings and [E]rrors"
      '#TestGrep# "SCALE is finishe[d]" ${OUTPUTFILENAME} | ${AWK} "{print $1,$2,$3}"
      '#TestGrep# "is finishe[d]\." ${OUTPUTFILENAME} | ${AWK} "{print $1,$2,$3,$4,$5,$6,$7}"


    module t-newt will be called on Fri Jan  6 11:46:00 2017.
    sequence specification record:=t-newt
Input Data:

      MSBR
      v7-238
      read comp
      ' Fuel
      li-7 1 DEN=3.327 .0784 908 end
      li-6 1 DEN=3.327 3.36e-6 908 end
      f-19 1 DEN=3.327 .4536 908 end
      be-9 1 DEN=3.327 .0225 908 end
      th-232 1 DEN=3.327 .4347 908 end
      u-233 1 DEN=3.327 .0109 908 end
      ' Moderator
      c-12 2 DEN=1.843 1 908 end
      end comp
      
      read celldata
      latticecell squarepitch pitch=10.14 2 fueld=4.16 1 end
      end celldata
      
      read model
      read parm
      solntype=b1
      ' collapse=yes
      ' prtbroad=yes
      end parm
      
      read materials
        mix=2  pn=2  end
        mix=1  pn=1  end
      end materials
      
      read collapse 199r1 39r2 end collapse
      
      read geom
      global unit 10
      cylinder 11 2.08 origin x=5.07 y=5.07
      cuboid 12 10.14 0 10.14 0
      media 1 1 11
      media 2 1 12 -11
      boundary 12 30 30
      end geom
      
      read bounds
      all=refl
      end bounds
      
      end model
end




************************************************************************************************************************************
************************************************************************************************************************************
************************************************************************************************************************************
*****                                                                                                                          *****
*****                                             program verification information                                             *****
*****                                                                                                                          *****
*****                                            code system: SCALE   version: 6.2                                             *****
*****                                                                                                                          *****
************************************************************************************************************************************
************************************************************************************************************************************
*****                                                                                                                          *****
*****                                                                                                                          *****
*****                      program:  t-newt                                                                                    *****
*****                                                                                                                          *****
*****                      version:  6.2.1 (602001)                                                                            *****
*****                                                                                                                          *****
*****                     username:  lindsayad                                                                                 *****
*****                                                                                                                          *****
*****                     hostname:  lindsayad-Inspiron-5437                                                                   *****
*****                                                                                                                          *****
*****                                                                                                                          *****
*****            date of execution:  2017-01-06                                                                                *****
*****                                                                                                                          *****
*****            time of execution:  11:46:00                                                                                  *****
*****                                                                                                                          *****
************************************************************************************************************************************
************************************************************************************************************************************
************************************************************************************************************************************




 ' collapse=yes

 ' prtbroad=yes
------------------------------------------------------------------------------------------------------------------------------------

                          NEWT calculation started at 11:46: 3 on  1/06/2017                              

------------------------------------------------------------------------------------------------------------------------------------



1         ***********************
          ***********************
          **  Control Options  **
          ***********************
          ***********************

 Run problem to completion/test input only          run=           yes
 Weighted cross-section collapse/do not collapse    collapse=      yes
 Source acceleration on/off                         accel=         yes
 Restart from earlier case/begin new case           restart=        no
 CMFD acceleration (0/1/2/3 = no/rect/yes/part)     cmfd=          0
 Number of fine mesh base grid/coarse grid in X     xcmfd=           1
 Number of fine mesh base grid/coarse grid in Y     ycmfd=           1
 CMFD Multigroup solution only (no 2g)              cmfd2g=         no
 Create restart file upon completion                savrest=       yes
 Calculation type:                                  eigenvalue with B1              
 Critical Spectrum Method:                          B1
 Forward/adjoint solution                           forward=       yes

1         **********************
          **********************
          **  Output Options  **
          **********************
          **********************

 Print micro. cross-sections for problem nuclides   prtxsec=        no
 Print macro. cross-sections for mixtures           prtmxsec=       no
 Print balance table                                prtbalnc=       no
 Print mixing table                                 prtmxtab=       no
 Print postscript graphics file for fluxes          prtflux=        no
 Print postscript grid/mixture geometry graphics    drawit=         no
 Print broad-group fluxes                           prtbroad=       no
 Echo convergence tracking data to std. output      echo=           no

1         ***************************
          ***************************
          ** I/O Unit Assignments  **
          ***************************
          ***************************

 Unit no. for mixing table                          mixtab=         92
 Unit no. of working library                        xnlib=           4
 Unit no. for weighted broad-group library          wtdlib=         30
 Unit no. for homogenized macroscopic x-sect. lib.  hmoglib=        13

1         *************************
          *************************
          ** Convergence Control **
          *************************
          *************************

 Quadrature order                                   sn=              6
 Maximum no. of inner itrs./outer/energy group      inners=          5
 Maximum no. of outer energy groups                 outers=          250
 Performing thermal group subouter iterations       therm=         yes
 Maximum no. of thermal group subouter itrs./outer  suboutrs=        2
 Convergence criterion on inner iterations          epsinner= 1.00E-04
 Convergence criterion on subouter iterations       epsthrm=  1.00E-04
 Convergence criterion on outer iterations          epsouter= 1.00E-04
 Convergence criterion on eigenvalue                epseigen= 1.00E-04
 First guess for eigenvalue (k-eff)                 kguess=       1.000

1         *****************************
          *****************************
          ** Geometry Specifications **
          *****************************
          *****************************

 Left side x-coordinate                             xmin=  0.00000E+00
 Right side x-coordinate                            xmax=  1.01400E+01
 Bottom side y-coordinate                           ymin=  0.00000E+00
 Top side y-coordinate                              ymax=  1.01400E+01
 Number of subdivisions in x direction              nx=             30
 Number of subdivisions in y direction              ny=             30
 Axial buckling factor (B**2)                       b2=           0.000000E+00

 Boundary Conditions (0/1/2/3=vacuum/reflective/white/periodic):
 Left (West)          wbc=         1
 Right (East)         ebc=         1
 Bottom (South)       sbc=         1
 Top (North)          nbc=         1

  Body Characteristics.  Rotation angle in degrees counterclockwise.
  Size parameters. cyl: A=radius, B=no. of sides. cub: A=width, B=height. hex: A(B)=major(minor) radius.
  Body  Input  Zone    Subdiv      --Center--      Size Parameters   Rotation   Chord
  Type  Unit   Number  nx  ny      x        y        A        B      Angle      Information
  ----  -----  -----  --- ---   ------   ------    -----    ------   --------   -----------
 cub    10     1      30  30    5.070    5.070   10.140   10.140    0.000
 cyl    10     2       0   0    5.070    5.070    2.080   12.000    0.000

1         *****************************
          *****************************
          ** Material Specifications **
          *****************************
          *****************************

 Mat'l No.   SCALE ID   Pn order   External source ID   Description (if any)
    1          2           2               0           
    2          1           1               0           

1         ************************
          ************************
          ** Derived Parameters **
          ************************
          ************************

 Total number of energy groups                      numen=         238
 Number of broad groups in collapsed set            nbroad=          2
 Number of neutron groups                           igm=           238
 Number of gamma groups                             ipm=             0
 First thermal energy group                         iftg=          149
 Mixing table length                                nmix=             7
 Number of mixtures created                         nummat=          3
 Number of computational cells                      numcells=      952
 Number of computational surfaces (sides)           numlines=     1972
 Combine small grid cells together                  combine=no
 Average number of sides/cell                       avnosides=     4.02
 Minimum number of sides/cell                       mnnosides=       4
 Maximum number of sides/cell                       mxnosides=       6
 Number of angles in quadrature set                 ndir=           24
 Maximum order of Legendre scattering               maxpn=           2
 Number of flux moments                             nmom             6

1         *****************************
          *****************************
          ** Energy Group Structures **
          *****************************
          *****************************

 Energy   Energy      Lethargy   Broad           Energy   Energy      Lethargy   Broad
 Group  Boundaries   Boundaries  Group           Group  Boundaries   Boundaries  Group
  No.      (eV)                   No.             No.      (eV)                   No. 
   1   2.00000E+07 -6.93147E-01    1              120   2.10000E+01  1.30736E+01     
   2   1.73330E+07 -5.50027E-01                   121   2.00000E+01  1.31224E+01     
   3   1.56830E+07 -4.49992E-01                   122   1.90000E+01  1.31737E+01     
   4   1.45500E+07 -3.75006E-01                   123   1.85000E+01  1.32003E+01     
   5   1.38400E+07 -3.24978E-01                   124   1.70000E+01  1.32849E+01     
   6   1.28400E+07 -2.49980E-01                   125   1.60000E+01  1.33455E+01     
   7   1.00000E+07  0.00000E+00                   126   1.50999E+01  1.34034E+01     
   8   8.18730E+06  2.00001E-01                   127   1.44000E+01  1.34509E+01     
   9   6.43400E+06  4.40989E-01                   128   1.37500E+01  1.34971E+01     
  10   4.80000E+06  7.33969E-01                   129   1.29000E+01  1.35609E+01     
  11   4.30400E+06  8.43040E-01                   130   1.19000E+01  1.36416E+01     
  12   3.00000E+06  1.20397E+00                   131   1.15000E+01  1.36757E+01     
  13   2.47900E+06  1.39473E+00                   132   1.00000E+01  1.38155E+01     
  14   2.35400E+06  1.44647E+00                   133   9.09999E+00  1.39098E+01     
  15   1.85000E+06  1.68740E+00                   134   8.09999E+00  1.40262E+01     
  16   1.50000E+06  1.89712E+00                   135   7.15000E+00  1.41510E+01     
  17   1.40000E+06  1.96611E+00                   136   7.00000E+00  1.41722E+01     
  18   1.35600E+06  1.99805E+00                   137   6.75000E+00  1.42086E+01     
  19   1.31700E+06  2.02723E+00                   138   6.50000E+00  1.42463E+01     
  20   1.25000E+06  2.07944E+00                   139   6.25000E+00  1.42855E+01     
  21   1.20000E+06  2.12026E+00                   140   6.00000E+00  1.43263E+01     
  22   1.10000E+06  2.20727E+00                   141   5.40000E+00  1.44317E+01     
  23   1.01000E+06  2.29263E+00                   142   5.00000E+00  1.45087E+01     
  24   9.20000E+05  2.38597E+00                   143   4.75000E+00  1.45600E+01     
  25   9.00000E+05  2.40795E+00                   144   4.00000E+00  1.47318E+01     
  26   8.75000E+05  2.43612E+00                   145   3.73000E+00  1.48017E+01     
  27   8.61100E+05  2.45213E+00                   146   3.50000E+00  1.48653E+01     
  28   8.20000E+05  2.50104E+00                   147   3.15000E+00  1.49707E+01     
  29   7.50000E+05  2.59027E+00                   148   3.04999E+00  1.50030E+01     
  30   6.79000E+05  2.68972E+00                   149   3.00000E+00  1.50195E+01     
  31   6.70000E+05  2.70306E+00                   150   2.96999E+00  1.50295E+01     
  32   6.00000E+05  2.81341E+00                   151   2.87000E+00  1.50638E+01     
  33   5.73000E+05  2.85945E+00                   152   2.77000E+00  1.50992E+01     
  34   5.50000E+05  2.90042E+00                   153   2.66999E+00  1.51360E+01     
  35   4.99520E+05  2.99669E+00                   154   2.57000E+00  1.51742E+01     
  36   4.70000E+05  3.05761E+00                   155   2.46999E+00  1.52139E+01     
  37   4.40000E+05  3.12357E+00                   156   2.37999E+00  1.52510E+01     
  38   4.20000E+05  3.17009E+00                   157   2.29999E+00  1.52852E+01     
  39   4.00000E+05  3.21888E+00                   158   2.20999E+00  1.53251E+01     
  40   3.30000E+05  3.41125E+00                   159   2.12000E+00  1.53667E+01     
  41   2.70000E+05  3.61192E+00                   160   2.00000E+00  1.54249E+01     
  42   2.00000E+05  3.91202E+00                   161   1.94000E+00  1.54554E+01     
  43   1.50000E+05  4.19971E+00                   162   1.86000E+00  1.54975E+01     
  44   1.28300E+05  4.35597E+00                   163   1.77000E+00  1.55471E+01     
  45   1.00000E+05  4.60517E+00                   164   1.67999E+00  1.55993E+01     
  46   8.50000E+04  4.76769E+00                   165   1.58999E+00  1.56544E+01     
  47   8.20000E+04  4.80362E+00                   166   1.50000E+00  1.57126E+01     
  48   7.50000E+04  4.89285E+00                   167   1.45000E+00  1.57465E+01     
  49   7.30000E+04  4.91988E+00                   168   1.40000E+00  1.57816E+01     
  50   6.00000E+04  5.11600E+00                   169   1.34999E+00  1.58180E+01     
  51   5.20000E+04  5.25910E+00                   170   1.29999E+00  1.58557E+01     
  52   5.00000E+04  5.29832E+00                   171   1.25000E+00  1.58950E+01     
  53   4.50000E+04  5.40368E+00                   172   1.22499E+00  1.59152E+01     
  54   3.00000E+04  5.80914E+00                   173   1.20000E+00  1.59358E+01     
  55   2.50000E+04  5.99146E+00                   174   1.17499E+00  1.59568E+01     
  56   1.70000E+04  6.37713E+00                   175   1.15000E+00  1.59783E+01     
  57   1.30000E+04  6.64539E+00                   176   1.13999E+00  1.59871E+01     
  58   9.50000E+03  6.95905E+00                   177   1.12999E+00  1.59959E+01     
  59   8.03000E+03  7.12716E+00                   178   1.12000E+00  1.60048E+01     
  60   6.00000E+03  7.41858E+00                   179   1.11000E+00  1.60137E+01     
  61   3.90000E+03  7.84936E+00                   180   1.09999E+00  1.60228E+01     
  62   3.74000E+03  7.89125E+00                   181   1.08999E+00  1.60319E+01     
  63   3.00000E+03  8.11173E+00                   182   1.08000E+00  1.60411E+01     
  64   2.58000E+03  8.26255E+00                   183   1.07000E+00  1.60504E+01     
  65   2.29000E+03  8.38179E+00                   184   1.05999E+00  1.60598E+01     
  66   2.20000E+03  8.42188E+00                   185   1.04999E+00  1.60693E+01     
  67   1.80000E+03  8.62255E+00                   186   1.04000E+00  1.60789E+01     
  68   1.55000E+03  8.77209E+00                   187   1.03000E+00  1.60885E+01     
  69   1.50000E+03  8.80488E+00                   188   1.02000E+00  1.60983E+01     
  70   1.15000E+03  9.07058E+00                   189   1.00999E+00  1.61082E+01     
  71   9.50000E+02  9.26163E+00                   190   1.00000E+00  1.61181E+01     
  72   6.83000E+02  9.59160E+00                   191   9.75000E-01  1.61434E+01     
  73   6.70000E+02  9.61082E+00                   192   9.50000E-01  1.61694E+01     
  74   5.50000E+02  9.80818E+00                   193   9.25000E-01  1.61961E+01     
  75   3.05000E+02  1.03978E+01                   194   9.00000E-01  1.62235E+01     
  76   2.85000E+02  1.04656E+01                   195   8.50000E-01  1.62806E+01     
  77   2.40000E+02  1.06375E+01                   196   8.00000E-01  1.63412E+01     
  78   2.10000E+02  1.07710E+01                   197   7.50000E-01  1.64058E+01     
  79   2.07500E+02  1.07830E+01                   198   7.00000E-01  1.64748E+01     
  80   1.92500E+02  1.08580E+01                   199   6.50000E-01  1.65489E+01     
  81   1.86000E+02  1.08923E+01                   200   6.25000E-01  1.65881E+01    2
  82   1.22000E+02  1.13141E+01                   201   6.00000E-01  1.66289E+01     
  83   1.19000E+02  1.13390E+01                   202   5.50000E-01  1.67159E+01     
  84   1.15000E+02  1.13732E+01                   203   5.00000E-01  1.68112E+01     
  85   1.08000E+02  1.14360E+01                   204   4.50000E-01  1.69166E+01     
  86   1.00000E+02  1.15129E+01                   205   4.00000E-01  1.70344E+01     
  87   9.00000E+01  1.16183E+01                   206   3.75000E-01  1.70989E+01     
  88   8.20000E+01  1.17114E+01                   207   3.50000E-01  1.71679E+01     
  89   8.00000E+01  1.17361E+01                   208   3.25000E-01  1.72420E+01     
  90   7.60000E+01  1.17874E+01                   209   3.00000E-01  1.73221E+01     
  91   7.20000E+01  1.18414E+01                   210   2.75000E-01  1.74091E+01     
  92   6.75000E+01  1.19060E+01                   211   2.50000E-01  1.75044E+01     
  93   6.50000E+01  1.19437E+01                   212   2.25000E-01  1.76098E+01     
  94   6.10000E+01  1.20072E+01                   213   2.00000E-01  1.77275E+01     
  95   5.90000E+01  1.20406E+01                   214   1.75000E-01  1.78611E+01     
  96   5.34000E+01  1.21403E+01                   215   1.50000E-01  1.80152E+01     
  97   5.20000E+01  1.21669E+01                   216   1.25000E-01  1.81975E+01     
  98   5.06000E+01  1.21941E+01                   217   1.00000E-01  1.84207E+01     
  99   4.92000E+01  1.22222E+01                   218   9.00000E-02  1.85260E+01     
 100   4.83000E+01  1.22407E+01                   219   8.00000E-02  1.86438E+01     
 101   4.70000E+01  1.22679E+01                   220   7.00000E-02  1.87774E+01     
 102   4.52000E+01  1.23070E+01                   221   6.00000E-02  1.89315E+01     
 103   4.40000E+01  1.23339E+01                   222   5.00000E-02  1.91138E+01     
 104   4.24000E+01  1.23709E+01                   223   4.00000E-02  1.93370E+01     
 105   4.10000E+01  1.24045E+01                   224   3.00000E-02  1.96247E+01     
 106   3.96000E+01  1.24393E+01                   225   2.53000E-02  1.97950E+01     
 107   3.91000E+01  1.24520E+01                   226   1.00000E-02  2.07233E+01     
 108   3.80000E+01  1.24805E+01                   227   7.50000E-03  2.10109E+01     
 109   3.70000E+01  1.25072E+01                   228   5.00000E-03  2.14164E+01     
 110   3.55000E+01  1.25486E+01                   229   4.00000E-03  2.16396E+01     
 111   3.46000E+01  1.25742E+01                   230   3.00000E-03  2.19272E+01     
 112   3.37500E+01  1.25991E+01                   231   2.50000E-03  2.21096E+01     
 113   3.32500E+01  1.26140E+01                   232   2.00000E-03  2.23327E+01     
 114   3.17500E+01  1.26602E+01                   233   1.50000E-03  2.26204E+01     
 115   3.12500E+01  1.26761E+01                   234   1.20000E-03  2.28435E+01     
 116   3.00000E+01  1.27169E+01                   235   1.00000E-03  2.30259E+01     
 117   2.75000E+01  1.28039E+01                   236   7.50000E-04  2.33135E+01     
 118   2.50000E+01  1.28992E+01                   237   5.00000E-04  2.37190E+01     
 119   2.25000E+01  1.30046E+01                   238   1.00000E-04  2.53284E+01     
                                                  239   1.00000E-05  2.76310E+01    3

1         ***************************
          ***************************
          ** Quadrature Parameters **
          ***************************
          ***************************

 Quadrature angles and weights for first quadrant:
 (  6 angles/quadrant for S- 6 quadrature.)

 Angle No.    Mu                  Eta                Weight       Angle in x-y   Elevation
                                                                 plane (degrees) (degrees)
    1    2.30091940D-01      2.30091940D-01      4.23616400D-02       45.00        71.01
    2    6.88134320D-01      2.30091940D-01      4.09716925D-02       18.49        43.48
    3    9.45576760D-01      2.30091940D-01      4.23616400D-02       13.68        13.30
    4    2.30091940D-01      6.88134320D-01      4.09716925D-02       71.51        43.48
    5    6.88134320D-01      6.88134320D-01      4.09716925D-02       45.00        13.30
    6    2.30091940D-01      9.45576760D-01      4.23616400D-02       76.32        13.30


1         **********************************
          **********************************
          ** Quadrature Reflection Angles **
          **********************************
          **********************************
                (Angles are in degrees)

       12 primary   (incoming) angles on each side.
       12 reflected (outgoing) angles on each side.

  Side No. (slope)   Direction No. Primary angle (slope/elevation) Reflecting Angle (slope/elevation)

      1  (   0.00)       1             1  (  45.00/  71.01)           19  ( -45.00/  71.01)
                         2             2  (  18.49/  43.48)           20  ( -18.49/  43.48)
                         3             3  (  13.68/  13.30)           21  ( -13.68/  13.30)
                         4             4  (  71.51/  43.48)           22  ( -71.51/  43.48)
                         5             5  (  45.00/  13.30)           23  ( -45.00/  13.30)
                         6             6  (  76.32/  13.30)           24  ( -76.32/  13.30)
                         7             7  ( 135.00/  71.01)           13  (-135.00/  71.01)
                         8             8  ( 161.51/  43.48)           14  (-161.51/  43.48)
                         9             9  ( 166.32/  13.30)           15  (-166.32/  13.30)
                        10            10  ( 108.49/  43.48)           16  (-108.49/  43.48)
                        11            11  ( 135.00/  13.30)           17  (-135.00/  13.30)
                        12            12  ( 103.68/  13.30)           18  (-103.68/  13.30)

      2  ( -90.00)       1             1  (  45.00/  71.01)            7  ( 135.00/  71.01)
                         2             2  (  18.49/  43.48)            8  ( 161.51/  43.48)
                         3             3  (  13.68/  13.30)            9  ( 166.32/  13.30)
                         4             4  (  71.51/  43.48)           10  ( 108.49/  43.48)
                         5             5  (  45.00/  13.30)           11  ( 135.00/  13.30)
                         6             6  (  76.32/  13.30)           12  ( 103.68/  13.30)
                         7            19  ( -45.00/  71.01)           13  (-135.00/  71.01)
                         8            20  ( -18.49/  43.48)           14  (-161.51/  43.48)
                         9            21  ( -13.68/  13.30)           15  (-166.32/  13.30)
                        10            22  ( -71.51/  43.48)           16  (-108.49/  43.48)
                        11            23  ( -45.00/  13.30)           17  (-135.00/  13.30)
                        12            24  ( -76.32/  13.30)           18  (-103.68/  13.30)

      3  (  90.00)       1             7  ( 135.00/  71.01)            1  (  45.00/  71.01)
                         2             8  ( 161.51/  43.48)            2  (  18.49/  43.48)
                         3             9  ( 166.32/  13.30)            3  (  13.68/  13.30)
                         4            10  ( 108.49/  43.48)            4  (  71.51/  43.48)
                         5            11  ( 135.00/  13.30)            5  (  45.00/  13.30)
                         6            12  ( 103.68/  13.30)            6  (  76.32/  13.30)
                         7            13  (-135.00/  71.01)           19  ( -45.00/  71.01)
                         8            14  (-161.51/  43.48)           20  ( -18.49/  43.48)
                         9            15  (-166.32/  13.30)           21  ( -13.68/  13.30)
                        10            16  (-108.49/  43.48)           22  ( -71.51/  43.48)
                        11            17  (-135.00/  13.30)           23  ( -45.00/  13.30)
                        12            18  (-103.68/  13.30)           24  ( -76.32/  13.30)

      4  ( 180.00)       1            13  (-135.00/  71.01)            7  ( 135.00/  71.01)
                         2            14  (-161.51/  43.48)            8  ( 161.51/  43.48)
                         3            15  (-166.32/  13.30)            9  ( 166.32/  13.30)
                         4            16  (-108.49/  43.48)           10  ( 108.49/  43.48)
                         5            17  (-135.00/  13.30)           11  ( 135.00/  13.30)
                         6            18  (-103.68/  13.30)           12  ( 103.68/  13.30)
                         7            19  ( -45.00/  71.01)            1  (  45.00/  71.01)
                         8            20  ( -18.49/  43.48)            2  (  18.49/  43.48)
                         9            21  ( -13.68/  13.30)            3  (  13.68/  13.30)
                        10            22  ( -71.51/  43.48)            4  (  71.51/  43.48)
                        11            23  ( -45.00/  13.30)            5  (  45.00/  13.30)
                        12            24  ( -76.32/  13.30)            6  (  76.32/  13.30)





 Scattering constants for first quadrant
 ( 6 moments for p-2 scattering)
 Angle       ------------------------- Moment No. -------------------------
  No.       0             1             2             3             4             5
    1    1.00000E+00  3.98531E-01 -2.81804E-01 -9.40460E-01 -1.44988E-01 -1.15182E+00
    2    1.00000E+00  1.19188E+00 -2.81804E-01  4.70230E-01 -4.33616E-01 -5.75912E-01
    3    1.00000E+00  1.63779E+00 -2.81804E-01  1.88092E+00 -5.95839E-01  1.47310E-08
    4    1.00000E+00  3.98531E-01 -8.42789E-01 -9.40460E-01 -4.33616E-01 -1.97499E-08
    5    1.00000E+00  1.19188E+00 -8.42789E-01  4.70230E-01 -1.29681E+00  5.75912E-01
    6    1.00000E+00  3.98531E-01 -1.15809E+00 -9.40460E-01 -5.95839E-01  1.15182E+00


1         **************************
          **************************
          **** Mixture Volumes *****
          **************************
          **************************


  Mixture       Volume        Volume
    ID     (cc/unit length)  Fraction
     0       0.00000E+00      0.00000E+00
     2       8.92278E+01      8.67809E-01
     1       1.35918E+01      1.32191E-01
 Total       1.02820E+02      1.00000E+00


  Memory size of attenuation factors(MB)=    112.29



 =====================================================================================
   Outer iteration sweep begins.

 Outer  Eigen-  Eigenvalue Max Flux  Max Flux     Max Fuel  Max Fuel     Inners 
 It. #   value     Delta    Delta   Location(r,g)  Delta   Location(r,g) Cnvrged
 - - - - - - - - - - - - - - - - - - - - - - - - - - - - - - - - - - - - - - - - 
    1 1.00000   0.000E+00 8.047E+03 (  477,238)   1.000E+00 (  316,  0)    F
    2 0.64921   5.403E-01 7.152E+00 (   87,  1)   6.097E-01 (  477,  0)    F
    3 0.70607   8.053E-02 6.446E+00 (  510,  1)   4.967E-02 (  477,  0)    F
    4 0.81926   1.382E-01 6.375E+00 (  895,  1)   7.755E-02 (  478,  0)    F
    5 0.89877   8.846E-02 6.341E+00 (  870,  1)   4.746E-02 (  477,  0)    F
    6 0.94635   5.028E-02 6.331E+00 (   94,  1)   2.620E-02 (  477,  0)    F
    7 0.97794   3.230E-02 6.327E+00 (  870,  1)   1.650E-02 (  478,  0)    F
    8 1.00416   2.611E-02 6.326E+00 (   94,  1)   1.331E-02 (  548,  0)    F
    9 1.02883   2.398E-02 6.325E+00 (  870,  1)   1.227E-02 (  700,  0)    F
   10 1.05237   2.237E-02 6.325E+00 (  124,  1)   1.146E-02 (  951,  0)    F
   11 1.07438   2.048E-02 6.325E+00 (  871,  1)   1.049E-02 (  948,  0)    F
   12 1.09456   1.844E-02 6.325E+00 (  894,  1)   9.431E-03 (  535,  0)    F
   13 1.11290   1.648E-02 6.324E+00 (   95,  1)   8.416E-03 (  703,  0)    F
   14 1.12950   1.470E-02 6.324E+00 (  124,  1)   7.500E-03 (  935,  0)    F
   15 1.14452   1.312E-02 6.324E+00 (  865,  1)   6.691E-03 (  700,  0)    F
   16 1.15811   1.174E-02 6.324E+00 (   95,  1)   5.980E-03 (  927,  0)    F
   17 1.17042   1.051E-02 6.324E+00 (  124,  1)   5.352E-03 (  948,  0)    F
   18 1.18156   9.424E-03 6.324E+00 (  118,  1)   4.794E-03 (  535,  0)    F
   19 1.19163   8.453E-03 6.324E+00 (  840,  1)   4.297E-03 (  700,  0)    F
   20 1.20074   7.586E-03 6.324E+00 (  124,  1)   3.854E-03 (  548,  0)    F
   21 1.20897   6.811E-03 6.324E+00 (  865,  1)   3.459E-03 (  935,  0)    F
   22 1.21641   6.118E-03 6.324E+00 (  124,  1)   3.105E-03 (  948,  0)    F
   23 1.22314   5.498E-03 4.922E-03 (  478,224)   2.789E-03 (  951,  0)    F
   24 1.22921   4.942E-03 4.407E-03 (  510,224)   2.507E-03 (  703,  0)    F
   25 1.23470   4.444E-03 3.948E-03 (  477,224)   2.253E-03 (  535,  0)    F
   26 1.23965   3.997E-03 3.540E-03 (  478,224)   2.026E-03 (  700,  0)    F
   27 1.24413   3.596E-03 3.175E-03 (  510,224)   1.822E-03 (  935,  0)    F
   28 1.24817   3.236E-03 2.850E-03 (  510,224)   1.640E-03 (  703,  0)    F
   29 1.25181   2.913E-03 2.559E-03 (  477,224)   1.475E-03 (  935,  0)    F
   30 1.25511   2.622E-03 2.299E-03 (  478,224)   1.328E-03 (  948,  0)    F
   31 1.25808   2.361E-03 2.066E-03 (  509,224)   1.195E-03 (  927,  0)    F
   32 1.26076   2.126E-03 1.858E-03 (  478,224)   1.076E-03 (  935,  0)    F
   33 1.26318   1.915E-03 1.671E-03 (  477,224)   9.694E-04 (  548,  0)    F
   34 1.26536   1.725E-03 1.503E-03 (  477,224)   8.731E-04 (  535,  0)    F
   35 1.26733   1.554E-03 1.352E-03 (  478,224)   7.865E-04 (  948,  0)    F
   36 1.26910   1.400E-03 1.217E-03 (  510,224)   7.086E-04 (  703,  0)    F
   37 1.27071   1.262E-03 1.096E-03 (  477,224)   6.384E-04 (  548,  0)    F
   38 1.27215   1.137E-03 9.864E-04 (  478,224)   5.753E-04 (  948,  0)    F
   39 1.27346   1.025E-03 8.883E-04 (  510,224)   5.184E-04 (  548,  0)    F
   40 1.27464   9.236E-04 8.000E-04 (  477,224)   4.672E-04 (  927,  0)    F
   41 1.27568   8.181E-04 7.206E-04 (  478,224)   4.211E-04 (  548,  0)    F
   42 1.27660   7.194E-04 6.493E-04 (  509,224)   3.805E-04 (  700,  0)    F
   43 1.27741   6.339E-04 5.854E-04 (  478,224)   3.452E-04 (  948,  0)    F
   44 1.27813   5.613E-04 5.283E-04 (  477,224)   3.149E-04 (  703,  0)    F
   45 1.27876   4.989E-04 4.775E-04 (  510,224)   2.883E-04 (  951,  0)    F
   46 1.27933   4.449E-04 4.329E-04 (    3,236)   2.647E-04 (  948,  0)    F
   47 1.27984   3.976E-04 3.925E-04 (    3,233)   2.436E-04 (  935,  0)    F
   48 1.28030   3.560E-04 3.568E-04 (  477,224)   2.247E-04 (  700,  0)    F
   49 1.28071   3.191E-04 3.262E-04 (    3,232)   2.075E-04 (  948,  0)    F
   50 1.28107   2.864E-04 2.991E-04 (    2,235)   1.921E-04 (  935,  0)    F
   51 1.28140   2.574E-04 2.736E-04 (    1,231)   1.782E-04 (  951,  0)    F
   52 1.28170   2.317E-04 2.495E-04 (  510,224)   1.656E-04 (  948,  0)    F
   53 1.28197   2.090E-04 2.324E-04 (    3,234)   1.543E-04 (  703,  0)    F
   54 1.28221   1.903E-04 2.118E-04 (  510,224)   1.452E-04 (  927,  0)    F
   55 1.28244   1.751E-04 1.997E-04 (    3,233)   1.378E-04 (  535,  0)    F
   56 1.28265   1.698E-04 1.825E-04 (  509,224)   1.374E-04 (  935,  0)    F
   57 1.28284   1.432E-04 1.730E-04 (    1,228)   1.172E-04 (  535,  0)    F
   58 1.28301   1.378E-04 1.630E-04 (    2,232)   1.198E-04 (  927,  0)    F
   59 1.28318   1.282E-04 1.493E-04 (  477,224)   1.131E-04 (  700,  0)    F
   60 1.28333   1.158E-04 1.436E-04 (    3,227)   1.051E-04 (  948,  0)    F
   61 1.28346   1.061E-04 1.320E-04 (  477,224)   1.002E-04 (  935,  0)    F
   62 1.28359   9.650E-05 1.288E-04 (    3,234)   9.456E-05 (  927,  0)    F
   63 1.28370   8.865E-05 1.225E-04 (    3,233)   8.909E-05 (  548,  0)    F
 k-eff =       1.28370149                                                                                     



   Four-Factor Estimate of k-infinity.  Fast/Thermal boundary:   0.6250 eV
      Fiss. neutrons/thermal abs. (eta):          1.490185
      Thermal utilization (f):                    0.972679
      Resonance Escape probability (p):           0.696080
      Fast-fission factor (epsilon):              1.273873
                                            --------------
      Infinite neutron multiplication             1.285272


   Alternate 3-Group Formulation Terms. 
   Fast/Res. boundary:   0.8210 MeV.  Res./Therm. boundary:   0.6250eV
      Fiss. neutrons/thermal abs. (eta):          1.490185
      Thermal utilization (f):                    0.972679
      Resonance Escape probability (p):           0.700446
      Fast Escape probability (pf):               0.993767
      Fast-fission factor (epsilon):              1.273873




 Critical Spectra Calculated with the B1 Method
 Critical Buckling is  7.00660E-04. k-infinity of critical system is  1.26327E+00
 Cross sections were weighted using the B1 critical flux.

  Group   Upper      Critical   Inf.Med.   Critical   Inf.Med.  
   No    Energy(eV)   Flux       Flux      Adj.Flux   Adj.Flux  

     1  2.0000E+07  0.000E+00  0.000E+00  7.689E-04  9.500E-04
     2  1.7333E+07  1.565E-07  1.384E-07  1.182E-03  1.451E-03
     3  1.5683E+07  1.110E-06  9.807E-07  1.579E-03  1.936E-03
     4  1.4550E+07  2.269E-06  2.009E-06  2.300E-03  2.819E-03
     5  1.3840E+07  4.342E-06  3.846E-06  1.507E-03  1.848E-03
     6  1.2840E+07  2.257E-05  2.012E-05  4.431E-04  5.430E-04
     7  1.0000E+07  8.857E-05  7.850E-05  5.503E-04  6.703E-04
     8  8.1873E+06  3.243E-04  2.911E-04  5.021E-04  6.098E-04
     9  6.4340E+06  8.473E-04  7.581E-04  4.313E-04  5.170E-04
    10  4.8000E+06  1.341E-03  1.194E-03  1.188E-03  1.404E-03
    11  4.3040E+06  1.844E-03  1.629E-03  3.674E-04  4.269E-04
    12  3.0000E+06  3.062E-03  2.702E-03  6.996E-04  8.053E-04
    13  2.4790E+06  3.854E-03  3.409E-03  2.585E-03  2.966E-03
    14  2.3540E+06  4.621E-03  4.102E-03  5.588E-04  6.370E-04
    15  1.8500E+06  5.316E-03  4.735E-03  6.495E-04  7.317E-04
    16  1.5000E+06  5.590E-03  4.985E-03  1.990E-03  2.224E-03
    17  1.4000E+06  5.543E-03  4.946E-03  4.310E-03  4.805E-03
    18  1.3560E+06  5.510E-03  4.917E-03  4.723E-03  5.259E-03
    19  1.3170E+06  5.440E-03  4.855E-03  2.645E-03  2.939E-03
    20  1.2500E+06  5.442E-03  4.858E-03  3.389E-03  3.759E-03
    21  1.2000E+06  5.612E-03  5.014E-03  1.594E-03  1.764E-03
    22  1.1000E+06  5.700E-03  5.097E-03  1.630E-03  1.798E-03
    23  1.0100E+06  5.624E-03  5.032E-03  1.495E-03  1.645E-03
    24  9.2000E+05  5.591E-03  5.004E-03  6.363E-03  6.985E-03
    25  9.0000E+05  5.648E-03  5.057E-03  4.968E-03  5.450E-03
    26  8.7500E+05  5.629E-03  5.040E-03  8.746E-03  9.588E-03
    27  8.6110E+05  5.653E-03  5.063E-03  2.866E-03  3.140E-03
    28  8.2000E+05  5.696E-03  5.104E-03  1.574E-03  1.721E-03
    29  7.5000E+05  5.703E-03  5.115E-03  1.416E-03  1.544E-03
    30  6.7900E+05  5.666E-03  5.083E-03  1.057E-02  1.151E-02
    31  6.7000E+05  5.486E-03  4.924E-03  1.280E-03  1.392E-03
    32  6.0000E+05  5.440E-03  4.886E-03  3.075E-03  3.337E-03
    33  5.7300E+05  5.476E-03  4.919E-03  3.459E-03  3.751E-03
    34  5.5000E+05  5.315E-03  4.777E-03  1.474E-03  1.596E-03
    35  4.9952E+05  5.281E-03  4.749E-03  2.333E-03  2.523E-03
    36  4.7000E+05  5.087E-03  4.576E-03  2.157E-03  2.331E-03
    37  4.4000E+05  4.781E-03  4.301E-03  3.063E-03  3.305E-03
    38  4.2000E+05  4.769E-03  4.292E-03  2.922E-03  3.151E-03
    39  4.0000E+05  4.545E-03  4.093E-03  7.422E-04  7.993E-04
    40  3.3000E+05  4.117E-03  3.711E-03  7.132E-04  7.663E-04
    41  2.7000E+05  4.132E-03  3.732E-03  4.780E-04  5.125E-04
    42  2.0000E+05  4.500E-03  4.074E-03  5.002E-04  5.348E-04
    43  1.5000E+05  4.592E-03  4.164E-03  9.238E-04  9.848E-04
    44  1.2830E+05  4.197E-03  3.811E-03  5.807E-04  6.177E-04
    45  1.0000E+05  4.266E-03  3.879E-03  8.926E-04  9.475E-04
    46  8.5000E+04  4.886E-03  4.446E-03  4.040E-03  4.286E-03
    47  8.2000E+04  4.854E-03  4.420E-03  1.628E-03  1.726E-03
    48  7.5000E+04  4.727E-03  4.307E-03  5.379E-03  5.700E-03
    49  7.3000E+04  4.678E-03  4.268E-03  7.423E-04  7.858E-04
    50  6.0000E+04  4.573E-03  4.178E-03  1.020E-03  1.077E-03
    51  5.2000E+04  4.200E-03  3.840E-03  3.726E-03  3.932E-03
    52  5.0000E+04  4.081E-03  3.732E-03  1.388E-03  1.464E-03
    53  4.5000E+04  4.511E-03  4.139E-03  3.613E-04  3.806E-04
    54  3.0000E+04  4.148E-03  3.813E-03  8.073E-04  8.475E-04
    55  2.5000E+04  4.473E-03  4.125E-03  3.827E-04  4.010E-04
    56  1.7000E+04  4.388E-03  4.057E-03  5.531E-04  5.776E-04
    57  1.3000E+04  4.353E-03  4.037E-03  4.749E-04  4.947E-04
    58  9.5000E+03  4.327E-03  4.021E-03  8.896E-04  9.243E-04
    59  8.0300E+03  4.304E-03  4.008E-03  5.148E-04  5.338E-04
    60  6.0000E+03  4.266E-03  3.988E-03  3.498E-04  3.618E-04
    61  3.9000E+03  4.249E-03  3.978E-03  3.618E-03  3.731E-03
    62  3.7400E+03  4.230E-03  3.964E-03  6.885E-04  7.093E-04
    63  3.0000E+03  4.210E-03  3.952E-03  1.010E-03  1.038E-03
    64  2.5800E+03  4.194E-03  3.942E-03  1.280E-03  1.315E-03
    65  2.2900E+03  4.188E-03  3.939E-03  3.812E-03  3.913E-03
    66  2.2000E+03  4.171E-03  3.927E-03  7.635E-04  7.829E-04
    67  1.8000E+03  4.156E-03  3.919E-03  1.028E-03  1.053E-03
    68  1.5500E+03  4.134E-03  3.902E-03  4.696E-03  4.805E-03
    69  1.5000E+03  4.128E-03  3.902E-03  5.814E-04  5.941E-04
    70  1.1500E+03  4.101E-03  3.884E-03  8.122E-04  8.284E-04
    71  9.5000E+02  4.068E-03  3.863E-03  4.726E-04  4.811E-04
    72  6.8300E+02  3.992E-03  3.796E-03  8.145E-03  8.275E-03
    73  6.7000E+02  4.037E-03  3.843E-03  7.959E-04  8.081E-04
    74  5.5000E+02  3.974E-03  3.801E-03  2.679E-04  2.715E-04
    75  3.0500E+02  3.904E-03  3.740E-03  2.361E-03  2.383E-03
    76  2.8500E+02  3.906E-03  3.745E-03  9.360E-04  9.437E-04
    77  2.4000E+02  3.877E-03  3.722E-03  1.213E-03  1.222E-03
    78  2.1000E+02  3.878E-03  3.726E-03  1.362E-02  1.370E-02
    79  2.0750E+02  3.806E-03  3.658E-03  2.152E-03  2.165E-03
    80  1.9250E+02  3.861E-03  3.712E-03  4.742E-03  4.770E-03
    81  1.8600E+02  3.809E-03  3.673E-03  3.886E-04  3.904E-04
    82  1.2200E+02  3.587E-03  3.464E-03  6.431E-03  6.444E-03
    83  1.1900E+02  3.776E-03  3.647E-03  4.883E-03  4.892E-03
    84  1.1500E+02  3.675E-03  3.550E-03  2.624E-03  2.628E-03
    85  1.0800E+02  3.740E-03  3.615E-03  2.181E-03  2.183E-03
    86  1.0000E+02  3.727E-03  3.605E-03  1.592E-03  1.592E-03
    87  9.0000E+01  3.721E-03  3.603E-03  1.805E-03  1.804E-03
    88  8.2000E+01  3.717E-03  3.601E-03  6.807E-03  6.802E-03
    89  8.0000E+01  3.715E-03  3.600E-03  3.284E-03  3.281E-03
    90  7.6000E+01  3.700E-03  3.587E-03  3.124E-03  3.119E-03
    91  7.2000E+01  3.555E-03  3.448E-03  2.551E-03  2.546E-03
    92  6.7500E+01  3.664E-03  3.555E-03  4.518E-03  4.509E-03
    93  6.5000E+01  3.656E-03  3.549E-03  2.692E-03  2.685E-03
    94  6.1000E+01  3.426E-03  3.327E-03  4.913E-03  4.899E-03
    95  5.9000E+01  3.611E-03  3.509E-03  1.727E-03  1.721E-03
    96  5.3400E+01  3.606E-03  3.506E-03  6.481E-03  6.457E-03
    97  5.2000E+01  3.601E-03  3.503E-03  6.309E-03  6.285E-03
    98  5.0600E+01  3.598E-03  3.501E-03  6.139E-03  6.114E-03
    99  4.9200E+01  3.590E-03  3.493E-03  9.339E-03  9.295E-03
   100  4.8300E+01  3.601E-03  3.505E-03  6.316E-03  6.288E-03
   101  4.7000E+01  3.599E-03  3.503E-03  4.413E-03  4.392E-03
   102  4.5200E+01  3.595E-03  3.501E-03  6.405E-03  6.374E-03
   103  4.4000E+01  3.590E-03  3.498E-03  4.654E-03  4.630E-03
   104  4.2400E+01  3.594E-03  3.502E-03  5.134E-03  5.105E-03
   105  4.1000E+01  3.590E-03  3.499E-03  4.965E-03  4.936E-03
   106  3.9600E+01  3.589E-03  3.499E-03  1.358E-02  1.349E-02
   107  3.9100E+01  3.590E-03  3.501E-03  6.041E-03  6.005E-03
   108  3.8000E+01  3.587E-03  3.498E-03  6.472E-03  6.430E-03
   109  3.7000E+01  3.582E-03  3.495E-03  4.175E-03  4.147E-03
   110  3.5500E+01  3.579E-03  3.494E-03  6.735E-03  6.688E-03
   111  3.4600E+01  3.573E-03  3.488E-03  6.951E-03  6.900E-03
   112  3.3750E+01  3.576E-03  3.491E-03  1.157E-02  1.148E-02
   113  3.3250E+01  3.572E-03  3.488E-03  3.736E-03  3.708E-03
   114  3.1750E+01  3.573E-03  3.491E-03  1.085E-02  1.077E-02
   115  3.1250E+01  3.569E-03  3.488E-03  4.217E-03  4.184E-03
   116  3.0000E+01  3.563E-03  3.484E-03  1.984E-03  1.968E-03
   117  2.7500E+01  3.553E-03  3.477E-03  1.828E-03  1.812E-03
   118  2.5000E+01  3.326E-03  3.257E-03  1.611E-03  1.596E-03
   119  2.2500E+01  3.169E-03  3.105E-03  2.481E-03  2.455E-03
   120  2.1000E+01  3.354E-03  3.289E-03  3.723E-03  3.686E-03
   121  2.0000E+01  3.340E-03  3.276E-03  3.546E-03  3.510E-03
   122  1.9000E+01  3.318E-03  3.256E-03  6.830E-03  6.755E-03
   123  1.8500E+01  3.323E-03  3.262E-03  2.150E-03  2.127E-03
   124  1.7000E+01  3.307E-03  3.249E-03  3.005E-03  2.970E-03
   125  1.6000E+01  3.301E-03  3.245E-03  3.143E-03  3.106E-03
   126  1.5100E+01  3.318E-03  3.262E-03  3.828E-03  3.785E-03
   127  1.4400E+01  3.309E-03  3.256E-03  3.937E-03  3.890E-03
   128  1.3750E+01  3.296E-03  3.244E-03  2.853E-03  2.817E-03
   129  1.2900E+01  3.284E-03  3.234E-03  2.257E-03  2.227E-03
   130  1.1900E+01  3.292E-03  3.244E-03  5.313E-03  5.246E-03
   131  1.1500E+01  3.264E-03  3.219E-03  1.302E-03  1.284E-03
   132  1.0000E+01  3.262E-03  3.221E-03  1.925E-03  1.898E-03
   133  9.1000E+00  3.259E-03  3.220E-03  1.559E-03  1.537E-03
   134  8.1000E+00  3.253E-03  3.218E-03  1.455E-03  1.433E-03
   135  7.1500E+00  3.235E-03  3.202E-03  8.568E-03  8.433E-03
   136  7.0000E+00  3.179E-03  3.148E-03  5.020E-03  4.931E-03
   137  6.7500E+00  3.198E-03  3.167E-03  4.824E-03  4.744E-03
   138  6.5000E+00  3.216E-03  3.186E-03  4.628E-03  4.555E-03
   139  6.2500E+00  3.213E-03  3.184E-03  4.445E-03  4.374E-03
   140  6.0000E+00  3.206E-03  3.180E-03  1.721E-03  1.693E-03
   141  5.4000E+00  3.199E-03  3.176E-03  2.356E-03  2.316E-03
   142  5.0000E+00  3.188E-03  3.167E-03  3.537E-03  3.476E-03
   143  4.7500E+00  3.183E-03  3.165E-03  1.055E-03  1.036E-03
   144  4.0000E+00  3.172E-03  3.157E-03  2.593E-03  2.545E-03
   145  3.7300E+00  3.151E-03  3.138E-03  2.850E-03  2.796E-03
   146  3.5000E+00  3.153E-03  3.142E-03  1.720E-03  1.687E-03
   147  3.1500E+00  3.151E-03  3.142E-03  5.614E-03  5.503E-03
   148  3.0500E+00  3.147E-03  3.139E-03  1.096E-02  1.074E-02
   149  3.0000E+00  3.822E-03  3.814E-03  1.802E-02  1.766E-02
   150  2.9700E+00  3.676E-03  3.670E-03  5.289E-03  5.184E-03
   151  2.8700E+00  3.641E-03  3.635E-03  5.108E-03  5.005E-03
   152  2.7700E+00  3.657E-03  3.653E-03  4.926E-03  4.827E-03
   153  2.6700E+00  3.669E-03  3.666E-03  4.746E-03  4.649E-03
   154  2.5700E+00  3.652E-03  3.650E-03  4.564E-03  4.469E-03
   155  2.4700E+00  3.581E-03  3.580E-03  4.879E-03  4.776E-03
   156  2.3800E+00  3.455E-03  3.455E-03  5.302E-03  5.183E-03
   157  2.3000E+00  3.323E-03  3.326E-03  4.554E-03  4.449E-03
   158  2.2100E+00  3.193E-03  3.197E-03  4.371E-03  4.275E-03
   159  2.1200E+00  3.206E-03  3.212E-03  3.117E-03  3.049E-03
   160  2.0000E+00  3.236E-03  3.243E-03  5.965E-03  5.834E-03
   161  1.9400E+00  3.232E-03  3.240E-03  4.320E-03  4.223E-03
   162  1.8600E+00  3.211E-03  3.220E-03  3.672E-03  3.588E-03
   163  1.7700E+00  3.209E-03  3.220E-03  3.478E-03  3.400E-03
   164  1.6800E+00  3.232E-03  3.244E-03  3.275E-03  3.207E-03
   165  1.5900E+00  3.249E-03  3.264E-03  3.082E-03  3.021E-03
   166  1.5000E+00  3.258E-03  3.274E-03  5.282E-03  5.180E-03
   167  1.4500E+00  3.267E-03  3.285E-03  5.094E-03  4.997E-03
   168  1.4000E+00  3.279E-03  3.298E-03  4.906E-03  4.814E-03
   169  1.3500E+00  3.292E-03  3.313E-03  4.721E-03  4.634E-03
   170  1.3000E+00  3.308E-03  3.330E-03  4.538E-03  4.454E-03
   171  1.2500E+00  3.320E-03  3.343E-03  8.795E-03  8.635E-03
   172  1.2250E+00  3.329E-03  3.354E-03  8.620E-03  8.462E-03
   173  1.2000E+00  3.340E-03  3.365E-03  8.430E-03  8.277E-03
   174  1.1750E+00  3.350E-03  3.377E-03  8.255E-03  8.105E-03
   175  1.1500E+00  3.358E-03  3.385E-03  2.029E-02  1.992E-02
   176  1.1400E+00  3.363E-03  3.390E-03  2.013E-02  1.977E-02
   177  1.1300E+00  3.368E-03  3.396E-03  1.997E-02  1.961E-02
   178  1.1200E+00  3.373E-03  3.401E-03  1.977E-02  1.941E-02
   179  1.1100E+00  3.378E-03  3.407E-03  1.957E-02  1.921E-02
   180  1.1000E+00  3.383E-03  3.412E-03  1.941E-02  1.906E-02
   181  1.0900E+00  3.389E-03  3.418E-03  1.925E-02  1.890E-02
   182  1.0800E+00  3.394E-03  3.425E-03  1.905E-02  1.870E-02
   183  1.0700E+00  3.400E-03  3.431E-03  1.885E-02  1.851E-02
   184  1.0600E+00  3.406E-03  3.438E-03  1.869E-02  1.835E-02
   185  1.0500E+00  3.413E-03  3.445E-03  1.853E-02  1.819E-02
   186  1.0400E+00  3.419E-03  3.452E-03  1.833E-02  1.800E-02
   187  1.0300E+00  3.426E-03  3.460E-03  1.815E-02  1.782E-02
   188  1.0200E+00  3.433E-03  3.467E-03  1.795E-02  1.763E-02
   189  1.0100E+00  3.441E-03  3.476E-03  1.781E-02  1.748E-02
   190  1.0000E+00  3.455E-03  3.492E-03  6.992E-03  6.863E-03
   191  9.7500E-01  3.478E-03  3.516E-03  6.813E-03  6.687E-03
   192  9.5000E-01  3.503E-03  3.544E-03  6.635E-03  6.511E-03
   193  9.2500E-01  3.532E-03  3.575E-03  6.456E-03  6.336E-03
   194  9.0000E-01  3.586E-03  3.635E-03  3.094E-03  3.036E-03
   195  8.5000E-01  3.675E-03  3.734E-03  2.916E-03  2.861E-03
   196  8.0000E-01  3.798E-03  3.870E-03  2.739E-03  2.686E-03
   197  7.5000E-01  3.969E-03  4.061E-03  2.562E-03  2.511E-03
   198  7.0000E-01  4.210E-03  4.333E-03  2.385E-03  2.337E-03
   199  6.5000E-01  4.448E-03  4.601E-03  4.506E-03  4.415E-03
   200  6.2500E-01  4.653E-03  4.833E-03  4.329E-03  4.241E-03
   201  6.0000E-01  5.049E-03  5.283E-03  2.031E-03  1.989E-03
   202  5.5000E-01  5.744E-03  6.075E-03  1.854E-03  1.815E-03
   203  5.0000E-01  6.710E-03  7.181E-03  1.678E-03  1.641E-03
   204  4.5000E-01  8.020E-03  8.686E-03  1.501E-03  1.467E-03
   205  4.0000E-01  9.224E-03  1.008E-02  2.739E-03  2.677E-03
   206  3.7500E-01  1.019E-02  1.119E-02  2.562E-03  2.503E-03
   207  3.5000E-01  1.125E-02  1.242E-02  2.385E-03  2.330E-03
   208  3.2500E-01  1.239E-02  1.375E-02  2.209E-03  2.156E-03
   209  3.0000E-01  1.357E-02  1.513E-02  2.032E-03  1.983E-03
   210  2.7500E-01  1.475E-02  1.650E-02  1.855E-03  1.809E-03
   211  2.5000E-01  1.583E-02  1.778E-02  1.678E-03  1.636E-03
   212  2.2500E-01  1.670E-02  1.881E-02  1.501E-03  1.463E-03
   213  2.0000E-01  1.720E-02  1.943E-02  1.324E-03  1.290E-03
   214  1.7500E-01  1.717E-02  1.945E-02  1.147E-03  1.117E-03
   215  1.5000E-01  1.641E-02  1.863E-02  9.700E-04  9.437E-04
   216  1.2500E-01  1.477E-02  1.681E-02  7.931E-04  7.709E-04
   217  1.0000E-01  1.309E-02  1.491E-02  1.681E-03  1.633E-03
   218  9.0000E-02  1.178E-02  1.343E-02  1.504E-03  1.460E-03
   219  8.0000E-02  1.033E-02  1.178E-02  1.327E-03  1.288E-03
   220  7.0000E-02  8.732E-03  9.966E-03  1.150E-03  1.116E-03
   221  6.0000E-02  7.037E-03  8.036E-03  9.728E-04  9.433E-04
   222  5.0000E-02  5.299E-03  6.054E-03  7.953E-04  7.707E-04
   223  4.0000E-02  3.600E-03  4.114E-03  6.173E-04  5.977E-04
   224  3.0000E-02  2.465E-03  2.818E-03  1.043E-03  1.009E-03
   225  2.5300E-02  1.057E-03  1.208E-03  1.916E-04  1.852E-04
   226  1.0000E-02  3.124E-04  3.573E-04  6.188E-04  5.975E-04
   227  7.5000E-03  1.627E-04  1.861E-04  4.392E-04  4.239E-04
   228  5.0000E-03  8.683E-05  9.928E-05  7.982E-04  7.702E-04
   229  4.0000E-03  5.293E-05  6.052E-05  6.192E-04  5.974E-04
   230  3.0000E-03  3.307E-05  3.781E-05  9.771E-04  9.425E-04
   231  2.5000E-03  2.222E-05  2.540E-05  7.984E-04  7.701E-04
   232  2.0000E-03  1.347E-05  1.540E-05  6.193E-04  5.973E-04
   233  1.5000E-03  8.069E-06  9.224E-06  7.984E-04  7.700E-04
   234  1.2000E-03  5.377E-06  6.147E-06  9.771E-04  9.424E-04
   235  1.0000E-03  3.397E-06  3.884E-06  6.192E-04  5.972E-04
   236  7.5000E-04  1.724E-06  1.971E-06  4.393E-04  4.237E-04
   237  5.0000E-04  3.330E-07  3.806E-07  1.107E-04  1.067E-04
   238  1.0000E-04  8.829E-09  1.009E-08  7.734E-05  7.460E-05

 NOTE: Flux values above are per unit-lethargy.




  Collapsing cross-sections to specified  2-group format
 ******************************************************

  Creating library entitled: Cell-weighted cross-sections                                                                        


  Broad Group Parameters

  Group      Upper        Upper         Mid         Mid     Inv. Velocity   Fission
   No.    Energy (eV)   Lethargy    Energy (eV)   Lethargy      (s/cm)      Spectrum
     1    2.0000E+07  -6.9315E-01   0.0000E+00   7.9475E+00   9.9916E-08   1.0000E+00
     2    6.2500E-01   1.6588E+01   0.0000E+00   2.2110E+01   2.1500E-06   0.0000E+00
     3    1.0000E-05   2.7631E+01


  Cell Averaged Fluxes

  Mixture  Group  1      Group  2

     0    0.00000E+00   0.00000E+00
     2    2.34023E+00   1.27537E+00
     1    2.47483E+00   1.14025E+00
  Total   2.35802E+00   1.25751E+00



  Flux Disadvantage Factors (material/total flux)

  Mixture  Group  1      Group  2

     0    0.00000E+00   0.00000E+00
     2    9.92454E-01   1.01420E+00
     1    1.04954E+00   9.06752E-01
  Total   1.00000E+00   1.00000E+00



  Zone data

      Zone   Mix    Relative     Relative         Zone
       No.   No.      Flux     Fission Power     Volume
     -----------------------------------------------------------------
         1     2   5.00036E-01   0.00000E+00   8.92278E+01
         2     1   4.99964E-01   1.00000E+00   1.35918E+01



module xsproc is finished. completion code 0.
Sequence T-Newt is finished. completion code 0.

    SCALE is finished on Fri Jan  6 11:48:56 2017.
-------------------------- Summary --------------------------
t-newt finished. used 175.87 seconds.
SCALE driver required a maximum of 777 MiB of RAM.
------------------------ End Summary ------------------------

