
==========================================================================================================================================

Serpent continuous-energy Monte Carlo code version 1.1.19

Input file:   serpent_2g
Date:         Fri Jan  6 14:29:44 2017
Title:        MSR2G-ENRU

Random seed:  1483734584

Memory allocated for DATA array:      21549176 bytes (20.55 Mb)
Memory allocated for RESULTS array:     348320 bytes (340.16 kb)
Memory allocated for ASCII array:       444621 bytes (434.20 kb)
Total allocated memory:               22342117 bytes (21.31 Mb)

==========================================================================================================================================

XS data (7 isotopes)

==========================================================================================================================================

Columns: 1 - Pointer in DATA array
         2 - Nuclide alias
         3 - Nuclide name in ace file
         4 - Nuclide ZAI
         5 - Atomic weight ratio
         6 - Temperature (K)
         7 - Options
         8 - File path

  1/  7   241650   grj3.12t   grj3.12t  60120  12.00  600 8197 /home/lindsayad/serpent/core/xsdata/acedata/sssth1
  2/  7   245100   6012.09c   6012.09c  60120  12.00  900 8193 /home/lindsayad/serpent/core/xsdata/acedata/6012JNDL32.ace (  grj3.12t)
  3/  7   245146   3007.09c   3007.09c  30070   7.02  908 8209 /home/lindsayad/serpent/core/xsdata/acedata/3007JEF311.ace
  4/  7   245192   9019.09c   9019.09c  90190  19.00  908 8209 /home/lindsayad/serpent/core/xsdata/acedata/9019JEF311.ace
  5/  7   245238   4009.09c   4009.09c  40090   9.01  908 8193 /home/lindsayad/serpent/core/xsdata/acedata/4009JEF311.ace
  6/  7   245284  90232.09c  90232.09c 902320 232.04  908 8217 /home/lindsayad/serpent/core/xsdata/acedata/90232JEF311.ace
  7/  7   245330  92233.09c  92233.09c 922330 233.04  908 8217 /home/lindsayad/serpent/core/xsdata/acedata/92233JEF311.ace

==========================================================================================================================================

Material data (2 materials)

==========================================================================================================================================

Material "fuel":

-------------------------------------------------------------------
            a. weight   temp      m. frac      a. frac      a. dens
-------------------------------------------------------------------
  3007.09c    7.01600    0.0  7.83922E-02  2.83133E-01  2.23862E-02
  9019.09c   18.99820    0.0  4.53555E-01  6.04957E-01  4.78315E-02
  4009.09c    9.01220    0.0  2.24978E-02  6.32580E-02  5.00155E-03
 90232.09c  232.03833    0.0  4.34657E-01  4.74672E-02  3.75304E-03
 92233.09c  233.03993    0.0  1.08989E-02  1.18511E-03  9.37021E-05
       sum                    1.00000E+00  1.00000E+00  7.90659E-02
------------------------------------------------------
densities:                    3.32700E+00  7.90659E-02
------------------------------------------------------

Material "moder":

-------------------------------------------------------------------
            a. weight   temp      m. frac      a. frac      a. dens
-------------------------------------------------------------------
  6012.09c   11.99999  900.0  1.00000E+00  1.00000E+00  9.24887E-02  (b)
       sum                    1.00000E+00  1.00000E+00  9.24887E-02

Associated S(a,b) libraries:

  grj3.12t   11.99999    N/A  1.00000E+00  1.00000E+00
------------------------------------------------------
densities:                    1.84300E+00  9.24887E-02
------------------------------------------------------

==========================================================================================================================================

Reaction mode fractions by nuclide

==========================================================================================================================================

Fission (total 99741 reactions):

 90232.09c  902320    370 0.00371
 92233.09c  922330  99371 0.99629

==========================================================================================================================================

Cell data (7 cells)

==========================================================================================================================================

----- Cell "10": --------------------

Universe : 2
Level    : 1
Material : "fuel"

Inside surface 10 (type  5 / inf):

Parameters      : 
Neighbour cells :  10 

----- Cell "11": --------------------

Universe : 3
Level    : 1
Material : "moder"

Inside surface 11 (type  5 / inf):

Parameters      : 
Neighbour cells :  11 

----- Cell "1": --------------------

Universe : 0
Level    : 0
Material : ---

Inside surface 1 (type  1 / cyl):

Parameters      :  0.00000E+00  0.00000E+00  2.08000E+00 
Neighbour cells :  1 2 

Outside surface 2 (type  4 / pz):

Parameters      :  0.00000E+00 
Neighbour cells :  1 3 

Inside surface 3 (type  4 / pz):

Parameters      :  1.14764E+02 
Neighbour cells :  1 4 

----- Cell "2": --------------------

Universe : 0
Level    : 0
Material : ---

Outside surface 1 (type  1 / cyl):

Parameters      :  0.00000E+00  0.00000E+00  2.08000E+00 
Neighbour cells :  2 1 

Inside surface 4 (type  6 / sqc):

Parameters      :  0.00000E+00  0.00000E+00  5.07000E+00 
Neighbour cells :  2 5 

Outside surface 2 (type  4 / pz):

Parameters      :  0.00000E+00 
Neighbour cells :  2 3 

Inside surface 3 (type  4 / pz):

Parameters      :  1.14764E+02 
Neighbour cells :  2 4 

----- Cell "3": --------------------

Universe : 0
Level    : 0
Material : ---

Inside surface 2 (type  4 / pz):

Parameters      :  0.00000E+00 
Neighbour cells :  3 1 2 

----- Cell "4": --------------------

Universe : 0
Level    : 0
Material : ---

Outside surface 3 (type  4 / pz):

Parameters      :  1.14764E+02 
Neighbour cells :  4 1 2 

----- Cell "5": --------------------

Universe : 0
Level    : 0
Material : ---

Outside surface 4 (type  6 / sqc):

Parameters      :  0.00000E+00  0.00000E+00  5.07000E+00 
Neighbour cells :  5 2 

==========================================================================================================================================

Summary of geometry data

==========================================================================================================================================

List of surfaces (6):

------------------------------------------------------------------------------
 Surface |  Type | Parameters
------------------------------------------------------------------------------
       1 |   cyl |  0.0000E+00  0.0000E+00  2.0800E+00 
       4 |   sqc |  0.0000E+00  0.0000E+00  5.0700E+00 
       2 |    pz |  0.0000E+00 
       3 |    pz |  1.1476E+02 
------------------------------------------------------------------------------

Geometry has 6 surfaces in 7 cells at 3 universes at 2 levels:

------------------------------------------------------------------------------
Level | Universe |     Cell | Surfaces
------------------------------------------------------------------------------
    0 |        0 |        2 |  1 -4  2 -3 
    0 |        0 |        5 |  4 
    0 |        0 |        1 | -1  2 -3 
    0 |        0 |        4 |  3 
    0 |        0 |        3 | -2 
    1 |        2 |       10 | -10 
    1 |        3 |       11 | -11 
------------------------------------------------------------------------------

List of cell neighbours:

------------------------------------------------------------------------------
Cell    | Neighbour cells 
------------------------------------------------------------------------------
10      | 10 
11      | 11 
1       | 1 2 1 3 1 4 
2       | 2 1 2 5 2 3 2 4 
3       | 3 1 2 
4       | 4 1 2 
5       | 5 2 
------------------------------------------------------------------------------

==========================================================================================================================================
