 *******************************************************************************
 *                                                                             *
 *                                 SCALE 6.2.1                                 *
 *                                -------------                                *
 *                                January 2017                                 *
 *                                                                             *
 *           SCALE:  A Comprehensive Modeling and Simulation Suite             *
 *                   for Nuclear Safety Analysis and Design                    *
 *                                                                             *
 *                      Reactor and Nuclear Systems Division                   *
 *                        Oak Ridge National Laboratory                        *
 *                                                                             *
 *                           http://scale.ornl.gov                             *
 *                            scalehelp@ornl.gov                               *
 *                                                                             *
 *******************************************************************************
 *******************************************************************************
      
                  Job Information
                  ---------------
      Job started on lindsayad-Inspiron-5437 on Thu 05/01/2017 15:37:21
      Working directory: /tmp/scale.lindsayad.10539
      Input file name  : /home/lindsayad/scale/C834MNYCP02/SCALE-6.2.1/lindsayad/input/newt1.inp
      Output file name : /home/lindsayad/scale/C834MNYCP02/SCALE-6.2.1/lindsayad/input/newt1.out
      SCALE executable : /home/lindsayad/scale/C834MNYCP02/SCALE-6.2.1/bin/scale
      
 *******************************************************************************
The following data cards precede an = card
      '#TestGrep# "k-eff [=]" ${OUTPUTFILENAME}
      '#TestGrep# -i "erro[r]" ${OUTPUTFILENAME} | ${GREP} -v "[W]arnings and [E]rrors"
      '#TestGrep# "SCALE is finishe[d]" ${OUTPUTFILENAME} | ${AWK} "{print $1,$2,$3}"
      '#TestGrep# "is finishe[d]\." ${OUTPUTFILENAME} | ${AWK} "{print $1,$2,$3,$4,$5,$6,$7}"


    module t-newt will be called on Thu Jan  5 15:37:23 2017.
    sequence specification record:=t-newt 
Input Data:

      2-D 1/4 pin-cell model with MOX fuel 
      v7-238
      read comp
      ' Fuel
      li-7 1 DEN=3.327 .0781 900 end
      f-19 1 DEN=3.327 .4519 900 end
      be-9 1 DEN=3.327 .0224 900 end
      th-232 1 DEN=3.327 .4331 900 end
      u-233 1 DEN=3.327.0145 900 end
      ' Moderator
      c-12 2 DEN=1.843 1 900 end
      end comp
      
      read celldata
      latticecell squarepitch pitch=10.14 2 fueld=4.16 1 end
      end celldata
      
      read model
      read parm
      height=9.26005E+01
      'solntype=b1
      'b2=1.05846e-3
      end parm
      read materials
        mix=2  pn=2  end
        mix=1  pn=1  end
      end materials
      read collapse 148r1 90r2 end collapse
      read geom
      global unit 10
      cylinder 11 2.08
      cuboid 12 5.07 -5.07 5.07 -5.07
      media 1 1 11
      media 2 1 12 -11
      boundary 12 10 10 
      end geom
      read bounds 
      all=refl
      end bounds
      end model
end




************************************************************************************************************************************
************************************************************************************************************************************
************************************************************************************************************************************
*****                                                                                                                          *****
*****                                             program verification information                                             *****
*****                                                                                                                          *****
*****                                            code system: SCALE   version: 6.2                                             *****
*****                                                                                                                          *****
************************************************************************************************************************************
************************************************************************************************************************************
*****                                                                                                                          *****
*****                                                                                                                          *****
*****                      program:  t-newt                                                                                    *****
*****                                                                                                                          *****
*****                      version:  6.2.1 (602001)                                                                            *****
*****                                                                                                                          *****
*****                     username:  lindsayad                                                                                 *****
*****                                                                                                                          *****
*****                     hostname:  lindsayad-Inspiron-5437                                                                   *****
*****                                                                                                                          *****
*****                                                                                                                          *****
*****            date of execution:  2017-01-05                                                                                *****
*****                                                                                                                          *****
*****            time of execution:  15:37:23                                                                                  *****
*****                                                                                                                          *****
************************************************************************************************************************************
************************************************************************************************************************************
************************************************************************************************************************************




 'solntype=b1

 'b2=1.05846e-3
------------------------------------------------------------------------------------------------------------------------------------

                          NEWT calculation started at 15:37:25 on  1/05/2017                              

------------------------------------------------------------------------------------------------------------------------------------



1         ***********************
          ***********************
          **  Control Options  **
          ***********************
          ***********************

 Run problem to completion/test input only          run=           yes
 Weighted cross-section collapse/do not collapse    collapse=      yes
 Source acceleration on/off                         accel=         yes
 Restart from earlier case/begin new case           restart=        no
 CMFD acceleration (0/1/2/3 = no/rect/yes/part)     cmfd=          0
 Number of fine mesh base grid/coarse grid in X     xcmfd=           1
 Number of fine mesh base grid/coarse grid in Y     ycmfd=           1
 CMFD Multigroup solution only (no 2g)              cmfd2g=         no
 Create restart file upon completion                savrest=       yes
 Calculation type:                                  eigenvalue with specified height
 Critical Spectrum Method:                          B1
 Forward/adjoint solution                           forward=       yes

1         **********************
          **********************
          **  Output Options  **
          **********************
          **********************

 Print micro. cross-sections for problem nuclides   prtxsec=        no
 Print macro. cross-sections for mixtures           prtmxsec=       no
 Print balance table                                prtbalnc=       no
 Print mixing table                                 prtmxtab=       no
 Print postscript graphics file for fluxes          prtflux=        no
 Print postscript grid/mixture geometry graphics    drawit=         no
 Print broad-group fluxes                           prtbroad=       no
 Echo convergence tracking data to std. output      echo=           no

1         ***************************
          ***************************
          ** I/O Unit Assignments  **
          ***************************
          ***************************

 Unit no. for mixing table                          mixtab=         92
 Unit no. of working library                        xnlib=           4
 Unit no. for weighted broad-group library          wtdlib=         30
 Unit no. for homogenized macroscopic x-sect. lib.  hmoglib=        13

1         *************************
          *************************
          ** Convergence Control **
          *************************
          *************************

 Quadrature order                                   sn=              6
 Maximum no. of inner itrs./outer/energy group      inners=          5
 Maximum no. of outer energy groups                 outers=          250
 Performing thermal group subouter iterations       therm=         yes
 Maximum no. of thermal group subouter itrs./outer  suboutrs=        2
 Convergence criterion on inner iterations          epsinner= 1.00E-04
 Convergence criterion on subouter iterations       epsthrm=  1.00E-04
 Convergence criterion on outer iterations          epsouter= 1.00E-04
 Convergence criterion on eigenvalue                epseigen= 1.00E-04
 First guess for eigenvalue (k-eff)                 kguess=       1.000

1         *****************************
          *****************************
          ** Geometry Specifications **
          *****************************
          *****************************

 Left side x-coordinate                             xmin= -5.07000E+00
 Right side x-coordinate                            xmax=  5.07000E+00
 Bottom side y-coordinate                           ymin= -5.07000E+00
 Top side y-coordinate                              ymax=  5.07000E+00
 Number of subdivisions in x direction              nx=             10
 Number of subdivisions in y direction              ny=             10
 Axial (z) height (buckling correction)             dz=           9.260050E+01
 Buckling correction factor (for extrap. length)    bf=           1.420892E+00

 Boundary Conditions (0/1/2/3=vacuum/reflective/white/periodic):
 Left (West)          wbc=         1
 Right (East)         ebc=         1
 Bottom (South)       sbc=         1
 Top (North)          nbc=         1

  Body Characteristics.  Rotation angle in degrees counterclockwise.
  Size parameters. cyl: A=radius, B=no. of sides. cub: A=width, B=height. hex: A(B)=major(minor) radius.
  Body  Input  Zone    Subdiv      --Center--      Size Parameters   Rotation   Chord
  Type  Unit   Number  nx  ny      x        y        A        B      Angle      Information
  ----  -----  -----  --- ---   ------   ------    -----    ------   --------   -----------
 cub    10     1      10  10    0.000    0.000   10.140   10.140    0.000
 cyl    10     2       0   0    0.000    0.000    2.080   12.000    0.000

1         *****************************
          *****************************
          ** Material Specifications **
          *****************************
          *****************************

 Mat'l No.   SCALE ID   Pn order   External source ID   Description (if any)
    1          2           2               0           
    2          1           1               0           

1         ************************
          ************************
          ** Derived Parameters **
          ************************
          ************************

 Total number of energy groups                      numen=         238
 Number of broad groups in collapsed set            nbroad=          2
 Number of neutron groups                           igm=           238
 Number of gamma groups                             ipm=             0
 First thermal energy group                         iftg=          149
 Mixing table length                                nmix=             6
 Number of mixtures created                         nummat=          3
 Number of computational cells                      numcells=      120
 Number of computational surfaces (sides)           numlines=      268
 Combine small grid cells together                  combine=no
 Average number of sides/cell                       avnosides=     4.13
 Minimum number of sides/cell                       mnnosides=       5
 Maximum number of sides/cell                       mxnosides=       7
 Number of angles in quadrature set                 ndir=           24
 Maximum order of Legendre scattering               maxpn=           2
 Number of flux moments                             nmom             6

1         *****************************
          *****************************
          ** Energy Group Structures **
          *****************************
          *****************************

 Energy   Energy      Lethargy   Broad           Energy   Energy      Lethargy   Broad
 Group  Boundaries   Boundaries  Group           Group  Boundaries   Boundaries  Group
  No.      (eV)                   No.             No.      (eV)                   No. 
   1   2.00000E+07 -6.93147E-01    1              120   2.10000E+01  1.30736E+01     
   2   1.73330E+07 -5.50027E-01                   121   2.00000E+01  1.31224E+01     
   3   1.56830E+07 -4.49992E-01                   122   1.90000E+01  1.31737E+01     
   4   1.45500E+07 -3.75006E-01                   123   1.85000E+01  1.32003E+01     
   5   1.38400E+07 -3.24978E-01                   124   1.70000E+01  1.32849E+01     
   6   1.28400E+07 -2.49980E-01                   125   1.60000E+01  1.33455E+01     
   7   1.00000E+07  0.00000E+00                   126   1.50999E+01  1.34034E+01     
   8   8.18730E+06  2.00001E-01                   127   1.44000E+01  1.34509E+01     
   9   6.43400E+06  4.40989E-01                   128   1.37500E+01  1.34971E+01     
  10   4.80000E+06  7.33969E-01                   129   1.29000E+01  1.35609E+01     
  11   4.30400E+06  8.43040E-01                   130   1.19000E+01  1.36416E+01     
  12   3.00000E+06  1.20397E+00                   131   1.15000E+01  1.36757E+01     
  13   2.47900E+06  1.39473E+00                   132   1.00000E+01  1.38155E+01     
  14   2.35400E+06  1.44647E+00                   133   9.09999E+00  1.39098E+01     
  15   1.85000E+06  1.68740E+00                   134   8.09999E+00  1.40262E+01     
  16   1.50000E+06  1.89712E+00                   135   7.15000E+00  1.41510E+01     
  17   1.40000E+06  1.96611E+00                   136   7.00000E+00  1.41722E+01     
  18   1.35600E+06  1.99805E+00                   137   6.75000E+00  1.42086E+01     
  19   1.31700E+06  2.02723E+00                   138   6.50000E+00  1.42463E+01     
  20   1.25000E+06  2.07944E+00                   139   6.25000E+00  1.42855E+01     
  21   1.20000E+06  2.12026E+00                   140   6.00000E+00  1.43263E+01     
  22   1.10000E+06  2.20727E+00                   141   5.40000E+00  1.44317E+01     
  23   1.01000E+06  2.29263E+00                   142   5.00000E+00  1.45087E+01     
  24   9.20000E+05  2.38597E+00                   143   4.75000E+00  1.45600E+01     
  25   9.00000E+05  2.40795E+00                   144   4.00000E+00  1.47318E+01     
  26   8.75000E+05  2.43612E+00                   145   3.73000E+00  1.48017E+01     
  27   8.61100E+05  2.45213E+00                   146   3.50000E+00  1.48653E+01     
  28   8.20000E+05  2.50104E+00                   147   3.15000E+00  1.49707E+01     
  29   7.50000E+05  2.59027E+00                   148   3.04999E+00  1.50030E+01     
  30   6.79000E+05  2.68972E+00                   149   3.00000E+00  1.50195E+01    2
  31   6.70000E+05  2.70306E+00                   150   2.96999E+00  1.50295E+01     
  32   6.00000E+05  2.81341E+00                   151   2.87000E+00  1.50638E+01     
  33   5.73000E+05  2.85945E+00                   152   2.77000E+00  1.50992E+01     
  34   5.50000E+05  2.90042E+00                   153   2.66999E+00  1.51360E+01     
  35   4.99520E+05  2.99669E+00                   154   2.57000E+00  1.51742E+01     
  36   4.70000E+05  3.05761E+00                   155   2.46999E+00  1.52139E+01     
  37   4.40000E+05  3.12357E+00                   156   2.37999E+00  1.52510E+01     
  38   4.20000E+05  3.17009E+00                   157   2.29999E+00  1.52852E+01     
  39   4.00000E+05  3.21888E+00                   158   2.20999E+00  1.53251E+01     
  40   3.30000E+05  3.41125E+00                   159   2.12000E+00  1.53667E+01     
  41   2.70000E+05  3.61192E+00                   160   2.00000E+00  1.54249E+01     
  42   2.00000E+05  3.91202E+00                   161   1.94000E+00  1.54554E+01     
  43   1.50000E+05  4.19971E+00                   162   1.86000E+00  1.54975E+01     
  44   1.28300E+05  4.35597E+00                   163   1.77000E+00  1.55471E+01     
  45   1.00000E+05  4.60517E+00                   164   1.67999E+00  1.55993E+01     
  46   8.50000E+04  4.76769E+00                   165   1.58999E+00  1.56544E+01     
  47   8.20000E+04  4.80362E+00                   166   1.50000E+00  1.57126E+01     
  48   7.50000E+04  4.89285E+00                   167   1.45000E+00  1.57465E+01     
  49   7.30000E+04  4.91988E+00                   168   1.40000E+00  1.57816E+01     
  50   6.00000E+04  5.11600E+00                   169   1.34999E+00  1.58180E+01     
  51   5.20000E+04  5.25910E+00                   170   1.29999E+00  1.58557E+01     
  52   5.00000E+04  5.29832E+00                   171   1.25000E+00  1.58950E+01     
  53   4.50000E+04  5.40368E+00                   172   1.22499E+00  1.59152E+01     
  54   3.00000E+04  5.80914E+00                   173   1.20000E+00  1.59358E+01     
  55   2.50000E+04  5.99146E+00                   174   1.17499E+00  1.59568E+01     
  56   1.70000E+04  6.37713E+00                   175   1.15000E+00  1.59783E+01     
  57   1.30000E+04  6.64539E+00                   176   1.13999E+00  1.59871E+01     
  58   9.50000E+03  6.95905E+00                   177   1.12999E+00  1.59959E+01     
  59   8.03000E+03  7.12716E+00                   178   1.12000E+00  1.60048E+01     
  60   6.00000E+03  7.41858E+00                   179   1.11000E+00  1.60137E+01     
  61   3.90000E+03  7.84936E+00                   180   1.09999E+00  1.60228E+01     
  62   3.74000E+03  7.89125E+00                   181   1.08999E+00  1.60319E+01     
  63   3.00000E+03  8.11173E+00                   182   1.08000E+00  1.60411E+01     
  64   2.58000E+03  8.26255E+00                   183   1.07000E+00  1.60504E+01     
  65   2.29000E+03  8.38179E+00                   184   1.05999E+00  1.60598E+01     
  66   2.20000E+03  8.42188E+00                   185   1.04999E+00  1.60693E+01     
  67   1.80000E+03  8.62255E+00                   186   1.04000E+00  1.60789E+01     
  68   1.55000E+03  8.77209E+00                   187   1.03000E+00  1.60885E+01     
  69   1.50000E+03  8.80488E+00                   188   1.02000E+00  1.60983E+01     
  70   1.15000E+03  9.07058E+00                   189   1.00999E+00  1.61082E+01     
  71   9.50000E+02  9.26163E+00                   190   1.00000E+00  1.61181E+01     
  72   6.83000E+02  9.59160E+00                   191   9.75000E-01  1.61434E+01     
  73   6.70000E+02  9.61082E+00                   192   9.50000E-01  1.61694E+01     
  74   5.50000E+02  9.80818E+00                   193   9.25000E-01  1.61961E+01     
  75   3.05000E+02  1.03978E+01                   194   9.00000E-01  1.62235E+01     
  76   2.85000E+02  1.04656E+01                   195   8.50000E-01  1.62806E+01     
  77   2.40000E+02  1.06375E+01                   196   8.00000E-01  1.63412E+01     
  78   2.10000E+02  1.07710E+01                   197   7.50000E-01  1.64058E+01     
  79   2.07500E+02  1.07830E+01                   198   7.00000E-01  1.64748E+01     
  80   1.92500E+02  1.08580E+01                   199   6.50000E-01  1.65489E+01     
  81   1.86000E+02  1.08923E+01                   200   6.25000E-01  1.65881E+01     
  82   1.22000E+02  1.13141E+01                   201   6.00000E-01  1.66289E+01     
  83   1.19000E+02  1.13390E+01                   202   5.50000E-01  1.67159E+01     
  84   1.15000E+02  1.13732E+01                   203   5.00000E-01  1.68112E+01     
  85   1.08000E+02  1.14360E+01                   204   4.50000E-01  1.69166E+01     
  86   1.00000E+02  1.15129E+01                   205   4.00000E-01  1.70344E+01     
  87   9.00000E+01  1.16183E+01                   206   3.75000E-01  1.70989E+01     
  88   8.20000E+01  1.17114E+01                   207   3.50000E-01  1.71679E+01     
  89   8.00000E+01  1.17361E+01                   208   3.25000E-01  1.72420E+01     
  90   7.60000E+01  1.17874E+01                   209   3.00000E-01  1.73221E+01     
  91   7.20000E+01  1.18414E+01                   210   2.75000E-01  1.74091E+01     
  92   6.75000E+01  1.19060E+01                   211   2.50000E-01  1.75044E+01     
  93   6.50000E+01  1.19437E+01                   212   2.25000E-01  1.76098E+01     
  94   6.10000E+01  1.20072E+01                   213   2.00000E-01  1.77275E+01     
  95   5.90000E+01  1.20406E+01                   214   1.75000E-01  1.78611E+01     
  96   5.34000E+01  1.21403E+01                   215   1.50000E-01  1.80152E+01     
  97   5.20000E+01  1.21669E+01                   216   1.25000E-01  1.81975E+01     
  98   5.06000E+01  1.21941E+01                   217   1.00000E-01  1.84207E+01     
  99   4.92000E+01  1.22222E+01                   218   9.00000E-02  1.85260E+01     
 100   4.83000E+01  1.22407E+01                   219   8.00000E-02  1.86438E+01     
 101   4.70000E+01  1.22679E+01                   220   7.00000E-02  1.87774E+01     
 102   4.52000E+01  1.23070E+01                   221   6.00000E-02  1.89315E+01     
 103   4.40000E+01  1.23339E+01                   222   5.00000E-02  1.91138E+01     
 104   4.24000E+01  1.23709E+01                   223   4.00000E-02  1.93370E+01     
 105   4.10000E+01  1.24045E+01                   224   3.00000E-02  1.96247E+01     
 106   3.96000E+01  1.24393E+01                   225   2.53000E-02  1.97950E+01     
 107   3.91000E+01  1.24520E+01                   226   1.00000E-02  2.07233E+01     
 108   3.80000E+01  1.24805E+01                   227   7.50000E-03  2.10109E+01     
 109   3.70000E+01  1.25072E+01                   228   5.00000E-03  2.14164E+01     
 110   3.55000E+01  1.25486E+01                   229   4.00000E-03  2.16396E+01     
 111   3.46000E+01  1.25742E+01                   230   3.00000E-03  2.19272E+01     
 112   3.37500E+01  1.25991E+01                   231   2.50000E-03  2.21096E+01     
 113   3.32500E+01  1.26140E+01                   232   2.00000E-03  2.23327E+01     
 114   3.17500E+01  1.26602E+01                   233   1.50000E-03  2.26204E+01     
 115   3.12500E+01  1.26761E+01                   234   1.20000E-03  2.28435E+01     
 116   3.00000E+01  1.27169E+01                   235   1.00000E-03  2.30259E+01     
 117   2.75000E+01  1.28039E+01                   236   7.50000E-04  2.33135E+01     
 118   2.50000E+01  1.28992E+01                   237   5.00000E-04  2.37190E+01     
 119   2.25000E+01  1.30046E+01                   238   1.00000E-04  2.53284E+01     
                                                  239   1.00000E-05  2.76310E+01    3

1         ***************************
          ***************************
          ** Quadrature Parameters **
          ***************************
          ***************************

 Quadrature angles and weights for first quadrant:
 (  6 angles/quadrant for S- 6 quadrature.)

 Angle No.    Mu                  Eta                Weight       Angle in x-y   Elevation
                                                                 plane (degrees) (degrees)
    1    2.30091940D-01      2.30091940D-01      4.23616400D-02       45.00        71.01
    2    6.88134320D-01      2.30091940D-01      4.09716925D-02       18.49        43.48
    3    9.45576760D-01      2.30091940D-01      4.23616400D-02       13.68        13.30
    4    2.30091940D-01      6.88134320D-01      4.09716925D-02       71.51        43.48
    5    6.88134320D-01      6.88134320D-01      4.09716925D-02       45.00        13.30
    6    2.30091940D-01      9.45576760D-01      4.23616400D-02       76.32        13.30


1         **********************************
          **********************************
          ** Quadrature Reflection Angles **
          **********************************
          **********************************
                (Angles are in degrees)

       12 primary   (incoming) angles on each side.
       12 reflected (outgoing) angles on each side.

  Side No. (slope)   Direction No. Primary angle (slope/elevation) Reflecting Angle (slope/elevation)

      1  (   0.00)       1             1  (  45.00/  71.01)           19  ( -45.00/  71.01)
                         2             2  (  18.49/  43.48)           20  ( -18.49/  43.48)
                         3             3  (  13.68/  13.30)           21  ( -13.68/  13.30)
                         4             4  (  71.51/  43.48)           22  ( -71.51/  43.48)
                         5             5  (  45.00/  13.30)           23  ( -45.00/  13.30)
                         6             6  (  76.32/  13.30)           24  ( -76.32/  13.30)
                         7             7  ( 135.00/  71.01)           13  (-135.00/  71.01)
                         8             8  ( 161.51/  43.48)           14  (-161.51/  43.48)
                         9             9  ( 166.32/  13.30)           15  (-166.32/  13.30)
                        10            10  ( 108.49/  43.48)           16  (-108.49/  43.48)
                        11            11  ( 135.00/  13.30)           17  (-135.00/  13.30)
                        12            12  ( 103.68/  13.30)           18  (-103.68/  13.30)

      2  ( -90.00)       1             1  (  45.00/  71.01)            7  ( 135.00/  71.01)
                         2             2  (  18.49/  43.48)            8  ( 161.51/  43.48)
                         3             3  (  13.68/  13.30)            9  ( 166.32/  13.30)
                         4             4  (  71.51/  43.48)           10  ( 108.49/  43.48)
                         5             5  (  45.00/  13.30)           11  ( 135.00/  13.30)
                         6             6  (  76.32/  13.30)           12  ( 103.68/  13.30)
                         7            19  ( -45.00/  71.01)           13  (-135.00/  71.01)
                         8            20  ( -18.49/  43.48)           14  (-161.51/  43.48)
                         9            21  ( -13.68/  13.30)           15  (-166.32/  13.30)
                        10            22  ( -71.51/  43.48)           16  (-108.49/  43.48)
                        11            23  ( -45.00/  13.30)           17  (-135.00/  13.30)
                        12            24  ( -76.32/  13.30)           18  (-103.68/  13.30)

      3  (  90.00)       1             7  ( 135.00/  71.01)            1  (  45.00/  71.01)
                         2             8  ( 161.51/  43.48)            2  (  18.49/  43.48)
                         3             9  ( 166.32/  13.30)            3  (  13.68/  13.30)
                         4            10  ( 108.49/  43.48)            4  (  71.51/  43.48)
                         5            11  ( 135.00/  13.30)            5  (  45.00/  13.30)
                         6            12  ( 103.68/  13.30)            6  (  76.32/  13.30)
                         7            13  (-135.00/  71.01)           19  ( -45.00/  71.01)
                         8            14  (-161.51/  43.48)           20  ( -18.49/  43.48)
                         9            15  (-166.32/  13.30)           21  ( -13.68/  13.30)
                        10            16  (-108.49/  43.48)           22  ( -71.51/  43.48)
                        11            17  (-135.00/  13.30)           23  ( -45.00/  13.30)
                        12            18  (-103.68/  13.30)           24  ( -76.32/  13.30)

      4  ( 180.00)       1            13  (-135.00/  71.01)            7  ( 135.00/  71.01)
                         2            14  (-161.51/  43.48)            8  ( 161.51/  43.48)
                         3            15  (-166.32/  13.30)            9  ( 166.32/  13.30)
                         4            16  (-108.49/  43.48)           10  ( 108.49/  43.48)
                         5            17  (-135.00/  13.30)           11  ( 135.00/  13.30)
                         6            18  (-103.68/  13.30)           12  ( 103.68/  13.30)
                         7            19  ( -45.00/  71.01)            1  (  45.00/  71.01)
                         8            20  ( -18.49/  43.48)            2  (  18.49/  43.48)
                         9            21  ( -13.68/  13.30)            3  (  13.68/  13.30)
                        10            22  ( -71.51/  43.48)            4  (  71.51/  43.48)
                        11            23  ( -45.00/  13.30)            5  (  45.00/  13.30)
                        12            24  ( -76.32/  13.30)            6  (  76.32/  13.30)





 Scattering constants for first quadrant
 ( 6 moments for p-2 scattering)
 Angle       ------------------------- Moment No. -------------------------
  No.       0             1             2             3             4             5
    1    1.00000E+00  3.98531E-01 -2.81804E-01 -9.40460E-01 -1.44988E-01 -1.15182E+00
    2    1.00000E+00  1.19188E+00 -2.81804E-01  4.70230E-01 -4.33616E-01 -5.75912E-01
    3    1.00000E+00  1.63779E+00 -2.81804E-01  1.88092E+00 -5.95839E-01  1.47310E-08
    4    1.00000E+00  3.98531E-01 -8.42789E-01 -9.40460E-01 -4.33616E-01 -1.97499E-08
    5    1.00000E+00  1.19188E+00 -8.42789E-01  4.70230E-01 -1.29681E+00  5.75912E-01
    6    1.00000E+00  3.98531E-01 -1.15809E+00 -9.40460E-01 -5.95839E-01  1.15182E+00


1         **************************
          **************************
          **** Mixture Volumes *****
          **************************
          **************************


  Mixture       Volume        Volume
    ID     (cc/unit length)  Fraction
     0       0.00000E+00      0.00000E+00
     2       8.92278E+01      8.67809E-01
     1       1.35918E+01      1.32191E-01
 Total       1.02820E+02      1.00000E+00


  Memory size of attenuation factors(MB)=     14.99



 =====================================================================================
   Outer iteration sweep begins.

 Outer  Eigen-  Eigenvalue Max Flux  Max Flux     Max Fuel  Max Fuel     Inners 
 It. #   value     Delta    Delta   Location(r,g)  Delta   Location(r,g) Cnvrged
 - - - - - - - - - - - - - - - - - - - - - - - - - - - - - - - - - - - - - - - - 
    1 1.00000   0.000E+00 9.024E+03 (   72,238)   1.000E+00 (   47,  0)    F
    2 0.64947   5.397E-01 3.281E+01 (   12,  2)   5.993E-01 (   59,  0)    F
    3 0.76435   1.503E-01 7.503E+00 (   37,  1)   8.820E-02 (   60,  0)    F
    4 0.92041   1.696E-01 7.356E+00 (   30,  1)   9.529E-02 (   59,  0)    F
    5 1.02173   9.917E-02 7.317E+00 (   60,  1)   5.307E-02 (   59,  0)    F
    6 1.07662   5.098E-02 7.307E+00 (   60,  1)   2.644E-02 (   59,  0)    F
    7 1.11054   3.054E-02 7.304E+00 (   59,  1)   1.553E-02 (   60,  0)    F
    8 1.13890   2.490E-02 7.302E+00 (   72,  1)   1.275E-02 (  111,  0)    F
    9 1.16639   2.357E-02 7.302E+00 (   59,  1)   1.211E-02 (  111,  0)    F
   10 1.19294   2.225E-02 7.301E+00 (   71,  1)   1.144E-02 (  119,  0)    F
   11 1.21760   2.026E-02 7.301E+00 (   59,  1)   1.040E-02 (   74,  0)    F
   12 1.23989   1.798E-02 7.301E+00 (   72,  1)   9.216E-03 (   96,  0)    F
   13 1.25977   1.579E-02 7.301E+00 (   59,  1)   8.084E-03 (  111,  0)    F
   14 1.27746   1.385E-02 7.301E+00 (   71,  1)   7.083E-03 (   95,  0)    F
   15 1.29321   1.217E-02 7.301E+00 (   72,  1)   6.221E-03 (   96,  0)    F
   16 1.30723   1.073E-02 7.301E+00 (   60,  1)   5.477E-03 (  116,  0)    F
   17 1.31972   9.467E-03 7.301E+00 (   59,  1)   4.829E-03 (  111,  0)    F
   18 1.33085   8.363E-03 7.301E+00 (   71,  1)   4.263E-03 (  113,  0)    F
   19 1.34076   7.391E-03 7.301E+00 (   59,  1)   3.765E-03 (  116,  0)    F
   20 1.34958   6.535E-03 7.301E+00 (   72,  1)   3.327E-03 (  119,  0)    F
   21 1.35743   5.779E-03 7.301E+00 (   59,  1)   2.941E-03 (   74,  0)    F
   22 1.36440   5.114E-03 5.033E-03 (   59,224)   2.601E-03 (  113,  0)    F
   23 1.37061   4.526E-03 4.435E-03 (   60,224)   2.301E-03 (  111,  0)    F
   24 1.37612   4.007E-03 3.911E-03 (   59,224)   2.037E-03 (  119,  0)    F
   25 1.38102   3.548E-03 3.451E-03 (   72,224)   1.803E-03 (   69,  0)    F
   26 1.38537   3.142E-03 3.047E-03 (   59,224)   1.596E-03 (  111,  0)    F
   27 1.38924   2.784E-03 2.693E-03 (   59,224)   1.414E-03 (  119,  0)    F
   28 1.39268   2.467E-03 2.380E-03 (   72,224)   1.253E-03 (   95,  0)    F
   29 1.39573   2.187E-03 2.105E-03 (   72,224)   1.110E-03 (  111,  0)    F
   30 1.39844   1.938E-03 1.862E-03 (   59,224)   9.839E-04 (  116,  0)    F
   31 1.40085   1.718E-03 1.648E-03 (   71,224)   8.720E-04 (   74,  0)    F
   32 1.40299   1.523E-03 1.459E-03 (   72,224)   7.731E-04 (   95,  0)    F
   33 1.40488   1.350E-03 1.292E-03 (   59,224)   6.852E-04 (  111,  0)    F
   34 1.40657   1.198E-03 1.144E-03 (   60,224)   6.075E-04 (  119,  0)    F
   35 1.40806   1.062E-03 1.014E-03 (   59,224)   5.388E-04 (  111,  0)    F
   36 1.40939   9.421E-04 8.984E-04 (   60,224)   4.779E-04 (   96,  0)    F
   37 1.41055   8.248E-04 7.962E-04 (   72,224)   4.238E-04 (   95,  0)    F
   38 1.41156   7.115E-04 7.058E-04 (   71,224)   3.766E-04 (  113,  0)    F
   39 1.41243   6.144E-04 6.283E-04 (    2,224)   3.364E-04 (  111,  0)    F
   40 1.41318   5.323E-04 5.554E-04 (    3,228)   3.017E-04 (   95,  0)    F
   41 1.41383   4.633E-04 4.916E-04 (   71,224)   2.719E-04 (  111,  0)    F
   42 1.41441   4.104E-04 4.393E-04 (    3,227)   2.494E-04 (  113,  0)    F
   43 1.41493   3.621E-04 3.947E-04 (    4,226)   2.271E-04 (  111,  0)    F
   44 1.41538   3.212E-04 3.518E-04 (   59,224)   2.084E-04 (  119,  0)    F
   45 1.41578   2.837E-04 3.174E-04 (   60,224)   1.903E-04 (   96,  0)    F
   46 1.41614   2.558E-04 2.906E-04 (    2,224)   1.779E-04 (  113,  0)    F
   47 1.41647   2.287E-04 2.602E-04 (    1,220)   1.640E-04 (   74,  0)    F
   48 1.41676   2.079E-04 2.382E-04 (    4,223)   1.543E-04 (  119,  0)    F
   49 1.41702   1.819E-04 2.144E-04 (  103,224)   1.392E-04 (  111,  0)    F
   50 1.41726   1.680E-04 1.965E-04 (   60,224)   1.344E-04 (  116,  0)    F
   51 1.41747   1.493E-04 1.808E-04 (   59,224)   1.228E-04 (  111,  0)    F
   52 1.41766   1.332E-04 1.675E-04 (    2,228)   1.143E-04 (  119,  0)    F
   53 1.41783   1.185E-04 1.535E-04 (   71,226)   1.062E-04 (  111,  0)    F
   54 1.41798   1.051E-04 1.430E-04 (   59,224)   9.856E-05 (  116,  0)    F
   55 1.41811   9.608E-05 1.330E-04 (   71,224)   9.465E-05 (   96,  0)    F
   56 1.41824   8.798E-05 1.248E-04 (    1,226)   8.853E-05 (  119,  0)    F
 k-eff =       1.41823805                                                                                     



   Four-Factor Estimate of k-infinity.  Fast/Thermal boundary:   0.6250 eV
      Fiss. neutrons/thermal abs. (eta):          1.648264
      Thermal utilization (f):                    0.976762
      Resonance Escape probability (p):           0.663942
      Fast-fission factor (epsilon):              1.328134
                                            --------------
      Infinite neutron multiplication             1.419670


   Alternate 3-Group Formulation Terms. 
   Fast/Res. boundary:   0.8210 MeV.  Res./Therm. boundary:   0.6250eV
      Fiss. neutrons/thermal abs. (eta):          1.648264
      Thermal utilization (f):                    0.976762
      Resonance Escape probability (p):           0.668298
      Fast Escape probability (pf):               0.993482
      Fast-fission factor (epsilon):              1.328134




 Critical Spectra Calculated with the B1 Method
 Input height of  9.26005E+01 gives a corresponding k-eff of  1.00000E+00
 Equivalent buckling is  1.05844E-03 1/cm**2.
 However, cross-sections were weighted with the system-average flux spectrum.

  Group   Upper      Critical   Inf.Med.   Critical   Inf.Med.  
   No    Energy(eV)   Flux       Flux      Adj.Flux   Adj.Flux  

     1  2.0000E+07  0.000E+00  0.000E+00  6.906E-04  9.464E-04
     2  1.7333E+07  1.750E-07  1.479E-07  1.067E-03  1.447E-03
     3  1.5683E+07  1.241E-06  1.047E-06  1.426E-03  1.931E-03
     4  1.4550E+07  2.533E-06  2.145E-06  2.078E-03  2.813E-03
     5  1.3840E+07  4.847E-06  4.107E-06  1.361E-03  1.844E-03
     6  1.2840E+07  2.512E-05  2.147E-05  4.001E-04  5.418E-04
     7  1.0000E+07  9.879E-05  8.376E-05  4.981E-04  6.687E-04
     8  8.1873E+06  3.593E-04  3.103E-04  4.548E-04  6.077E-04
     9  6.4340E+06  9.401E-04  8.081E-04  3.931E-04  5.154E-04
    10  4.8000E+06  1.492E-03  1.274E-03  1.090E-03  1.401E-03
    11  4.3040E+06  2.061E-03  1.739E-03  3.399E-04  4.258E-04
    12  3.0000E+06  3.423E-03  2.884E-03  6.502E-04  8.034E-04
    13  2.4790E+06  4.302E-03  3.637E-03  2.406E-03  2.959E-03
    14  2.3540E+06  5.151E-03  4.378E-03  5.218E-04  6.355E-04
    15  1.8500E+06  5.916E-03  5.054E-03  6.102E-04  7.301E-04
    16  1.5000E+06  6.216E-03  5.321E-03  1.877E-03  2.219E-03
    17  1.4000E+06  6.162E-03  5.279E-03  4.070E-03  4.795E-03
    18  1.3560E+06  6.126E-03  5.249E-03  4.464E-03  5.247E-03
    19  1.3170E+06  6.048E-03  5.183E-03  2.502E-03  2.933E-03
    20  1.2500E+06  6.049E-03  5.187E-03  3.209E-03  3.751E-03
    21  1.2000E+06  6.236E-03  5.353E-03  1.511E-03  1.760E-03
    22  1.1000E+06  6.331E-03  5.441E-03  1.547E-03  1.794E-03
    23  1.0100E+06  6.245E-03  5.372E-03  1.422E-03  1.641E-03
    24  9.2000E+05  6.207E-03  5.343E-03  6.056E-03  6.970E-03
    25  9.0000E+05  6.270E-03  5.399E-03  4.730E-03  5.438E-03
    26  8.7500E+05  6.248E-03  5.381E-03  8.330E-03  9.568E-03
    27  8.6110E+05  6.274E-03  5.405E-03  2.731E-03  3.133E-03
    28  8.2000E+05  6.319E-03  5.449E-03  1.501E-03  1.717E-03
    29  7.5000E+05  6.324E-03  5.460E-03  1.352E-03  1.541E-03
    30  6.7900E+05  6.281E-03  5.426E-03  1.010E-02  1.149E-02
    31  6.7000E+05  6.081E-03  5.256E-03  1.224E-03  1.389E-03
    32  6.0000E+05  6.029E-03  5.216E-03  2.943E-03  3.330E-03
    33  5.7300E+05  6.067E-03  5.251E-03  3.312E-03  3.743E-03
    34  5.5000E+05  5.888E-03  5.099E-03  1.413E-03  1.593E-03
    35  4.9952E+05  5.849E-03  5.069E-03  2.237E-03  2.518E-03
    36  4.7000E+05  5.634E-03  4.886E-03  2.070E-03  2.325E-03
    37  4.4000E+05  5.296E-03  4.593E-03  2.940E-03  3.298E-03
    38  4.2000E+05  5.282E-03  4.584E-03  2.806E-03  3.144E-03
    39  4.0000E+05  5.033E-03  4.372E-03  7.133E-04  7.975E-04
    40  3.3000E+05  4.558E-03  3.965E-03  6.862E-04  7.647E-04
    41  2.7000E+05  4.569E-03  3.986E-03  4.605E-04  5.114E-04
    42  2.0000E+05  4.967E-03  4.349E-03  4.825E-04  5.336E-04
    43  1.5000E+05  5.063E-03  4.444E-03  8.923E-04  9.827E-04
    44  1.2830E+05  4.625E-03  4.069E-03  5.615E-04  6.164E-04
    45  1.0000E+05  4.698E-03  4.141E-03  8.641E-04  9.454E-04
    46  8.5000E+04  5.375E-03  4.743E-03  3.912E-03  4.276E-03
    47  8.2000E+04  5.338E-03  4.716E-03  1.577E-03  1.722E-03
    48  7.5000E+04  5.197E-03  4.595E-03  5.211E-03  5.687E-03
    49  7.3000E+04  5.138E-03  4.552E-03  7.196E-04  7.840E-04
    50  6.0000E+04  5.019E-03  4.456E-03  9.895E-04  1.075E-03
    51  5.2000E+04  4.612E-03  4.098E-03  3.617E-03  3.923E-03
    52  5.0000E+04  4.480E-03  3.983E-03  1.348E-03  1.461E-03
    53  4.5000E+04  4.941E-03  4.416E-03  3.511E-04  3.797E-04
    54  3.0000E+04  4.541E-03  4.069E-03  7.859E-04  8.455E-04
    55  2.5000E+04  4.887E-03  4.400E-03  3.729E-04  4.001E-04
    56  1.7000E+04  4.787E-03  4.328E-03  5.399E-04  5.763E-04
    57  1.3000E+04  4.743E-03  4.306E-03  4.642E-04  4.935E-04
    58  9.5000E+03  4.709E-03  4.288E-03  8.704E-04  9.222E-04
    59  8.0300E+03  4.679E-03  4.275E-03  5.042E-04  5.326E-04
    60  6.0000E+03  4.627E-03  4.253E-03  3.431E-04  3.610E-04
    61  3.9000E+03  4.605E-03  4.242E-03  3.554E-03  3.723E-03
    62  3.7400E+03  4.582E-03  4.227E-03  6.766E-04  7.077E-04
    63  3.0000E+03  4.556E-03  4.213E-03  9.932E-04  1.036E-03
    64  2.5800E+03  4.536E-03  4.203E-03  1.260E-03  1.312E-03
    65  2.2900E+03  4.528E-03  4.199E-03  3.753E-03  3.904E-03
    66  2.2000E+03  4.506E-03  4.186E-03  7.520E-04  7.811E-04
    67  1.8000E+03  4.486E-03  4.178E-03  1.014E-03  1.050E-03
    68  1.5500E+03  4.461E-03  4.159E-03  4.631E-03  4.793E-03
    69  1.5000E+03  4.449E-03  4.158E-03  5.735E-04  5.927E-04
    70  1.1500E+03  4.415E-03  4.139E-03  8.021E-04  8.265E-04
    71  9.5000E+02  4.373E-03  4.115E-03  4.672E-04  4.800E-04
    72  6.8300E+02  4.288E-03  4.044E-03  8.059E-03  8.255E-03
    73  6.7000E+02  4.334E-03  4.093E-03  7.877E-04  8.061E-04
    74  5.5000E+02  4.254E-03  4.047E-03  2.654E-04  2.708E-04
    75  3.0500E+02  4.174E-03  3.980E-03  2.344E-03  2.377E-03
    76  2.8500E+02  4.174E-03  3.986E-03  9.295E-04  9.414E-04
    77  2.4000E+02  4.139E-03  3.960E-03  1.206E-03  1.219E-03
    78  2.1000E+02  4.138E-03  3.963E-03  1.354E-02  1.367E-02
    79  2.0750E+02  4.061E-03  3.891E-03  2.139E-03  2.160E-03
    80  1.9250E+02  4.118E-03  3.948E-03  4.714E-03  4.758E-03
    81  1.8600E+02  4.055E-03  3.906E-03  3.865E-04  3.894E-04
    82  1.2200E+02  3.816E-03  3.682E-03  6.407E-03  6.428E-03
    83  1.1900E+02  4.014E-03  3.875E-03  4.864E-03  4.879E-03
    84  1.1500E+02  3.906E-03  3.772E-03  2.615E-03  2.621E-03
    85  1.0800E+02  3.974E-03  3.841E-03  2.173E-03  2.178E-03
    86  1.0000E+02  3.956E-03  3.828E-03  1.587E-03  1.588E-03
    87  9.0000E+01  3.949E-03  3.827E-03  1.799E-03  1.799E-03
    88  8.2000E+01  3.942E-03  3.824E-03  6.789E-03  6.784E-03
    89  8.0000E+01  3.939E-03  3.822E-03  3.277E-03  3.272E-03
    90  7.6000E+01  3.920E-03  3.806E-03  3.117E-03  3.111E-03
    91  7.2000E+01  3.768E-03  3.661E-03  2.546E-03  2.540E-03
    92  6.7500E+01  3.881E-03  3.774E-03  4.509E-03  4.497E-03
    93  6.5000E+01  3.870E-03  3.766E-03  2.687E-03  2.678E-03
    94  6.1000E+01  3.629E-03  3.532E-03  4.906E-03  4.887E-03
    95  5.9000E+01  3.818E-03  3.721E-03  1.725E-03  1.716E-03
    96  5.3400E+01  3.814E-03  3.719E-03  6.473E-03  6.440E-03
    97  5.2000E+01  3.809E-03  3.716E-03  6.302E-03  6.268E-03
    98  5.0600E+01  3.805E-03  3.713E-03  6.133E-03  6.098E-03
    99  4.9200E+01  3.792E-03  3.702E-03  9.330E-03  9.269E-03
   100  4.8300E+01  3.806E-03  3.717E-03  6.311E-03  6.271E-03
   101  4.7000E+01  3.803E-03  3.716E-03  4.410E-03  4.380E-03
   102  4.5200E+01  3.799E-03  3.713E-03  6.402E-03  6.357E-03
   103  4.4000E+01  3.792E-03  3.708E-03  4.652E-03  4.617E-03
   104  4.2400E+01  3.796E-03  3.714E-03  5.132E-03  5.092E-03
   105  4.1000E+01  3.789E-03  3.709E-03  4.965E-03  4.923E-03
   106  3.9600E+01  3.788E-03  3.709E-03  1.358E-02  1.346E-02
   107  3.9100E+01  3.790E-03  3.712E-03  6.041E-03  5.989E-03
   108  3.8000E+01  3.784E-03  3.708E-03  6.473E-03  6.414E-03
   109  3.7000E+01  3.777E-03  3.703E-03  4.176E-03  4.136E-03
   110  3.5500E+01  3.773E-03  3.701E-03  6.738E-03  6.670E-03
   111  3.4600E+01  3.765E-03  3.694E-03  6.955E-03  6.882E-03
   112  3.3750E+01  3.768E-03  3.697E-03  1.157E-02  1.145E-02
   113  3.3250E+01  3.762E-03  3.694E-03  3.738E-03  3.698E-03
   114  3.1750E+01  3.763E-03  3.696E-03  1.086E-02  1.074E-02
   115  3.1250E+01  3.759E-03  3.693E-03  4.220E-03  4.173E-03
   116  3.0000E+01  3.749E-03  3.687E-03  1.986E-03  1.962E-03
   117  2.7500E+01  3.736E-03  3.679E-03  1.830E-03  1.807E-03
   118  2.5000E+01  3.495E-03  3.445E-03  1.614E-03  1.592E-03
   119  2.2500E+01  3.327E-03  3.283E-03  2.486E-03  2.449E-03
   120  2.1000E+01  3.520E-03  3.476E-03  3.729E-03  3.675E-03
   121  2.0000E+01  3.502E-03  3.461E-03  3.552E-03  3.499E-03
   122  1.9000E+01  3.476E-03  3.436E-03  6.842E-03  6.734E-03
   123  1.8500E+01  3.484E-03  3.447E-03  2.154E-03  2.121E-03
   124  1.7000E+01  3.461E-03  3.428E-03  3.011E-03  2.961E-03
   125  1.6000E+01  3.452E-03  3.422E-03  3.151E-03  3.097E-03
   126  1.5100E+01  3.472E-03  3.445E-03  3.838E-03  3.774E-03
   127  1.4400E+01  3.461E-03  3.435E-03  3.948E-03  3.880E-03
   128  1.3750E+01  3.442E-03  3.419E-03  2.861E-03  2.809E-03
   129  1.2900E+01  3.425E-03  3.405E-03  2.264E-03  2.221E-03
   130  1.1900E+01  3.435E-03  3.418E-03  5.330E-03  5.232E-03
   131  1.1500E+01  3.396E-03  3.384E-03  1.307E-03  1.281E-03
   132  1.0000E+01  3.393E-03  3.386E-03  1.932E-03  1.894E-03
   133  9.1000E+00  3.388E-03  3.386E-03  1.565E-03  1.533E-03
   134  8.1000E+00  3.378E-03  3.382E-03  1.461E-03  1.430E-03
   135  7.1500E+00  3.354E-03  3.361E-03  8.610E-03  8.413E-03
   136  7.0000E+00  3.280E-03  3.287E-03  5.045E-03  4.915E-03
   137  6.7500E+00  3.304E-03  3.313E-03  4.850E-03  4.733E-03
   138  6.5000E+00  3.328E-03  3.338E-03  4.653E-03  4.546E-03
   139  6.2500E+00  3.324E-03  3.336E-03  4.470E-03  4.366E-03
   140  6.0000E+00  3.314E-03  3.330E-03  1.731E-03  1.690E-03
   141  5.4000E+00  3.305E-03  3.324E-03  2.370E-03  2.312E-03
   142  5.0000E+00  3.290E-03  3.313E-03  3.559E-03  3.470E-03
   143  4.7500E+00  3.282E-03  3.310E-03  1.062E-03  1.034E-03
   144  4.0000E+00  3.267E-03  3.300E-03  2.610E-03  2.541E-03
   145  3.7300E+00  3.238E-03  3.274E-03  2.871E-03  2.790E-03
   146  3.5000E+00  3.240E-03  3.280E-03  1.733E-03  1.684E-03
   147  3.1500E+00  3.237E-03  3.280E-03  5.656E-03  5.494E-03
   148  3.0500E+00  3.234E-03  3.277E-03  1.104E-02  1.073E-02
   149  3.0000E+00  3.917E-03  3.973E-03  1.816E-02  1.764E-02
   150  2.9700E+00  3.769E-03  3.823E-03  5.331E-03  5.177E-03
   151  2.8700E+00  3.732E-03  3.787E-03  5.149E-03  4.999E-03
   152  2.7700E+00  3.748E-03  3.805E-03  4.967E-03  4.820E-03
   153  2.6700E+00  3.759E-03  3.819E-03  4.786E-03  4.643E-03
   154  2.5700E+00  3.739E-03  3.800E-03  4.602E-03  4.463E-03
   155  2.4700E+00  3.659E-03  3.721E-03  4.919E-03  4.768E-03
   156  2.3800E+00  3.511E-03  3.573E-03  5.343E-03  5.167E-03
   157  2.3000E+00  3.371E-03  3.432E-03  4.591E-03  4.437E-03
   158  2.2100E+00  3.243E-03  3.306E-03  4.413E-03  4.272E-03
   159  2.1200E+00  3.254E-03  3.318E-03  3.148E-03  3.049E-03
   160  2.0000E+00  3.277E-03  3.344E-03  6.027E-03  5.834E-03
   161  1.9400E+00  3.263E-03  3.332E-03  4.365E-03  4.222E-03
   162  1.8600E+00  3.229E-03  3.299E-03  3.711E-03  3.586E-03
   163  1.7700E+00  3.221E-03  3.293E-03  3.514E-03  3.400E-03
   164  1.6800E+00  3.243E-03  3.318E-03  3.310E-03  3.210E-03
   165  1.5900E+00  3.259E-03  3.337E-03  3.115E-03  3.025E-03
   166  1.5000E+00  3.265E-03  3.346E-03  5.340E-03  5.190E-03
   167  1.4500E+00  3.272E-03  3.356E-03  5.151E-03  5.008E-03
   168  1.4000E+00  3.282E-03  3.367E-03  4.961E-03  4.826E-03
   169  1.3500E+00  3.294E-03  3.382E-03  4.774E-03  4.645E-03
   170  1.3000E+00  3.308E-03  3.398E-03  4.588E-03  4.466E-03
   171  1.2500E+00  3.318E-03  3.410E-03  8.894E-03  8.658E-03
   172  1.2250E+00  3.326E-03  3.420E-03  8.716E-03  8.485E-03
   173  1.2000E+00  3.335E-03  3.431E-03  8.525E-03  8.300E-03
   174  1.1750E+00  3.345E-03  3.442E-03  8.349E-03  8.128E-03
   175  1.1500E+00  3.351E-03  3.450E-03  2.052E-02  1.998E-02
   176  1.1400E+00  3.355E-03  3.454E-03  2.036E-02  1.982E-02
   177  1.1300E+00  3.360E-03  3.460E-03  2.020E-02  1.966E-02
   178  1.1200E+00  3.364E-03  3.465E-03  2.000E-02  1.947E-02
   179  1.1100E+00  3.369E-03  3.470E-03  1.979E-02  1.927E-02
   180  1.1000E+00  3.373E-03  3.475E-03  1.963E-02  1.911E-02
   181  1.0900E+00  3.378E-03  3.481E-03  1.947E-02  1.895E-02
   182  1.0800E+00  3.383E-03  3.486E-03  1.927E-02  1.876E-02
   183  1.0700E+00  3.388E-03  3.492E-03  1.907E-02  1.856E-02
   184  1.0600E+00  3.393E-03  3.499E-03  1.890E-02  1.840E-02
   185  1.0500E+00  3.399E-03  3.505E-03  1.874E-02  1.824E-02
   186  1.0400E+00  3.404E-03  3.512E-03  1.854E-02  1.805E-02
   187  1.0300E+00  3.410E-03  3.519E-03  1.836E-02  1.787E-02
   188  1.0200E+00  3.417E-03  3.526E-03  1.816E-02  1.768E-02
   189  1.0100E+00  3.423E-03  3.534E-03  1.802E-02  1.754E-02
   190  1.0000E+00  3.436E-03  3.548E-03  7.073E-03  6.884E-03
   191  9.7500E-01  3.455E-03  3.570E-03  6.892E-03  6.707E-03
   192  9.5000E-01  3.476E-03  3.595E-03  6.712E-03  6.531E-03
   193  9.2500E-01  3.501E-03  3.624E-03  6.532E-03  6.355E-03
   194  9.0000E-01  3.547E-03  3.677E-03  3.131E-03  3.045E-03
   195  8.5000E-01  3.622E-03  3.765E-03  2.951E-03  2.870E-03
   196  8.0000E-01  3.723E-03  3.884E-03  2.772E-03  2.694E-03
   197  7.5000E-01  3.863E-03  4.049E-03  2.593E-03  2.519E-03
   198  7.0000E-01  4.058E-03  4.281E-03  2.415E-03  2.344E-03
   199  6.5000E-01  4.248E-03  4.509E-03  4.563E-03  4.429E-03
   200  6.2500E-01  4.412E-03  4.706E-03  4.385E-03  4.254E-03
   201  6.0000E-01  4.728E-03  5.085E-03  2.057E-03  1.995E-03
   202  5.5000E-01  5.277E-03  5.751E-03  1.879E-03  1.821E-03
   203  5.0000E-01  6.039E-03  6.678E-03  1.700E-03  1.646E-03
   204  4.5000E-01  7.067E-03  7.937E-03  1.521E-03  1.472E-03
   205  4.0000E-01  8.008E-03  9.095E-03  2.777E-03  2.685E-03
   206  3.7500E-01  8.759E-03  1.002E-02  2.598E-03  2.511E-03
   207  3.5000E-01  9.585E-03  1.105E-02  2.419E-03  2.337E-03
   208  3.2500E-01  1.047E-02  1.215E-02  2.240E-03  2.163E-03
   209  3.0000E-01  1.138E-02  1.329E-02  2.061E-03  1.989E-03
   210  2.7500E-01  1.229E-02  1.443E-02  1.882E-03  1.815E-03
   211  2.5000E-01  1.311E-02  1.548E-02  1.703E-03  1.641E-03
   212  2.2500E-01  1.376E-02  1.632E-02  1.524E-03  1.467E-03
   213  2.0000E-01  1.411E-02  1.681E-02  1.344E-03  1.294E-03
   214  1.7500E-01  1.403E-02  1.678E-02  1.165E-03  1.120E-03
   215  1.5000E-01  1.336E-02  1.603E-02  9.855E-04  9.467E-04
   216  1.2500E-01  1.200E-02  1.444E-02  8.061E-04  7.735E-04
   217  1.0000E-01  1.061E-02  1.279E-02  1.709E-03  1.638E-03
   218  9.0000E-02  9.543E-03  1.152E-02  1.529E-03  1.465E-03
   219  8.0000E-02  8.358E-03  1.010E-02  1.350E-03  1.292E-03
   220  7.0000E-02  7.057E-03  8.534E-03  1.170E-03  1.120E-03
   221  6.0000E-02  5.682E-03  6.877E-03  9.902E-04  9.466E-04
   222  5.0000E-02  4.275E-03  5.177E-03  8.098E-04  7.734E-04
   223  4.0000E-02  2.901E-03  3.516E-03  6.287E-04  5.999E-04
   224  3.0000E-02  1.985E-03  2.406E-03  1.062E-03  1.013E-03
   225  2.5300E-02  8.504E-04  1.031E-03  1.953E-04  1.859E-04
   226  1.0000E-02  2.512E-04  3.046E-04  6.311E-04  5.997E-04
   227  7.5000E-03  1.308E-04  1.586E-04  4.480E-04  4.255E-04
   228  5.0000E-03  6.979E-05  8.463E-05  8.144E-04  7.731E-04
   229  4.0000E-03  4.255E-05  5.159E-05  6.318E-04  5.996E-04
   230  3.0000E-03  2.658E-05  3.223E-05  9.970E-04  9.461E-04
   231  2.5000E-03  1.786E-05  2.166E-05  8.147E-04  7.730E-04
   232  2.0000E-03  1.083E-05  1.313E-05  6.319E-04  5.995E-04
   233  1.5000E-03  6.488E-06  7.865E-06  8.147E-04  7.729E-04
   234  1.2000E-03  4.324E-06  5.242E-06  9.971E-04  9.459E-04
   235  1.0000E-03  2.732E-06  3.311E-06  6.319E-04  5.995E-04
   236  7.5000E-04  1.386E-06  1.680E-06  4.483E-04  4.253E-04
   237  5.0000E-04  2.678E-07  3.246E-07  1.129E-04  1.071E-04
   238  1.0000E-04  7.107E-09  8.614E-09  7.891E-05  7.489E-05

 NOTE: Flux values above are per unit-lethargy.




  Collapsing cross-sections to specified  2-group format
 ******************************************************

  Creating library entitled: Cell-weighted cross-sections                                                                        


  Broad Group Parameters

  Group      Upper        Upper         Mid         Mid     Inv. Velocity   Fission
   No.    Energy (eV)   Lethargy    Energy (eV)   Lethargy      (s/cm)      Spectrum
     1    2.0000E+07  -6.9315E-01   0.0000E+00   7.1632E+00   4.7378E-08   1.0000E+00
     2    3.0000E+00   1.5019E+01   0.0000E+00   2.1325E+01   1.8853E-06   0.0000E+00
     3    1.0000E-05   2.7631E+01


  Cell Averaged Fluxes

  Mixture  Group  1      Group  2

     0    0.00000E+00   0.00000E+00
     2    2.15882E+00   1.17842E+00
     1    2.31470E+00   1.04204E+00
  Total   2.17942E+00   1.16039E+00



  Flux Disadvantage Factors (material/total flux)

  Mixture  Group  1      Group  2

     0    0.00000E+00   0.00000E+00
     2    9.90545E-01   1.01554E+00
     1    1.06207E+00   8.98004E-01
  Total   1.00000E+00   1.00000E+00



  Zone data

      Zone   Mix    Relative     Relative         Zone
       No.   No.      Flux     Fission Power     Volume
     -----------------------------------------------------------------
         1     2   4.98544E-01   0.00000E+00   8.92278E+01
         2     1   5.01456E-01   1.00000E+00   1.35918E+01



module xsproc is finished. completion code 0.
Sequence T-Newt is finished. completion code 0.

    SCALE is finished on Thu Jan  5 15:38:00 2017.
-------------------------- Summary --------------------------
t-newt finished. used 36.96 seconds.
SCALE driver required a maximum of 778.3 MiB of RAM.
------------------------ End Summary ------------------------

