 *******************************************************************************
 *                                                                             *
 *                                 SCALE 6.2.1                                 *
 *                                -------------                                *
 *                                January 2017                                 *
 *                                                                             *
 *           SCALE:  A Comprehensive Modeling and Simulation Suite             *
 *                   for Nuclear Safety Analysis and Design                    *
 *                                                                             *
 *                      Reactor and Nuclear Systems Division                   *
 *                        Oak Ridge National Laboratory                        *
 *                                                                             *
 *                           http://scale.ornl.gov                             *
 *                            scalehelp@ornl.gov                               *
 *                                                                             *
 *******************************************************************************
 *******************************************************************************
      
                  Job Information
                  ---------------
      Job started on lindsayad-Inspiron-5437 on Fri 06/01/2017 10:06:01
      Working directory: /tmp/scale.lindsayad.24965
      Input file name  : /home/lindsayad/scale/C834MNYCP02/SCALE-6.2.1/lindsayad/input/newt1.inp
      Output file name : /home/lindsayad/scale/C834MNYCP02/SCALE-6.2.1/lindsayad/input/newt1.out
      SCALE executable : /home/lindsayad/scale/C834MNYCP02/SCALE-6.2.1/bin/scale
      
 *******************************************************************************
The following data cards precede an = card
      '#TestGrep# "k-eff [=]" ${OUTPUTFILENAME}
      '#TestGrep# -i "erro[r]" ${OUTPUTFILENAME} | ${GREP} -v "[W]arnings and [E]rrors"
      '#TestGrep# "SCALE is finishe[d]" ${OUTPUTFILENAME} | ${AWK} "{print $1,$2,$3}"
      '#TestGrep# "is finishe[d]\." ${OUTPUTFILENAME} | ${AWK} "{print $1,$2,$3,$4,$5,$6,$7}"


    module t-newt will be called on Fri Jan  6 10:06:04 2017.
    sequence specification record:=t-newt 
Input Data:

      MSBR 
      v7-238
      read comp
      ' Fuel
      li-7 1 DEN=3.333 .0784 900 end
      li-6 1 DEN=3.333 3.36e-6 900 end
      f-19 1 DEN=3.333 .4536 900 end
      be-9 1 DEN=3.333 .0225 900 end
      th-232 1 DEN=3.333 .4347 900 end
      u-233 1 DEN=3.333.0109 900 end
      ' Moderator
      c-12 2 DEN=1.843 1 900 end
      end comp
      
      read celldata
      latticecell squarepitch pitch=10.14 2 fueld=4.16 1 end
      end celldata
      
      read model
      read parm
      'height=396
      'solntype=b1
      b2=7.01938E-04
      collapse=yes
      prtbroad=yes
      end parm
      read materials
        mix=2  pn=2  end
        mix=1  pn=1  end
      end materials
      read collapse 199r1 39r2 end collapse
      read geom
      global unit 10
      cylinder 11 2.08 origin x=5.155 y=5.155
      cylinder 21 2.08 origin x=15.295 y=5.155
      cylinder 31 2.08 origin x=5.155 y=15.295
      cylinder 41 2.08 origin x=15.295 y=15.295
      cuboid 12 20.45 0 20.45 0
      media 1 1 11
      media 1 1 21
      media 1 1 31
      media 1 1 41
      media 2 1 12 -11 -21 -31 -41
      boundary 12 30 30 
      end geom
      read bounds 
      all=refl
      end bounds
      end model
end




************************************************************************************************************************************
************************************************************************************************************************************
************************************************************************************************************************************
*****                                                                                                                          *****
*****                                             program verification information                                             *****
*****                                                                                                                          *****
*****                                            code system: SCALE   version: 6.2                                             *****
*****                                                                                                                          *****
************************************************************************************************************************************
************************************************************************************************************************************
*****                                                                                                                          *****
*****                                                                                                                          *****
*****                      program:  t-newt                                                                                    *****
*****                                                                                                                          *****
*****                      version:  6.2.1 (602001)                                                                            *****
*****                                                                                                                          *****
*****                     username:  lindsayad                                                                                 *****
*****                                                                                                                          *****
*****                     hostname:  lindsayad-Inspiron-5437                                                                   *****
*****                                                                                                                          *****
*****                                                                                                                          *****
*****            date of execution:  2017-01-06                                                                                *****
*****                                                                                                                          *****
*****            time of execution:  10:06:04                                                                                  *****
*****                                                                                                                          *****
************************************************************************************************************************************
************************************************************************************************************************************
************************************************************************************************************************************




 'height=396

 'solntype=b1
------------------------------------------------------------------------------------------------------------------------------------

                          NEWT calculation started at 10: 6: 6 on  1/06/2017                              

------------------------------------------------------------------------------------------------------------------------------------



1         ***********************
          ***********************
          **  Control Options  **
          ***********************
          ***********************

 Run problem to completion/test input only          run=           yes
 Weighted cross-section collapse/do not collapse    collapse=      yes
 Source acceleration on/off                         accel=         yes
 Restart from earlier case/begin new case           restart=        no
 CMFD acceleration (0/1/2/3 = no/rect/yes/part)     cmfd=          0
 Number of fine mesh base grid/coarse grid in X     xcmfd=           1
 Number of fine mesh base grid/coarse grid in Y     ycmfd=           1
 CMFD Multigroup solution only (no 2g)              cmfd2g=         no
 Create restart file upon completion                savrest=       yes
 Calculation type:                                  critical buckling               
 Critical Spectrum Method:                          B1
 Forward/adjoint solution                           forward=       yes

1         **********************
          **********************
          **  Output Options  **
          **********************
          **********************

 Print micro. cross-sections for problem nuclides   prtxsec=        no
 Print macro. cross-sections for mixtures           prtmxsec=       no
 Print balance table                                prtbalnc=       no
 Print mixing table                                 prtmxtab=       no
 Print postscript graphics file for fluxes          prtflux=        no
 Print postscript grid/mixture geometry graphics    drawit=         no
 Print broad-group fluxes                           prtbroad=      yes
 Echo convergence tracking data to std. output      echo=           no

1         ***************************
          ***************************
          ** I/O Unit Assignments  **
          ***************************
          ***************************

 Unit no. for mixing table                          mixtab=         92
 Unit no. of working library                        xnlib=           4
 Unit no. for weighted broad-group library          wtdlib=         30
 Unit no. for homogenized macroscopic x-sect. lib.  hmoglib=        13

1         *************************
          *************************
          ** Convergence Control **
          *************************
          *************************

 Quadrature order                                   sn=              6
 Maximum no. of inner itrs./outer/energy group      inners=          5
 Maximum no. of outer energy groups                 outers=          250
 Performing thermal group subouter iterations       therm=         yes
 Maximum no. of thermal group subouter itrs./outer  suboutrs=        2
 Convergence criterion on inner iterations          epsinner= 1.00E-04
 Convergence criterion on subouter iterations       epsthrm=  1.00E-04
 Convergence criterion on outer iterations          epsouter= 1.00E-04
 Convergence criterion on eigenvalue                epseigen= 1.00E-04
 First guess for eigenvalue (k-eff)                 kguess=       1.000

1         *****************************
          *****************************
          ** Geometry Specifications **
          *****************************
          *****************************

 Left side x-coordinate                             xmin=  0.00000E+00
 Right side x-coordinate                            xmax=  2.04500E+01
 Bottom side y-coordinate                           ymin=  0.00000E+00
 Top side y-coordinate                              ymax=  2.04500E+01
 Number of subdivisions in x direction              nx=             30
 Number of subdivisions in y direction              ny=             30
 Axial buckling factor (B**2)                       b2=           7.019380E-04

 Boundary Conditions (0/1/2/3=vacuum/reflective/white/periodic):
 Left (West)          wbc=         1
 Right (East)         ebc=         1
 Bottom (South)       sbc=         1
 Top (North)          nbc=         1

  Body Characteristics.  Rotation angle in degrees counterclockwise.
  Size parameters. cyl: A=radius, B=no. of sides. cub: A=width, B=height. hex: A(B)=major(minor) radius.
  Body  Input  Zone    Subdiv      --Center--      Size Parameters   Rotation   Chord
  Type  Unit   Number  nx  ny      x        y        A        B      Angle      Information
  ----  -----  -----  --- ---   ------   ------    -----    ------   --------   -----------
 cub    10     1      30  30   10.225   10.225   20.450   20.450    0.000
 cyl    10     2       0   0    5.155    5.155    2.080   12.000    0.000
 cyl    10     3       0   0   15.295    5.155    2.080   12.000    0.000
 cyl    10     4       0   0    5.155   15.295    2.080   12.000    0.000
 cyl    10     5       0   0   15.295   15.295    2.080   12.000    0.000

1         *****************************
          *****************************
          ** Material Specifications **
          *****************************
          *****************************

 Mat'l No.   SCALE ID   Pn order   External source ID   Description (if any)
    1          2           2               0           
    2          1           1               0           

1         ************************
          ************************
          ** Derived Parameters **
          ************************
          ************************

 Total number of energy groups                      numen=         238
 Number of broad groups in collapsed set            nbroad=          2
 Number of neutron groups                           igm=           238
 Number of gamma groups                             ipm=             0
 First thermal energy group                         iftg=          149
 Mixing table length                                nmix=             7
 Number of mixtures created                         nummat=          3
 Number of computational cells                      numcells=      996
 Number of computational surfaces (sides)           numlines=     2100
 Combine small grid cells together                  combine=no
 Average number of sides/cell                       avnosides=     4.10
 Minimum number of sides/cell                       mnnosides=       4
 Maximum number of sides/cell                       mxnosides=       6
 Number of angles in quadrature set                 ndir=           24
 Maximum order of Legendre scattering               maxpn=           2
 Number of flux moments                             nmom             6

1         *****************************
          *****************************
          ** Energy Group Structures **
          *****************************
          *****************************

 Energy   Energy      Lethargy   Broad           Energy   Energy      Lethargy   Broad
 Group  Boundaries   Boundaries  Group           Group  Boundaries   Boundaries  Group
  No.      (eV)                   No.             No.      (eV)                   No. 
   1   2.00000E+07 -6.93147E-01    1              120   2.10000E+01  1.30736E+01     
   2   1.73330E+07 -5.50027E-01                   121   2.00000E+01  1.31224E+01     
   3   1.56830E+07 -4.49992E-01                   122   1.90000E+01  1.31737E+01     
   4   1.45500E+07 -3.75006E-01                   123   1.85000E+01  1.32003E+01     
   5   1.38400E+07 -3.24978E-01                   124   1.70000E+01  1.32849E+01     
   6   1.28400E+07 -2.49980E-01                   125   1.60000E+01  1.33455E+01     
   7   1.00000E+07  0.00000E+00                   126   1.50999E+01  1.34034E+01     
   8   8.18730E+06  2.00001E-01                   127   1.44000E+01  1.34509E+01     
   9   6.43400E+06  4.40989E-01                   128   1.37500E+01  1.34971E+01     
  10   4.80000E+06  7.33969E-01                   129   1.29000E+01  1.35609E+01     
  11   4.30400E+06  8.43040E-01                   130   1.19000E+01  1.36416E+01     
  12   3.00000E+06  1.20397E+00                   131   1.15000E+01  1.36757E+01     
  13   2.47900E+06  1.39473E+00                   132   1.00000E+01  1.38155E+01     
  14   2.35400E+06  1.44647E+00                   133   9.09999E+00  1.39098E+01     
  15   1.85000E+06  1.68740E+00                   134   8.09999E+00  1.40262E+01     
  16   1.50000E+06  1.89712E+00                   135   7.15000E+00  1.41510E+01     
  17   1.40000E+06  1.96611E+00                   136   7.00000E+00  1.41722E+01     
  18   1.35600E+06  1.99805E+00                   137   6.75000E+00  1.42086E+01     
  19   1.31700E+06  2.02723E+00                   138   6.50000E+00  1.42463E+01     
  20   1.25000E+06  2.07944E+00                   139   6.25000E+00  1.42855E+01     
  21   1.20000E+06  2.12026E+00                   140   6.00000E+00  1.43263E+01     
  22   1.10000E+06  2.20727E+00                   141   5.40000E+00  1.44317E+01     
  23   1.01000E+06  2.29263E+00                   142   5.00000E+00  1.45087E+01     
  24   9.20000E+05  2.38597E+00                   143   4.75000E+00  1.45600E+01     
  25   9.00000E+05  2.40795E+00                   144   4.00000E+00  1.47318E+01     
  26   8.75000E+05  2.43612E+00                   145   3.73000E+00  1.48017E+01     
  27   8.61100E+05  2.45213E+00                   146   3.50000E+00  1.48653E+01     
  28   8.20000E+05  2.50104E+00                   147   3.15000E+00  1.49707E+01     
  29   7.50000E+05  2.59027E+00                   148   3.04999E+00  1.50030E+01     
  30   6.79000E+05  2.68972E+00                   149   3.00000E+00  1.50195E+01     
  31   6.70000E+05  2.70306E+00                   150   2.96999E+00  1.50295E+01     
  32   6.00000E+05  2.81341E+00                   151   2.87000E+00  1.50638E+01     
  33   5.73000E+05  2.85945E+00                   152   2.77000E+00  1.50992E+01     
  34   5.50000E+05  2.90042E+00                   153   2.66999E+00  1.51360E+01     
  35   4.99520E+05  2.99669E+00                   154   2.57000E+00  1.51742E+01     
  36   4.70000E+05  3.05761E+00                   155   2.46999E+00  1.52139E+01     
  37   4.40000E+05  3.12357E+00                   156   2.37999E+00  1.52510E+01     
  38   4.20000E+05  3.17009E+00                   157   2.29999E+00  1.52852E+01     
  39   4.00000E+05  3.21888E+00                   158   2.20999E+00  1.53251E+01     
  40   3.30000E+05  3.41125E+00                   159   2.12000E+00  1.53667E+01     
  41   2.70000E+05  3.61192E+00                   160   2.00000E+00  1.54249E+01     
  42   2.00000E+05  3.91202E+00                   161   1.94000E+00  1.54554E+01     
  43   1.50000E+05  4.19971E+00                   162   1.86000E+00  1.54975E+01     
  44   1.28300E+05  4.35597E+00                   163   1.77000E+00  1.55471E+01     
  45   1.00000E+05  4.60517E+00                   164   1.67999E+00  1.55993E+01     
  46   8.50000E+04  4.76769E+00                   165   1.58999E+00  1.56544E+01     
  47   8.20000E+04  4.80362E+00                   166   1.50000E+00  1.57126E+01     
  48   7.50000E+04  4.89285E+00                   167   1.45000E+00  1.57465E+01     
  49   7.30000E+04  4.91988E+00                   168   1.40000E+00  1.57816E+01     
  50   6.00000E+04  5.11600E+00                   169   1.34999E+00  1.58180E+01     
  51   5.20000E+04  5.25910E+00                   170   1.29999E+00  1.58557E+01     
  52   5.00000E+04  5.29832E+00                   171   1.25000E+00  1.58950E+01     
  53   4.50000E+04  5.40368E+00                   172   1.22499E+00  1.59152E+01     
  54   3.00000E+04  5.80914E+00                   173   1.20000E+00  1.59358E+01     
  55   2.50000E+04  5.99146E+00                   174   1.17499E+00  1.59568E+01     
  56   1.70000E+04  6.37713E+00                   175   1.15000E+00  1.59783E+01     
  57   1.30000E+04  6.64539E+00                   176   1.13999E+00  1.59871E+01     
  58   9.50000E+03  6.95905E+00                   177   1.12999E+00  1.59959E+01     
  59   8.03000E+03  7.12716E+00                   178   1.12000E+00  1.60048E+01     
  60   6.00000E+03  7.41858E+00                   179   1.11000E+00  1.60137E+01     
  61   3.90000E+03  7.84936E+00                   180   1.09999E+00  1.60228E+01     
  62   3.74000E+03  7.89125E+00                   181   1.08999E+00  1.60319E+01     
  63   3.00000E+03  8.11173E+00                   182   1.08000E+00  1.60411E+01     
  64   2.58000E+03  8.26255E+00                   183   1.07000E+00  1.60504E+01     
  65   2.29000E+03  8.38179E+00                   184   1.05999E+00  1.60598E+01     
  66   2.20000E+03  8.42188E+00                   185   1.04999E+00  1.60693E+01     
  67   1.80000E+03  8.62255E+00                   186   1.04000E+00  1.60789E+01     
  68   1.55000E+03  8.77209E+00                   187   1.03000E+00  1.60885E+01     
  69   1.50000E+03  8.80488E+00                   188   1.02000E+00  1.60983E+01     
  70   1.15000E+03  9.07058E+00                   189   1.00999E+00  1.61082E+01     
  71   9.50000E+02  9.26163E+00                   190   1.00000E+00  1.61181E+01     
  72   6.83000E+02  9.59160E+00                   191   9.75000E-01  1.61434E+01     
  73   6.70000E+02  9.61082E+00                   192   9.50000E-01  1.61694E+01     
  74   5.50000E+02  9.80818E+00                   193   9.25000E-01  1.61961E+01     
  75   3.05000E+02  1.03978E+01                   194   9.00000E-01  1.62235E+01     
  76   2.85000E+02  1.04656E+01                   195   8.50000E-01  1.62806E+01     
  77   2.40000E+02  1.06375E+01                   196   8.00000E-01  1.63412E+01     
  78   2.10000E+02  1.07710E+01                   197   7.50000E-01  1.64058E+01     
  79   2.07500E+02  1.07830E+01                   198   7.00000E-01  1.64748E+01     
  80   1.92500E+02  1.08580E+01                   199   6.50000E-01  1.65489E+01     
  81   1.86000E+02  1.08923E+01                   200   6.25000E-01  1.65881E+01    2
  82   1.22000E+02  1.13141E+01                   201   6.00000E-01  1.66289E+01     
  83   1.19000E+02  1.13390E+01                   202   5.50000E-01  1.67159E+01     
  84   1.15000E+02  1.13732E+01                   203   5.00000E-01  1.68112E+01     
  85   1.08000E+02  1.14360E+01                   204   4.50000E-01  1.69166E+01     
  86   1.00000E+02  1.15129E+01                   205   4.00000E-01  1.70344E+01     
  87   9.00000E+01  1.16183E+01                   206   3.75000E-01  1.70989E+01     
  88   8.20000E+01  1.17114E+01                   207   3.50000E-01  1.71679E+01     
  89   8.00000E+01  1.17361E+01                   208   3.25000E-01  1.72420E+01     
  90   7.60000E+01  1.17874E+01                   209   3.00000E-01  1.73221E+01     
  91   7.20000E+01  1.18414E+01                   210   2.75000E-01  1.74091E+01     
  92   6.75000E+01  1.19060E+01                   211   2.50000E-01  1.75044E+01     
  93   6.50000E+01  1.19437E+01                   212   2.25000E-01  1.76098E+01     
  94   6.10000E+01  1.20072E+01                   213   2.00000E-01  1.77275E+01     
  95   5.90000E+01  1.20406E+01                   214   1.75000E-01  1.78611E+01     
  96   5.34000E+01  1.21403E+01                   215   1.50000E-01  1.80152E+01     
  97   5.20000E+01  1.21669E+01                   216   1.25000E-01  1.81975E+01     
  98   5.06000E+01  1.21941E+01                   217   1.00000E-01  1.84207E+01     
  99   4.92000E+01  1.22222E+01                   218   9.00000E-02  1.85260E+01     
 100   4.83000E+01  1.22407E+01                   219   8.00000E-02  1.86438E+01     
 101   4.70000E+01  1.22679E+01                   220   7.00000E-02  1.87774E+01     
 102   4.52000E+01  1.23070E+01                   221   6.00000E-02  1.89315E+01     
 103   4.40000E+01  1.23339E+01                   222   5.00000E-02  1.91138E+01     
 104   4.24000E+01  1.23709E+01                   223   4.00000E-02  1.93370E+01     
 105   4.10000E+01  1.24045E+01                   224   3.00000E-02  1.96247E+01     
 106   3.96000E+01  1.24393E+01                   225   2.53000E-02  1.97950E+01     
 107   3.91000E+01  1.24520E+01                   226   1.00000E-02  2.07233E+01     
 108   3.80000E+01  1.24805E+01                   227   7.50000E-03  2.10109E+01     
 109   3.70000E+01  1.25072E+01                   228   5.00000E-03  2.14164E+01     
 110   3.55000E+01  1.25486E+01                   229   4.00000E-03  2.16396E+01     
 111   3.46000E+01  1.25742E+01                   230   3.00000E-03  2.19272E+01     
 112   3.37500E+01  1.25991E+01                   231   2.50000E-03  2.21096E+01     
 113   3.32500E+01  1.26140E+01                   232   2.00000E-03  2.23327E+01     
 114   3.17500E+01  1.26602E+01                   233   1.50000E-03  2.26204E+01     
 115   3.12500E+01  1.26761E+01                   234   1.20000E-03  2.28435E+01     
 116   3.00000E+01  1.27169E+01                   235   1.00000E-03  2.30259E+01     
 117   2.75000E+01  1.28039E+01                   236   7.50000E-04  2.33135E+01     
 118   2.50000E+01  1.28992E+01                   237   5.00000E-04  2.37190E+01     
 119   2.25000E+01  1.30046E+01                   238   1.00000E-04  2.53284E+01     
                                                  239   1.00000E-05  2.76310E+01    3

1         ***************************
          ***************************
          ** Quadrature Parameters **
          ***************************
          ***************************

 Quadrature angles and weights for first quadrant:
 (  6 angles/quadrant for S- 6 quadrature.)

 Angle No.    Mu                  Eta                Weight       Angle in x-y   Elevation
                                                                 plane (degrees) (degrees)
    1    2.30091940D-01      2.30091940D-01      4.23616400D-02       45.00        71.01
    2    6.88134320D-01      2.30091940D-01      4.09716925D-02       18.49        43.48
    3    9.45576760D-01      2.30091940D-01      4.23616400D-02       13.68        13.30
    4    2.30091940D-01      6.88134320D-01      4.09716925D-02       71.51        43.48
    5    6.88134320D-01      6.88134320D-01      4.09716925D-02       45.00        13.30
    6    2.30091940D-01      9.45576760D-01      4.23616400D-02       76.32        13.30


1         **********************************
          **********************************
          ** Quadrature Reflection Angles **
          **********************************
          **********************************
                (Angles are in degrees)

       12 primary   (incoming) angles on each side.
       12 reflected (outgoing) angles on each side.

  Side No. (slope)   Direction No. Primary angle (slope/elevation) Reflecting Angle (slope/elevation)

      1  (   0.00)       1             1  (  45.00/  71.01)           19  ( -45.00/  71.01)
                         2             2  (  18.49/  43.48)           20  ( -18.49/  43.48)
                         3             3  (  13.68/  13.30)           21  ( -13.68/  13.30)
                         4             4  (  71.51/  43.48)           22  ( -71.51/  43.48)
                         5             5  (  45.00/  13.30)           23  ( -45.00/  13.30)
                         6             6  (  76.32/  13.30)           24  ( -76.32/  13.30)
                         7             7  ( 135.00/  71.01)           13  (-135.00/  71.01)
                         8             8  ( 161.51/  43.48)           14  (-161.51/  43.48)
                         9             9  ( 166.32/  13.30)           15  (-166.32/  13.30)
                        10            10  ( 108.49/  43.48)           16  (-108.49/  43.48)
                        11            11  ( 135.00/  13.30)           17  (-135.00/  13.30)
                        12            12  ( 103.68/  13.30)           18  (-103.68/  13.30)

      2  ( -90.00)       1             1  (  45.00/  71.01)            7  ( 135.00/  71.01)
                         2             2  (  18.49/  43.48)            8  ( 161.51/  43.48)
                         3             3  (  13.68/  13.30)            9  ( 166.32/  13.30)
                         4             4  (  71.51/  43.48)           10  ( 108.49/  43.48)
                         5             5  (  45.00/  13.30)           11  ( 135.00/  13.30)
                         6             6  (  76.32/  13.30)           12  ( 103.68/  13.30)
                         7            19  ( -45.00/  71.01)           13  (-135.00/  71.01)
                         8            20  ( -18.49/  43.48)           14  (-161.51/  43.48)
                         9            21  ( -13.68/  13.30)           15  (-166.32/  13.30)
                        10            22  ( -71.51/  43.48)           16  (-108.49/  43.48)
                        11            23  ( -45.00/  13.30)           17  (-135.00/  13.30)
                        12            24  ( -76.32/  13.30)           18  (-103.68/  13.30)

      3  (  90.00)       1             7  ( 135.00/  71.01)            1  (  45.00/  71.01)
                         2             8  ( 161.51/  43.48)            2  (  18.49/  43.48)
                         3             9  ( 166.32/  13.30)            3  (  13.68/  13.30)
                         4            10  ( 108.49/  43.48)            4  (  71.51/  43.48)
                         5            11  ( 135.00/  13.30)            5  (  45.00/  13.30)
                         6            12  ( 103.68/  13.30)            6  (  76.32/  13.30)
                         7            13  (-135.00/  71.01)           19  ( -45.00/  71.01)
                         8            14  (-161.51/  43.48)           20  ( -18.49/  43.48)
                         9            15  (-166.32/  13.30)           21  ( -13.68/  13.30)
                        10            16  (-108.49/  43.48)           22  ( -71.51/  43.48)
                        11            17  (-135.00/  13.30)           23  ( -45.00/  13.30)
                        12            18  (-103.68/  13.30)           24  ( -76.32/  13.30)

      4  ( 180.00)       1            13  (-135.00/  71.01)            7  ( 135.00/  71.01)
                         2            14  (-161.51/  43.48)            8  ( 161.51/  43.48)
                         3            15  (-166.32/  13.30)            9  ( 166.32/  13.30)
                         4            16  (-108.49/  43.48)           10  ( 108.49/  43.48)
                         5            17  (-135.00/  13.30)           11  ( 135.00/  13.30)
                         6            18  (-103.68/  13.30)           12  ( 103.68/  13.30)
                         7            19  ( -45.00/  71.01)            1  (  45.00/  71.01)
                         8            20  ( -18.49/  43.48)            2  (  18.49/  43.48)
                         9            21  ( -13.68/  13.30)            3  (  13.68/  13.30)
                        10            22  ( -71.51/  43.48)            4  (  71.51/  43.48)
                        11            23  ( -45.00/  13.30)            5  (  45.00/  13.30)
                        12            24  ( -76.32/  13.30)            6  (  76.32/  13.30)





 Scattering constants for first quadrant
 ( 6 moments for p-2 scattering)
 Angle       ------------------------- Moment No. -------------------------
  No.       0             1             2             3             4             5
    1    1.00000E+00  3.98531E-01 -2.81804E-01 -9.40460E-01 -1.44988E-01 -1.15182E+00
    2    1.00000E+00  1.19188E+00 -2.81804E-01  4.70230E-01 -4.33616E-01 -5.75912E-01
    3    1.00000E+00  1.63779E+00 -2.81804E-01  1.88092E+00 -5.95839E-01  1.47310E-08
    4    1.00000E+00  3.98531E-01 -8.42789E-01 -9.40460E-01 -4.33616E-01 -1.97499E-08
    5    1.00000E+00  1.19188E+00 -8.42789E-01  4.70230E-01 -1.29681E+00  5.75912E-01
    6    1.00000E+00  3.98531E-01 -1.15809E+00 -9.40460E-01 -5.95839E-01  1.15182E+00


1         **************************
          **************************
          **** Mixture Volumes *****
          **************************
          **************************


  Mixture       Volume        Volume
    ID     (cc/unit length)  Fraction
     0       0.00000E+00      0.00000E+00
     2       3.63835E+02      8.69998E-01
     1       5.43671E+01      1.30002E-01
 Total       4.18202E+02      1.00000E+00


  Memory size of attenuation factors(MB)=    121.44



 =====================================================================================
   Outer iteration sweep begins.

 Outer  Eigen-  Eigenvalue Max Flux  Max Flux     Max Fuel  Max Fuel     Inners 
 It. #   value     Delta    Delta   Location(r,g)  Delta   Location(r,g) Cnvrged
 - - - - - - - - - - - - - - - - - - - - - - - - - - - - - - - - - - - - - - - - 
    1 1.00000   0.000E+00 7.921E+03 (  275,238)   1.000E+00 (  188,  0)    F
    2 0.66770   4.977E-01 1.564E+01 (  824,  2)   5.630E-01 (  275,  0)    F
    3 0.73683   9.382E-02 1.385E+01 (   90,  1)   5.665E-02 (  732,  0)    F
    4 0.84067   1.235E-01 1.377E+01 (   90,  1)   6.893E-02 (  732,  0)    F
    5 0.90563   7.173E-02 1.375E+01 (  504,  1)   3.825E-02 (  258,  0)    F
    6 0.94474   4.140E-02 1.374E+01 (  534,  1)   2.148E-02 (  732,  0)    F
    7 0.97423   3.027E-02 1.374E+01 (  934,  1)   1.541E-02 (  258,  0)    F
    8 1.00113   2.687E-02 1.374E+01 (  507,  1)   1.371E-02 (  820,  0)    F
    9 1.02679   2.498E-02 1.374E+01 (  534,  1)   1.279E-02 (  853,  0)    F
   10 1.05085   2.289E-02 1.374E+01 (  507,  1)   1.173E-02 (  820,  0)    F
   11 1.07298   2.063E-02 1.374E+01 (  935,  1)   1.056E-02 (  853,  0)    F
   12 1.09314   1.845E-02 1.374E+01 (   77,  1)   9.438E-03 (  853,  0)    F
   13 1.11146   1.648E-02 1.374E+01 (  477,  1)   8.422E-03 (  853,  0)    F
   14 1.12808   1.473E-02 1.374E+01 (  477,  1)   7.524E-03 (  820,  0)    F
   15 1.14316   1.320E-02 1.374E+01 (  504,  1)   6.733E-03 (  820,  0)    F
   16 1.15685   1.183E-02 1.374E+01 (   76,  1)   6.032E-03 (  989,  0)    F
   17 1.16927   1.062E-02 1.374E+01 (   90,  1)   5.409E-03 (  820,  0)    F
   18 1.18052   9.535E-03 8.648E-03 (  749,224)   4.854E-03 (  949,  0)    F
   19 1.19072   8.567E-03 7.716E-03 (  275,224)   4.358E-03 (  853,  0)    F
   20 1.19996   7.702E-03 6.894E-03 (  258,224)   3.916E-03 (  989,  0)    F
   21 1.20833   6.927E-03 6.166E-03 (  749,224)   3.520E-03 (  853,  0)    F
   22 1.21591   6.233E-03 5.521E-03 (  258,224)   3.166E-03 (  989,  0)    F
   23 1.22277   5.611E-03 4.948E-03 (  749,224)   2.849E-03 (  853,  0)    F
   24 1.22898   5.053E-03 4.438E-03 (  258,224)   2.564E-03 (  820,  0)    F
   25 1.23460   4.551E-03 3.984E-03 (  275,224)   2.309E-03 (  820,  0)    F
   26 1.23969   4.101E-03 3.578E-03 (  258,224)   2.080E-03 (  853,  0)    F
   27 1.24429   3.696E-03 3.216E-03 (  749,224)   1.874E-03 (  832,  0)    F
   28 1.24845   3.332E-03 2.892E-03 (  258,224)   1.689E-03 (  820,  0)    F
   29 1.25221   3.005E-03 2.602E-03 (  275,224)   1.523E-03 (  989,  0)    F
   30 1.25561   2.710E-03 2.342E-03 (  732,224)   1.373E-03 (  797,  0)    F
   31 1.25869   2.444E-03 2.108E-03 (  732,224)   1.238E-03 (  832,  0)    F
   32 1.26147   2.205E-03 1.899E-03 (  258,224)   1.117E-03 (  797,  0)    F
   33 1.26398   1.990E-03 1.711E-03 (  749,224)   1.008E-03 (  949,  0)    F
   34 1.26626   1.796E-03 1.542E-03 (  258,224)   9.094E-04 (  989,  0)    F
   35 1.26831   1.621E-03 1.390E-03 (  275,224)   8.207E-04 (  853,  0)    F
   36 1.27017   1.463E-03 1.253E-03 (  258,224)   7.406E-04 (  957,  0)    F
   37 1.27185   1.320E-03 1.130E-03 (  275,224)   6.686E-04 (  989,  0)    F
   38 1.27337   1.192E-03 1.019E-03 (  732,224)   6.035E-04 (  820,  0)    F
   39 1.27474   1.076E-03 9.195E-04 (  749,224)   5.448E-04 (  853,  0)    F
   40 1.27598   9.718E-04 8.296E-04 (  275,224)   4.919E-04 (  957,  0)    F
   41 1.27709   8.720E-04 7.487E-04 (  749,224)   4.442E-04 (  990,  0)    F
   42 1.27808   7.696E-04 6.757E-04 (  275,224)   4.014E-04 (  832,  0)    F
   43 1.27895   6.790E-04 6.107E-04 (    3,228)   3.643E-04 (  797,  0)    F
   44 1.27972   6.018E-04 5.515E-04 (  749,224)   3.324E-04 (  957,  0)    F
   45 1.28040   5.354E-04 5.000E-04 (    1,231)   3.043E-04 (  820,  0)    F
   46 1.28101   4.781E-04 4.545E-04 (    2,230)   2.796E-04 (  989,  0)    F
   47 1.28156   4.276E-04 4.139E-04 (    3,229)   2.573E-04 (  990,  0)    F
   48 1.28205   3.831E-04 3.741E-04 (  258,224)   2.373E-04 (  989,  0)    F
   49 1.28249   3.436E-04 3.447E-04 (    4,228)   2.192E-04 (  820,  0)    F
   50 1.28289   3.087E-04 3.149E-04 (    2,225)   2.028E-04 (  949,  0)    F
   51 1.28325   2.791E-04 2.850E-04 (    4,224)   1.890E-04 (  832,  0)    F
   52 1.28357   2.542E-04 2.667E-04 (    4,227)   1.773E-04 (  957,  0)    F
   53 1.28387   2.299E-04 2.456E-04 (    3,223)   1.649E-04 (  957,  0)    F
   54 1.28414   2.142E-04 2.282E-04 (    2,226)   1.584E-04 (  990,  0)    F
   55 1.28439   1.912E-04 2.069E-04 (  749,224)   1.447E-04 (  820,  0)    F
   56 1.28462   1.792E-04 1.925E-04 (  732,224)   1.407E-04 (  820,  0)    F
   57 1.28482   1.596E-04 1.855E-04 (    3,223)   1.282E-04 (  949,  0)    F
   58 1.28501   1.476E-04 1.727E-04 (    3,224)   1.234E-04 (  329,  0)    F
   59 1.28519   1.344E-04 1.612E-04 (    1,221)   1.156E-04 (  346,  0)    F
   60 1.28534   1.209E-04 1.498E-04 (    2,220)   1.077E-04 (  329,  0)    F
   61 1.28548   1.087E-04 1.394E-04 (    3,225)   1.010E-04 (  797,  0)    F
   62 1.28561   1.001E-04 1.282E-04 (  242,224)   9.711E-05 (  953,  0)    F
   63 1.28573   9.137E-05 1.210E-04 (  784,224)   9.182E-05 (  797,  0)    F
   64 1.28584   8.609E-05 1.173E-04 (    3,228)   8.658E-05 (  832,  0)    F
 k-eff =       1.28583939                                                                                     



   Four-Factor Estimate of k-infinity.  Fast/Thermal boundary:   0.6250 eV
      Fiss. neutrons/thermal abs. (eta):          1.489804
      Thermal utilization (f):                    0.972213
      Resonance Escape probability (p):           0.700462
      Fast-fission factor (epsilon):              1.268944
                                            --------------
      Infinite neutron multiplication             1.287412

   Six-Factor Estimate of k-effective.
      Fast non-leakage prob. (Pf):                0.848428
      Thermal non-leakage prob. (Pt):             0.933281
                                            --------------
      Effective neutron multiplication:           1.019402


   Alternate 3-Group Formulation Terms. 
   Fast/Res. boundary:   0.8210 MeV.  Res./Therm. boundary:   0.6250eV
      Fiss. neutrons/thermal abs. (eta):          1.489804
      Thermal utilization (f):                    0.972213
      Resonance Escape probability (p):           0.704842
      Fast Escape probability (pf):               0.993786
      Fast-fission factor (epsilon):              1.268944
      Fast non-leakage prob. (Pf):                0.961612
      Resonance non-leakage prob. (Pr):           0.882298
      Thermal non-leakage prob. (Pt):             0.933281




 Critical Spectra Calculated with the B1 Method
 Input buckling of  7.01938E-04 gives a corresponding k-eff of  1.00023E+00
 Equivalent core height is  1.14662E+02 cm.
 However, cross-sections were weighted with the system-average flux spectrum.

  Group   Upper      Critical   Inf.Med.   Critical   Inf.Med.  
   No    Energy(eV)   Flux       Flux      Adj.Flux   Adj.Flux  

     1  2.0000E+07  0.000E+00  0.000E+00  7.696E-04  9.511E-04
     2  1.7333E+07  1.559E-07  1.378E-07  1.186E-03  1.455E-03
     3  1.5683E+07  1.105E-06  9.758E-07  1.583E-03  1.941E-03
     4  1.4550E+07  2.259E-06  1.999E-06  2.306E-03  2.827E-03
     5  1.3840E+07  4.323E-06  3.827E-06  1.511E-03  1.853E-03
     6  1.2840E+07  2.248E-05  2.001E-05  4.441E-04  5.443E-04
     7  1.0000E+07  8.818E-05  7.809E-05  5.515E-04  6.719E-04
     8  8.1873E+06  3.229E-04  2.896E-04  5.030E-04  6.110E-04
     9  6.4340E+06  8.436E-04  7.542E-04  4.321E-04  5.180E-04
    10  4.8000E+06  1.336E-03  1.188E-03  1.190E-03  1.407E-03
    11  4.3040E+06  1.837E-03  1.621E-03  3.681E-04  4.277E-04
    12  3.0000E+06  3.050E-03  2.689E-03  7.009E-04  8.069E-04
    13  2.4790E+06  3.838E-03  3.392E-03  2.590E-03  2.972E-03
    14  2.3540E+06  4.604E-03  4.084E-03  5.598E-04  6.383E-04
    15  1.8500E+06  5.297E-03  4.714E-03  6.507E-04  7.332E-04
    16  1.5000E+06  5.569E-03  4.963E-03  1.994E-03  2.229E-03
    17  1.4000E+06  5.523E-03  4.924E-03  4.318E-03  4.815E-03
    18  1.3560E+06  5.491E-03  4.897E-03  4.732E-03  5.269E-03
    19  1.3170E+06  5.422E-03  4.836E-03  2.650E-03  2.945E-03
    20  1.2500E+06  5.424E-03  4.839E-03  3.396E-03  3.767E-03
    21  1.2000E+06  5.592E-03  4.993E-03  1.597E-03  1.767E-03
    22  1.1000E+06  5.679E-03  5.075E-03  1.633E-03  1.802E-03
    23  1.0100E+06  5.604E-03  5.010E-03  1.498E-03  1.648E-03
    24  9.2000E+05  5.571E-03  4.983E-03  6.375E-03  6.999E-03
    25  9.0000E+05  5.627E-03  5.035E-03  4.978E-03  5.461E-03
    26  8.7500E+05  5.608E-03  5.018E-03  8.763E-03  9.607E-03
    27  8.6110E+05  5.632E-03  5.040E-03  2.872E-03  3.146E-03
    28  8.2000E+05  5.673E-03  5.081E-03  1.577E-03  1.724E-03
    29  7.5000E+05  5.680E-03  5.091E-03  1.419E-03  1.547E-03
    30  6.7900E+05  5.642E-03  5.059E-03  1.059E-02  1.154E-02
    31  6.7000E+05  5.464E-03  4.901E-03  1.283E-03  1.395E-03
    32  6.0000E+05  5.419E-03  4.863E-03  3.081E-03  3.344E-03
    33  5.7300E+05  5.453E-03  4.896E-03  3.465E-03  3.758E-03
    34  5.5000E+05  5.295E-03  4.755E-03  1.477E-03  1.600E-03
    35  4.9952E+05  5.260E-03  4.727E-03  2.338E-03  2.528E-03
    36  4.7000E+05  5.069E-03  4.556E-03  2.161E-03  2.335E-03
    37  4.4000E+05  4.767E-03  4.286E-03  3.068E-03  3.311E-03
    38  4.2000E+05  4.756E-03  4.277E-03  2.928E-03  3.157E-03
    39  4.0000E+05  4.534E-03  4.080E-03  7.436E-04  8.009E-04
    40  3.3000E+05  4.111E-03  3.703E-03  7.146E-04  7.679E-04
    41  2.7000E+05  4.124E-03  3.722E-03  4.790E-04  5.135E-04
    42  2.0000E+05  4.483E-03  4.056E-03  5.012E-04  5.358E-04
    43  1.5000E+05  4.573E-03  4.144E-03  9.256E-04  9.868E-04
    44  1.2830E+05  4.184E-03  3.796E-03  5.818E-04  6.190E-04
    45  1.0000E+05  4.251E-03  3.863E-03  8.943E-04  9.494E-04
    46  8.5000E+04  4.859E-03  4.419E-03  4.048E-03  4.294E-03
    47  8.2000E+04  4.828E-03  4.393E-03  1.631E-03  1.730E-03
    48  7.5000E+04  4.703E-03  4.282E-03  5.389E-03  5.711E-03
    49  7.3000E+04  4.654E-03  4.243E-03  7.437E-04  7.873E-04
    50  6.0000E+04  4.550E-03  4.155E-03  1.022E-03  1.079E-03
    51  5.2000E+04  4.185E-03  3.823E-03  3.733E-03  3.940E-03
    52  5.0000E+04  4.068E-03  3.718E-03  1.390E-03  1.467E-03
    53  4.5000E+04  4.488E-03  4.116E-03  3.620E-04  3.813E-04
    54  3.0000E+04  4.132E-03  3.796E-03  8.089E-04  8.491E-04
    55  2.5000E+04  4.450E-03  4.101E-03  3.834E-04  4.018E-04
    56  1.7000E+04  4.366E-03  4.034E-03  5.542E-04  5.787E-04
    57  1.3000E+04  4.332E-03  4.014E-03  4.758E-04  4.956E-04
    58  9.5000E+03  4.306E-03  3.998E-03  8.912E-04  9.260E-04
    59  8.0300E+03  4.283E-03  3.986E-03  5.157E-04  5.348E-04
    60  6.0000E+03  4.245E-03  3.966E-03  3.505E-04  3.625E-04
    61  3.9000E+03  4.229E-03  3.956E-03  3.624E-03  3.738E-03
    62  3.7400E+03  4.210E-03  3.943E-03  6.897E-04  7.105E-04
    63  3.0000E+03  4.190E-03  3.931E-03  1.012E-03  1.040E-03
    64  2.5800E+03  4.175E-03  3.921E-03  1.283E-03  1.318E-03
    65  2.2900E+03  4.168E-03  3.918E-03  3.819E-03  3.920E-03
    66  2.2000E+03  4.151E-03  3.906E-03  7.647E-04  7.842E-04
    67  1.8000E+03  4.137E-03  3.899E-03  1.030E-03  1.055E-03
    68  1.5500E+03  4.116E-03  3.882E-03  4.704E-03  4.812E-03
    69  1.5000E+03  4.109E-03  3.881E-03  5.823E-04  5.951E-04
    70  1.1500E+03  4.082E-03  3.864E-03  8.135E-04  8.297E-04
    71  9.5000E+02  4.050E-03  3.843E-03  4.733E-04  4.818E-04
    72  6.8300E+02  3.976E-03  3.779E-03  8.157E-03  8.287E-03
    73  6.7000E+02  4.020E-03  3.824E-03  7.970E-04  8.092E-04
    74  5.5000E+02  3.958E-03  3.783E-03  2.683E-04  2.718E-04
    75  3.0500E+02  3.889E-03  3.723E-03  2.364E-03  2.386E-03
    76  2.8500E+02  3.891E-03  3.729E-03  9.370E-04  9.448E-04
    77  2.4000E+02  3.862E-03  3.706E-03  1.214E-03  1.223E-03
    78  2.1000E+02  3.864E-03  3.710E-03  1.363E-02  1.372E-02
    79  2.0750E+02  3.793E-03  3.643E-03  2.154E-03  2.168E-03
    80  1.9250E+02  3.847E-03  3.696E-03  4.746E-03  4.774E-03
    81  1.8600E+02  3.796E-03  3.658E-03  3.889E-04  3.907E-04
    82  1.2200E+02  3.579E-03  3.453E-03  6.440E-03  6.453E-03
    83  1.1900E+02  3.763E-03  3.632E-03  4.886E-03  4.895E-03
    84  1.1500E+02  3.664E-03  3.538E-03  2.626E-03  2.630E-03
    85  1.0800E+02  3.728E-03  3.601E-03  2.182E-03  2.184E-03
    86  1.0000E+02  3.715E-03  3.591E-03  1.593E-03  1.593E-03
    87  9.0000E+01  3.710E-03  3.590E-03  1.805E-03  1.805E-03
    88  8.2000E+01  3.705E-03  3.587E-03  6.810E-03  6.805E-03
    89  8.0000E+01  3.703E-03  3.586E-03  3.286E-03  3.282E-03
    90  7.6000E+01  3.689E-03  3.574E-03  3.125E-03  3.120E-03
    91  7.2000E+01  3.547E-03  3.438E-03  2.553E-03  2.548E-03
    92  6.7500E+01  3.653E-03  3.543E-03  4.519E-03  4.509E-03
    93  6.5000E+01  3.645E-03  3.537E-03  2.692E-03  2.685E-03
    94  6.1000E+01  3.420E-03  3.319E-03  4.918E-03  4.903E-03
    95  5.9000E+01  3.601E-03  3.497E-03  1.727E-03  1.721E-03
    96  5.3400E+01  3.596E-03  3.495E-03  6.481E-03  6.457E-03
    97  5.2000E+01  3.592E-03  3.491E-03  6.310E-03  6.285E-03
    98  5.0600E+01  3.589E-03  3.489E-03  6.140E-03  6.114E-03
    99  4.9200E+01  3.581E-03  3.482E-03  9.339E-03  9.296E-03
   100  4.8300E+01  3.591E-03  3.493E-03  6.316E-03  6.288E-03
   101  4.7000E+01  3.589E-03  3.492E-03  4.413E-03  4.392E-03
   102  4.5200E+01  3.586E-03  3.490E-03  6.406E-03  6.374E-03
   103  4.4000E+01  3.581E-03  3.486E-03  4.655E-03  4.630E-03
   104  4.2400E+01  3.585E-03  3.491E-03  5.134E-03  5.106E-03
   105  4.1000E+01  3.580E-03  3.488E-03  4.965E-03  4.936E-03
   106  3.9600E+01  3.580E-03  3.488E-03  1.358E-02  1.349E-02
   107  3.9100E+01  3.581E-03  3.490E-03  6.042E-03  6.005E-03
   108  3.8000E+01  3.577E-03  3.487E-03  6.472E-03  6.431E-03
   109  3.7000E+01  3.572E-03  3.483E-03  4.175E-03  4.147E-03
   110  3.5500E+01  3.570E-03  3.482E-03  6.735E-03  6.688E-03
   111  3.4600E+01  3.564E-03  3.477E-03  6.951E-03  6.900E-03
   112  3.3750E+01  3.566E-03  3.480E-03  1.157E-02  1.148E-02
   113  3.3250E+01  3.563E-03  3.477E-03  3.736E-03  3.708E-03
   114  3.1750E+01  3.564E-03  3.480E-03  1.085E-02  1.077E-02
   115  3.1250E+01  3.560E-03  3.477E-03  4.217E-03  4.185E-03
   116  3.0000E+01  3.554E-03  3.473E-03  1.984E-03  1.968E-03
   117  2.7500E+01  3.544E-03  3.466E-03  1.828E-03  1.812E-03
   118  2.5000E+01  3.322E-03  3.251E-03  1.612E-03  1.597E-03
   119  2.2500E+01  3.168E-03  3.102E-03  2.481E-03  2.456E-03
   120  2.1000E+01  3.349E-03  3.282E-03  3.720E-03  3.683E-03
   121  2.0000E+01  3.335E-03  3.269E-03  3.543E-03  3.507E-03
   122  1.9000E+01  3.314E-03  3.250E-03  6.823E-03  6.749E-03
   123  1.8500E+01  3.319E-03  3.256E-03  2.148E-03  2.125E-03
   124  1.7000E+01  3.304E-03  3.243E-03  3.002E-03  2.967E-03
   125  1.6000E+01  3.297E-03  3.239E-03  3.141E-03  3.104E-03
   126  1.5100E+01  3.313E-03  3.256E-03  3.825E-03  3.781E-03
   127  1.4400E+01  3.305E-03  3.249E-03  3.934E-03  3.887E-03
   128  1.3750E+01  3.292E-03  3.238E-03  2.850E-03  2.814E-03
   129  1.2900E+01  3.280E-03  3.229E-03  2.255E-03  2.225E-03
   130  1.1900E+01  3.288E-03  3.238E-03  5.309E-03  5.241E-03
   131  1.1500E+01  3.261E-03  3.214E-03  1.301E-03  1.283E-03
   132  1.0000E+01  3.259E-03  3.215E-03  1.923E-03  1.897E-03
   133  9.1000E+00  3.255E-03  3.215E-03  1.557E-03  1.535E-03
   134  8.1000E+00  3.249E-03  3.212E-03  1.454E-03  1.432E-03
   135  7.1500E+00  3.232E-03  3.197E-03  8.561E-03  8.426E-03
   136  7.0000E+00  3.177E-03  3.143E-03  5.016E-03  4.927E-03
   137  6.7500E+00  3.195E-03  3.163E-03  4.820E-03  4.740E-03
   138  6.5000E+00  3.213E-03  3.181E-03  4.624E-03  4.551E-03
   139  6.2500E+00  3.210E-03  3.179E-03  4.441E-03  4.370E-03
   140  6.0000E+00  3.203E-03  3.175E-03  1.720E-03  1.692E-03
   141  5.4000E+00  3.196E-03  3.171E-03  2.354E-03  2.314E-03
   142  5.0000E+00  3.186E-03  3.162E-03  3.534E-03  3.473E-03
   143  4.7500E+00  3.180E-03  3.160E-03  1.054E-03  1.035E-03
   144  4.0000E+00  3.170E-03  3.153E-03  2.591E-03  2.543E-03
   145  3.7300E+00  3.149E-03  3.134E-03  2.848E-03  2.793E-03
   146  3.5000E+00  3.151E-03  3.138E-03  1.719E-03  1.685E-03
   147  3.1500E+00  3.148E-03  3.138E-03  5.610E-03  5.499E-03
   148  3.0500E+00  3.145E-03  3.135E-03  1.095E-02  1.074E-02
   149  3.0000E+00  3.812E-03  3.801E-03  1.801E-02  1.765E-02
   150  2.9700E+00  3.668E-03  3.658E-03  5.286E-03  5.180E-03
   151  2.8700E+00  3.633E-03  3.625E-03  5.104E-03  5.002E-03
   152  2.7700E+00  3.650E-03  3.643E-03  4.923E-03  4.823E-03
   153  2.6700E+00  3.662E-03  3.657E-03  4.743E-03  4.646E-03
   154  2.5700E+00  3.646E-03  3.642E-03  4.560E-03  4.466E-03
   155  2.4700E+00  3.576E-03  3.573E-03  4.876E-03  4.772E-03
   156  2.3800E+00  3.451E-03  3.450E-03  5.299E-03  5.179E-03
   157  2.3000E+00  3.321E-03  3.321E-03  4.550E-03  4.445E-03
   158  2.2100E+00  3.190E-03  3.192E-03  4.368E-03  4.272E-03
   159  2.1200E+00  3.203E-03  3.207E-03  3.114E-03  3.047E-03
   160  2.0000E+00  3.234E-03  3.238E-03  5.960E-03  5.830E-03
   161  1.9400E+00  3.230E-03  3.236E-03  4.317E-03  4.219E-03
   162  1.8600E+00  3.209E-03  3.217E-03  3.670E-03  3.585E-03
   163  1.7700E+00  3.208E-03  3.216E-03  3.475E-03  3.397E-03
   164  1.6800E+00  3.230E-03  3.241E-03  3.273E-03  3.205E-03
   165  1.5900E+00  3.247E-03  3.260E-03  3.080E-03  3.018E-03
   166  1.5000E+00  3.256E-03  3.270E-03  5.279E-03  5.177E-03
   167  1.4500E+00  3.265E-03  3.281E-03  5.091E-03  4.994E-03
   168  1.4000E+00  3.277E-03  3.293E-03  4.904E-03  4.811E-03
   169  1.3500E+00  3.290E-03  3.308E-03  4.719E-03  4.631E-03
   170  1.3000E+00  3.306E-03  3.325E-03  4.535E-03  4.452E-03
   171  1.2500E+00  3.317E-03  3.338E-03  8.791E-03  8.630E-03
   172  1.2250E+00  3.326E-03  3.348E-03  8.615E-03  8.458E-03
   173  1.2000E+00  3.336E-03  3.359E-03  8.426E-03  8.272E-03
   174  1.1750E+00  3.347E-03  3.371E-03  8.252E-03  8.101E-03
   175  1.1500E+00  3.355E-03  3.379E-03  2.028E-02  1.991E-02
   176  1.1400E+00  3.359E-03  3.384E-03  2.012E-02  1.976E-02
   177  1.1300E+00  3.364E-03  3.390E-03  1.996E-02  1.960E-02
   178  1.1200E+00  3.369E-03  3.395E-03  1.976E-02  1.940E-02
   179  1.1100E+00  3.374E-03  3.400E-03  1.956E-02  1.920E-02
   180  1.1000E+00  3.379E-03  3.406E-03  1.940E-02  1.905E-02
   181  1.0900E+00  3.384E-03  3.412E-03  1.924E-02  1.889E-02
   182  1.0800E+00  3.390E-03  3.418E-03  1.904E-02  1.869E-02
   183  1.0700E+00  3.396E-03  3.424E-03  1.884E-02  1.850E-02
   184  1.0600E+00  3.402E-03  3.431E-03  1.868E-02  1.834E-02
   185  1.0500E+00  3.408E-03  3.437E-03  1.852E-02  1.818E-02
   186  1.0400E+00  3.414E-03  3.444E-03  1.832E-02  1.799E-02
   187  1.0300E+00  3.421E-03  3.452E-03  1.814E-02  1.781E-02
   188  1.0200E+00  3.428E-03  3.460E-03  1.795E-02  1.762E-02
   189  1.0100E+00  3.435E-03  3.468E-03  1.780E-02  1.748E-02
   190  1.0000E+00  3.449E-03  3.483E-03  6.989E-03  6.860E-03
   191  9.7500E-01  3.471E-03  3.507E-03  6.810E-03  6.684E-03
   192  9.5000E-01  3.495E-03  3.534E-03  6.632E-03  6.508E-03
   193  9.2500E-01  3.523E-03  3.564E-03  6.454E-03  6.333E-03
   194  9.0000E-01  3.576E-03  3.622E-03  3.093E-03  3.034E-03
   195  8.5000E-01  3.663E-03  3.718E-03  2.915E-03  2.859E-03
   196  8.0000E-01  3.781E-03  3.850E-03  2.738E-03  2.685E-03
   197  7.5000E-01  3.947E-03  4.035E-03  2.561E-03  2.510E-03
   198  7.0000E-01  4.182E-03  4.299E-03  2.384E-03  2.336E-03
   199  6.5000E-01  4.414E-03  4.561E-03  4.504E-03  4.413E-03
   200  6.2500E-01  4.615E-03  4.788E-03  4.328E-03  4.239E-03
   201  6.0000E-01  5.004E-03  5.229E-03  2.031E-03  1.988E-03
   202  5.5000E-01  5.689E-03  6.010E-03  1.854E-03  1.814E-03
   203  5.0000E-01  6.647E-03  7.107E-03  1.677E-03  1.640E-03
   204  4.5000E-01  7.953E-03  8.608E-03  1.500E-03  1.467E-03
   205  4.0000E-01  9.161E-03  1.000E-02  2.738E-03  2.675E-03
   206  3.7500E-01  1.013E-02  1.113E-02  2.561E-03  2.502E-03
   207  3.5000E-01  1.121E-02  1.237E-02  2.385E-03  2.329E-03
   208  3.2500E-01  1.236E-02  1.372E-02  2.208E-03  2.155E-03
   209  3.0000E-01  1.357E-02  1.513E-02  2.031E-03  1.982E-03
   210  2.7500E-01  1.478E-02  1.654E-02  1.854E-03  1.809E-03
   211  2.5000E-01  1.590E-02  1.786E-02  1.677E-03  1.635E-03
   212  2.2500E-01  1.681E-02  1.895E-02  1.501E-03  1.462E-03
   213  2.0000E-01  1.736E-02  1.962E-02  1.324E-03  1.289E-03
   214  1.7500E-01  1.738E-02  1.970E-02  1.147E-03  1.116E-03
   215  1.5000E-01  1.665E-02  1.891E-02  9.698E-04  9.434E-04
   216  1.2500E-01  1.503E-02  1.711E-02  7.929E-04  7.706E-04
   217  1.0000E-01  1.334E-02  1.521E-02  1.680E-03  1.632E-03
   218  9.0000E-02  1.203E-02  1.372E-02  1.503E-03  1.460E-03
   219  8.0000E-02  1.056E-02  1.205E-02  1.327E-03  1.288E-03
   220  7.0000E-02  8.932E-03  1.020E-02  1.150E-03  1.115E-03
   221  6.0000E-02  7.207E-03  8.234E-03  9.726E-04  9.430E-04
   222  5.0000E-02  5.433E-03  6.210E-03  7.951E-04  7.704E-04
   223  4.0000E-02  3.695E-03  4.226E-03  6.171E-04  5.975E-04
   224  3.0000E-02  2.532E-03  2.897E-03  1.043E-03  1.009E-03
   225  2.5300E-02  1.087E-03  1.244E-03  1.915E-04  1.852E-04
   226  1.0000E-02  3.219E-04  3.683E-04  6.187E-04  5.973E-04
   227  7.5000E-03  1.677E-04  1.919E-04  4.391E-04  4.238E-04
   228  5.0000E-03  8.952E-05  1.024E-04  7.980E-04  7.699E-04
   229  4.0000E-03  5.458E-05  6.244E-05  6.191E-04  5.972E-04
   230  3.0000E-03  3.410E-05  3.901E-05  9.769E-04  9.422E-04
   231  2.5000E-03  2.292E-05  2.621E-05  7.982E-04  7.698E-04
   232  2.0000E-03  1.389E-05  1.589E-05  6.192E-04  5.971E-04
   233  1.5000E-03  8.324E-06  9.521E-06  7.982E-04  7.697E-04
   234  1.2000E-03  5.548E-06  6.345E-06  9.769E-04  9.421E-04
   235  1.0000E-03  3.504E-06  4.008E-06  6.191E-04  5.970E-04
   236  7.5000E-04  1.778E-06  2.034E-06  4.393E-04  4.236E-04
   237  5.0000E-04  3.435E-07  3.929E-07  1.106E-04  1.067E-04
   238  1.0000E-04  9.113E-09  1.042E-08  7.732E-05  7.457E-05

 NOTE: Flux values above are per unit-lethargy.




  Collapsing cross-sections to specified  2-group format
 ******************************************************

  Creating library entitled: Cell-weighted cross-sections                                                                        


  Broad Group Parameters

  Group      Upper        Upper         Mid         Mid     Inv. Velocity   Fission
   No.    Energy (eV)   Lethargy    Energy (eV)   Lethargy      (s/cm)      Spectrum
     1    2.0000E+07  -6.9315E-01   0.0000E+00   7.9475E+00   1.0004E-07   1.0000E+00
     2    6.2500E-01   1.6588E+01   0.0000E+00   2.2110E+01   2.1597E-06   0.0000E+00
     3    1.0000E-05   2.7631E+01


  Cell Averaged Fluxes

  Mixture  Group  1      Group  2

     0    0.00000E+00   0.00000E+00
     2    5.76078E-01   3.18660E-01
     1    6.10525E-01   2.84930E-01
  Total   5.80556E-01   3.14275E-01



  Flux Disadvantage Factors (material/total flux)

  Mixture  Group  1      Group  2

     0    0.00000E+00   0.00000E+00
     2    9.92286E-01   1.01395E+00
     1    1.05162E+00   9.06628E-01
  Total   1.00000E+00   1.00000E+00



  ***** Broad group parameters by nuclide *****



  Nuclide ID:      3006 mixture          1 (li6 325 endf/b7 rel1 rev7 mod0                   12/17/09)
  Group         Flux          Total        Absorption      Fission       Transport      Transport         Nu           Chi
   No.                    Cross-section  Cross-section  Cross-section  Cross-section  Cross-section
                                                                        (Outscatter)   (Inscatter)
    1      6.10525E-01    1.97967E+01    1.87182E+01    0.00000E+00    1.10934E+01    1.10922E+01    0.00000E+00    0.00000E+00
    2      2.84930E-01    4.39542E+02    4.38774E+02    0.00000E+00    5.36532E+02    5.36535E+02    0.00000E+00    0.00000E+00

 p0 matrix from working file id #      3006 (li6 325 endf/b7 rel1 rev7 mod0                   12/17/09)

From   to group   1    to group   2
Group
  2    3.82410E-03     7.63758E-01                                                                                                  
  1    1.06816E+00     1.05077E-02                                                                                                  

 p1 matrix from working file id #      3006 (li6 325 endf/b7 rel1 rev7 mod0                   12/17/09)

From   to group   1    to group   2
Group
  2    7.92240E-04     2.31807E-01                                                                                                  
  1    4.62973E-01    -6.15413E-03                                                                                                  

 p2 matrix from working file id #      3006 (li6 325 endf/b7 rel1 rev7 mod0                   12/17/09)

From   to group   1    to group   2
Group
  2   -9.04757E-04     4.57088E-02                                                                                                  
  1    2.86339E-01    -2.41305E-03                                                                                                  

 p3 matrix from working file id #      3006 (li6 325 endf/b7 rel1 rev7 mod0                   12/17/09)

From   to group   1    to group   2
Group
  2   -8.46184E-04     1.42292E-02                                                                                                  
  1    1.37122E-01    -6.16276E-04                                                                                                  

 p4 matrix from working file id #      3006 (li6 325 endf/b7 rel1 rev7 mod0                   12/17/09)

From   to group   1    to group   2
Group
  1    6.29776E-02                                                                                                                  

 p5 matrix from working file id #      3006 (li6 325 endf/b7 rel1 rev7 mod0                   12/17/09)

From   to group   1    to group   2
Group
  1    3.83040E-02                                                                                                                  


  Nuclide ID:      3007 mixture          1 (li7 328 endf/b7 rel0 rev7 mod0                   12/17/09)
  Group         Flux          Total        Absorption      Fission       Transport      Transport         Nu           Chi
   No.                    Cross-section  Cross-section  Cross-section  Cross-section  Cross-section
                                                                        (Outscatter)   (Inscatter)
    1      6.10525E-01    1.26174E+00    9.01438E-04    0.00000E+00    1.27039E+00    1.26906E+00    0.00000E+00    0.00000E+00
    2      2.84930E-01    1.05096E+00    2.10621E-02    0.00000E+00    9.95776E-01    9.98610E-01    0.00000E+00    0.00000E+00

 p0 matrix from working file id #      3007 (li7 328 endf/b7 rel0 rev7 mod0                   12/17/09)

From   to group   1    to group   2
Group
  2    5.19361E-03     1.02471E+00                                                                                                  
  1    1.24809E+00     1.27576E-02                                                                                                  

 p1 matrix from working file id #      3007 (li7 328 endf/b7 rel0 rev7 mod0                   12/17/09)

From   to group   1    to group   2
Group
  2    6.31028E-04     2.70749E-01                                                                                                  
  1    3.82551E-01    -7.83341E-03                                                                                                  

 p2 matrix from working file id #      3007 (li7 328 endf/b7 rel0 rev7 mod0                   12/17/09)

From   to group   1    to group   2
Group
  2   -1.29862E-03     4.78057E-02                                                                                                  
  1    2.10088E-01    -2.64377E-03                                                                                                  

 p3 matrix from working file id #      3007 (li7 328 endf/b7 rel0 rev7 mod0                   12/17/09)

From   to group   1    to group   2
Group
  2   -1.07056E-03     1.43637E-02                                                                                                  
  1    8.30984E-02    -6.86785E-04                                                                                                  

 p4 matrix from working file id #      3007 (li7 328 endf/b7 rel0 rev7 mod0                   12/17/09)

From   to group   1    to group   2
Group
  1    4.26022E-02                                                                                                                  

 p5 matrix from working file id #      3007 (li7 328 endf/b7 rel0 rev7 mod0                   12/17/09)

From   to group   1    to group   2
Group
  1    1.71294E-02                                                                                                                  


  Nuclide ID:      4009 mixture          1 (be9 425 endf/b7 rel8 rev7 mod2                   12/17/09)
  Group         Flux          Total        Absorption      Fission       Transport      Transport         Nu           Chi
   No.                    Cross-section  Cross-section  Cross-section  Cross-section  Cross-section
                                                                        (Outscatter)   (Inscatter)
    1      6.10525E-01    5.27040E+00    6.17914E-03    0.00000E+00    3.45824E+00    3.45177E+00    0.00000E+00    0.00000E+00
    2      2.84930E-01    6.41892E+00    4.00232E-03    0.00000E+00    6.12803E+00    6.14182E+00    0.00000E+00    0.00000E+00

 p0 matrix from working file id #      4009 (be9 425 endf/b7 rel8 rev7 mod2                   12/17/09)

From   to group   1    to group   2
Group
  2    3.22744E-02     6.38264E+00                                                                                                  
  1    5.21365E+00     6.63243E-02                                                                                                  

 p1 matrix from working file id #      4009 (be9 425 endf/b7 rel8 rev7 mod2                   12/17/09)

From   to group   1    to group   2
Group
  2    1.07275E-05     1.34104E+00                                                                                                  
  1    1.52115E+00    -4.28690E-02                                                                                                  

 p2 matrix from working file id #      4009 (be9 425 endf/b7 rel8 rev7 mod2                   12/17/09)

From   to group   1    to group   2
Group
  2   -8.36375E-03     1.97986E-01                                                                                                  
  1    3.83841E-01    -1.18702E-02                                                                                                  

 p3 matrix from working file id #      4009 (be9 425 endf/b7 rel8 rev7 mod2                   12/17/09)

From   to group   1    to group   2
Group
  2   -5.90376E-03     5.66403E-02                                                                                                  
  1    1.49878E-01    -3.29918E-03                                                                                                  

 p4 matrix from working file id #      4009 (be9 425 endf/b7 rel8 rev7 mod2                   12/17/09)

From   to group   1    to group   2
Group
  1    6.34562E-02                                                                                                                  

 p5 matrix from working file id #      4009 (be9 425 endf/b7 rel8 rev7 mod2                   12/17/09)

From   to group   1    to group   2
Group
  1    1.79102E-02                                                                                                                  


  Nuclide ID:      9019 mixture          1 (f19 925 endf/b7 rel8 rev7 mod1                   12/17/09)
  Group         Flux          Total        Absorption      Fission       Transport      Transport         Nu           Chi
   No.                    Cross-section  Cross-section  Cross-section  Cross-section  Cross-section
                                                                        (Outscatter)   (Inscatter)
    1      6.10525E-01    4.18614E+00    2.68036E-03    0.00000E+00    3.59529E+00    3.59341E+00    0.00000E+00    0.00000E+00
    2      2.84930E-01    3.73083E+00    4.44435E-03    0.00000E+00    3.64917E+00    3.65320E+00    0.00000E+00    0.00000E+00

 p0 matrix from working file id #      9019 (f19 925 endf/b7 rel8 rev7 mod1                   12/17/09)

From   to group   1    to group   2
Group
  2    1.73369E-02     3.70905E+00                                                                                                  
  1    4.16049E+00     2.29598E-02                                                                                                  

 p1 matrix from working file id #      9019 (f19 925 endf/b7 rel8 rev7 mod1                   12/17/09)

From   to group   1    to group   2
Group
  2   -4.32000E-03     3.87362E-01                                                                                                  
  1    8.46040E-01    -1.58146E-02                                                                                                  

 p2 matrix from working file id #      9019 (f19 925 endf/b7 rel8 rev7 mod1                   12/17/09)

From   to group   1    to group   2
Group
  2   -4.21158E-03     3.40834E-02                                                                                                  
  1    3.86328E-01    -3.06986E-03                                                                                                  

 p3 matrix from working file id #      9019 (f19 925 endf/b7 rel8 rev7 mod1                   12/17/09)

From   to group   1    to group   2
Group
  2   -2.30344E-03     9.12089E-03                                                                                                  
  1    1.15786E-01    -1.09413E-03                                                                                                  

 p4 matrix from working file id #      9019 (f19 925 endf/b7 rel8 rev7 mod1                   12/17/09)

From   to group   1    to group   2
Group
  1    8.33566E-02     9.40703E-13                                                                                                  

 p5 matrix from working file id #      9019 (f19 925 endf/b7 rel8 rev7 mod1                   12/17/09)

From   to group   1    to group   2
Group
  1    2.86882E-02                                                                                                                  


  Nuclide ID:     90232 mixture          1 (th232 9040 endf/b7 rel0 rev7 mod0                12/17/09)
  Group         Flux          Total        Absorption      Fission       Transport      Transport         Nu           Chi
   No.                    Cross-section  Cross-section  Cross-section  Cross-section  Cross-section
                                                                        (Outscatter)   (Inscatter)
    1      6.10525E-01    1.37226E+01    1.38638E+00    1.21666E-02    1.04964E+01    1.04958E+01    2.38539E+00    1.00000E+00
    2      2.84930E-01    1.62213E+01    3.23729E+00    0.00000E+00    1.69624E+01    1.69636E+01    0.00000E+00    4.70890E-10

 p0 matrix from working file id #     90232 (th232 9040 endf/b7 rel0 rev7 mod0                12/17/09)

From   to group   1    to group   2
Group
  2    2.62506E-02     1.29578E+01                                                                                                  
  1    1.23219E+01     1.64405E-02                                                                                                  

 p1 matrix from working file id #     90232 (th232 9040 endf/b7 rel0 rev7 mod0                12/17/09)

From   to group   1    to group   2
Group
  2   -1.41607E-02     1.27216E-01                                                                                                  
  1    2.64885E+00    -1.08653E-02                                                                                                  

 p2 matrix from working file id #     90232 (th232 9040 endf/b7 rel0 rev7 mod0                12/17/09)

From   to group   1    to group   2
Group
  2   -4.53832E-03     4.39489E-03                                                                                                  
  1    1.83907E+00    -2.11441E-03                                                                                                  

 p3 matrix from working file id #     90232 (th232 9040 endf/b7 rel0 rev7 mod0                12/17/09)

From   to group   1    to group   2
Group
  2   -2.16020E-03     2.74531E-03                                                                                                  
  1    1.66048E+00    -1.00042E-03                                                                                                  

 p4 matrix from working file id #     90232 (th232 9040 endf/b7 rel0 rev7 mod0                12/17/09)

From   to group   1    to group   2
Group
  1    1.37282E+00                                                                                                                  

 p5 matrix from working file id #     90232 (th232 9040 endf/b7 rel0 rev7 mod0                12/17/09)

From   to group   1    to group   2
Group
  1    7.79760E-01                                                                                                                  


  Nuclide ID:     92233 mixture          1 (u233 9222 endf/b7 rel0 rev7 mod1                 12/17/09)
  Group         Flux          Total        Absorption      Fission       Transport      Transport         Nu           Chi
   No.                    Cross-section  Cross-section  Cross-section  Cross-section  Cross-section
                                                                        (Outscatter)   (Inscatter)
    1      6.10525E-01    5.14998E+01    4.15179E+01    3.50917E+01    3.89027E+01    3.89022E+01    2.50053E+00    1.00000E+00
    2      2.84930E-01    2.85426E+02    2.73417E+02    2.48228E+02    3.39283E+02    3.39284E+02    2.49680E+00    8.92071E-14

 p0 matrix from working file id #     92233 (u233 9222 endf/b7 rel0 rev7 mod1                 12/17/09)

From   to group   1    to group   2
Group
  2    2.36363E-02     1.19852E+01                                                                                                  
  1    9.96753E+00     1.47298E-02                                                                                                  

 p1 matrix from working file id #     92233 (u233 9222 endf/b7 rel0 rev7 mod1                 12/17/09)

From   to group   1    to group   2
Group
  2   -1.27683E-02     1.16885E-01                                                                                                  
  1    2.44653E+00    -9.72312E-03                                                                                                  

 p2 matrix from working file id #     92233 (u233 9222 endf/b7 rel0 rev7 mod1                 12/17/09)

From   to group   1    to group   2
Group
  2   -4.08087E-03     4.02822E-03                                                                                                  
  1    1.87347E+00    -1.90012E-03                                                                                                  

 p3 matrix from working file id #     92233 (u233 9222 endf/b7 rel0 rev7 mod1                 12/17/09)

From   to group   1    to group   2
Group
  2   -1.94160E-03     2.31957E-03                                                                                                  
  1    1.70847E+00    -8.99072E-04                                                                                                  

 p4 matrix from working file id #     92233 (u233 9222 endf/b7 rel0 rev7 mod1                 12/17/09)

From   to group   1    to group   2
Group
  1    1.40973E+00     5.63711E-16                                                                                                  

 p5 matrix from working file id #     92233 (u233 9222 endf/b7 rel0 rev7 mod1                 12/17/09)

From   to group   1    to group   2
Group
  1    8.26985E-01    -1.72433E-15                                                                                                  


  Nuclide ID:      6000 mixture          2 (c 600 endf/b7 rel6 rev7 mod0                     12/17/09)
  Group         Flux          Total        Absorption      Fission       Transport      Transport         Nu           Chi
   No.                    Cross-section  Cross-section  Cross-section  Cross-section  Cross-section
                                                                        (Outscatter)   (Inscatter)
    1      5.76078E-01    4.27272E+00    1.52490E-04    0.00000E+00    2.96808E+00    2.96365E+00    0.00000E+00    0.00000E+00
    2      3.18660E-01    4.92231E+00    1.61085E-03    0.00000E+00    4.72745E+00    4.73642E+00    0.00000E+00    0.00000E+00

 p0 matrix from working file id #      6000 (c 600 endf/b7 rel6 rev7 mod0                     12/17/09)

From   to group   1    to group   2
Group
  2    2.29620E-02     4.89773E+00                                                                                                  
  1    4.22606E+00     4.65015E-02                                                                                                  

 p1 matrix from working file id #      6000 (c 600 endf/b7 rel6 rev7 mod0                     12/17/09)

From   to group   1    to group   2
Group
  2   -2.62994E-03     7.84693E-01                                                                                                  
  1    8.56185E-01    -3.12618E-02                                                                                                  

 p2 matrix from working file id #      6000 (c 600 endf/b7 rel6 rev7 mod0                     12/17/09)

From   to group   1    to group   2
Group
  2   -5.90647E-03     9.74973E-02                                                                                                  
  1    1.46618E-01    -7.17077E-03                                                                                                  

 p3 matrix from working file id #      6000 (c 600 endf/b7 rel6 rev7 mod0                     12/17/09)

From   to group   1    to group   2
Group
  2   -3.67131E-03     2.81475E-02                                                                                                  
  1    3.38865E-02    -2.21590E-03                                                                                                  

 p4 matrix from working file id #      6000 (c 600 endf/b7 rel6 rev7 mod0                     12/17/09)

From   to group   1    to group   2
Group
  1    1.03017E-02                                                                                                                  

 p5 matrix from working file id #      6000 (c 600 endf/b7 rel6 rev7 mod0                     12/17/09)

From   to group   1    to group   2
Group
  1    2.23503E-03                                                                                                                  


  Zone data

      Zone   Mix    Relative     Relative         Zone
       No.   No.      Flux     Fission Power     Volume
     -----------------------------------------------------------------
         1     2   1.99872E-01   0.00000E+00   3.63835E+02
         2     1   2.00032E-01   2.50000E-01   1.35918E+01
         3     1   2.00032E-01   2.50000E-01   1.35918E+01
         4     1   2.00032E-01   2.50000E-01   1.35918E+01
         5     1   2.00032E-01   2.50000E-01   1.35918E+01



module xsproc is finished. completion code 0.
Sequence T-Newt is finished. completion code 0.

    SCALE is finished on Fri Jan  6 10:08:51 2017.
-------------------------- Summary --------------------------
t-newt finished. used 166.75 seconds.
SCALE driver required a maximum of 776.5 MiB of RAM.
------------------------ End Summary ------------------------

